<?xml version="1.0" encoding="UTF-8"?>
<robot generator="Robot 5.0.1 (Python 3.9.13 on win32)" generated="20221006 16:19:28.117" rpa="false" schemaversion="3">
<suite id="s1" name="regFcs" source="C:\Users\Hitss\Desktop\reg\reg\testCases\regFcs.robot">
<kw name="-CONFIGURAR TESTCASE-" library="test_keywords" type="SETUP">
<kw name="-CONFIGURAR DIRECTORIO SCREENSHOTS-" library="test_keywords">
<kw name="Set Screenshot Directory" library="Selenium2Library">
<arg>${screenshots-folder}</arg>
<doc>Sets the directory for captured screenshots.</doc>
<status status="PASS" starttime="20221006 16:19:28.366" endtime="20221006 16:19:28.367"/>
</kw>
<status status="PASS" starttime="20221006 16:19:28.366" endtime="20221006 16:19:28.367"/>
</kw>
<status status="PASS" starttime="20221006 16:19:28.366" endtime="20221006 16:19:28.367"/>
</kw>
<test id="s1-t1" name="-Registro FCS Andres-" line="9">
<kw name="-Abrir URL-" library="test_keywords">
<arg>${url_fcs_main}</arg>
<arg>${browser}</arg>
<kw name="Open Browser" library="Selenium2Library">
<arg>${url_togo}</arg>
<arg>${naveg}</arg>
<doc>Opens a new browser instance to the optional ``url``.</doc>
<msg timestamp="20221006 16:19:28.369" level="INFO">Opening browser 'Chrome' to base url 'https://www.fcs-monitoreo.com'.</msg>
<status status="PASS" starttime="20221006 16:19:28.368" endtime="20221006 16:19:35.306"/>
</kw>
<kw name="Set Window Size" library="Selenium2Library">
<arg>1200</arg>
<arg>1200</arg>
<doc>Sets current windows size to given ``width`` and ``height``.</doc>
<status status="PASS" starttime="20221006 16:19:35.306" endtime="20221006 16:19:35.434"/>
</kw>
<status status="PASS" starttime="20221006 16:19:28.368" endtime="20221006 16:19:35.434"/>
</kw>
<kw name="-VALIDAR ELEMENTOS-" library="test_keywords">
<arg>${clave_ini}</arg>
<for flavor="IN">
<var>${element}</var>
<value>@{a1}</value>
<iter>
<var name="${element}">boton_ingresar</var>
<kw name="Scroll Element Into View" library="Selenium2Library">
<arg>${a1['${element}']}</arg>
<doc>Scrolls the element identified by ``locator`` into view.</doc>
<status status="PASS" starttime="20221006 16:19:35.436" endtime="20221006 16:19:35.729"/>
</kw>
<kw name="Run Keyword And Continue On Failure" library="BuiltIn">
<arg>Wait Until Element is Visible</arg>
<arg>${a1['${element}']}</arg>
<doc>Runs the keyword and continues execution even if a failure occurs.</doc>
<kw name="Wait Until Element Is Visible" library="Selenium2Library">
<arg>${a1['${element}']}</arg>
<doc>Waits until the element ``locator`` is visible.</doc>
<status status="PASS" starttime="20221006 16:19:35.730" endtime="20221006 16:19:35.760"/>
</kw>
<status status="PASS" starttime="20221006 16:19:35.729" endtime="20221006 16:19:35.760"/>
</kw>
<kw name="Run Keyword And Continue On Failure" library="BuiltIn">
<arg>capture element screenshot</arg>
<arg>${a1['${element}']}</arg>
<doc>Runs the keyword and continues execution even if a failure occurs.</doc>
<kw name="Capture Element Screenshot" library="Selenium2Library">
<arg>${a1['${element}']}</arg>
<doc>Captures a screenshot from the element identified by ``locator`` and embeds it into log file.</doc>
<msg timestamp="20221006 16:19:35.879" level="INFO" html="true">&lt;/td&gt;&lt;/tr&gt;&lt;tr&gt;&lt;td colspan="3"&gt;&lt;a href="../resources/resultados/selenium-element-screenshot-17.png"&gt;&lt;img src="../resources/resultados/selenium-element-screenshot-17.png" width="400px"&gt;&lt;/a&gt;</msg>
<status status="PASS" starttime="20221006 16:19:35.761" endtime="20221006 16:19:35.879"/>
</kw>
<status status="PASS" starttime="20221006 16:19:35.761" endtime="20221006 16:19:35.879"/>
</kw>
<status status="PASS" starttime="20221006 16:19:35.436" endtime="20221006 16:19:35.879"/>
</iter>
<status status="PASS" starttime="20221006 16:19:35.435" endtime="20221006 16:19:35.879"/>
</for>
<status status="PASS" starttime="20221006 16:19:35.435" endtime="20221006 16:19:35.879"/>
</kw>
<kw name="-CLICK ELEMENTO-" library="test_keywords">
<arg>${clave_ini['boton_ingresar']}</arg>
<kw name="Click Element" library="Selenium2Library">
<arg>${elemento}</arg>
<doc>Click the element identified by ``locator``.</doc>
<msg timestamp="20221006 16:19:35.882" level="INFO">Clicking element 'xpath=//div[@class="btn primario"]'.</msg>
<status status="PASS" starttime="20221006 16:19:35.881" endtime="20221006 16:19:37.342"/>
</kw>
<status status="PASS" starttime="20221006 16:19:35.880" endtime="20221006 16:19:37.342"/>
</kw>
<kw name="-VALIDAR ELEMENTOS-" library="test_keywords">
<arg>${elementos_log}</arg>
<for flavor="IN">
<var>${element}</var>
<value>@{a1}</value>
<iter>
<var name="${element}">input_correo</var>
<kw name="Scroll Element Into View" library="Selenium2Library">
<arg>${a1['${element}']}</arg>
<doc>Scrolls the element identified by ``locator`` into view.</doc>
<status status="PASS" starttime="20221006 16:19:37.346" endtime="20221006 16:19:37.693"/>
</kw>
<kw name="Run Keyword And Continue On Failure" library="BuiltIn">
<arg>Wait Until Element is Visible</arg>
<arg>${a1['${element}']}</arg>
<doc>Runs the keyword and continues execution even if a failure occurs.</doc>
<kw name="Wait Until Element Is Visible" library="Selenium2Library">
<arg>${a1['${element}']}</arg>
<doc>Waits until the element ``locator`` is visible.</doc>
<status status="PASS" starttime="20221006 16:19:37.694" endtime="20221006 16:19:37.719"/>
</kw>
<status status="PASS" starttime="20221006 16:19:37.693" endtime="20221006 16:19:37.719"/>
</kw>
<kw name="Run Keyword And Continue On Failure" library="BuiltIn">
<arg>capture element screenshot</arg>
<arg>${a1['${element}']}</arg>
<doc>Runs the keyword and continues execution even if a failure occurs.</doc>
<kw name="Capture Element Screenshot" library="Selenium2Library">
<arg>${a1['${element}']}</arg>
<doc>Captures a screenshot from the element identified by ``locator`` and embeds it into log file.</doc>
<msg timestamp="20221006 16:19:37.874" level="INFO" html="true">&lt;/td&gt;&lt;/tr&gt;&lt;tr&gt;&lt;td colspan="3"&gt;&lt;a href="../resources/resultados/selenium-element-screenshot-18.png"&gt;&lt;img src="../resources/resultados/selenium-element-screenshot-18.png" width="400px"&gt;&lt;/a&gt;</msg>
<status status="PASS" starttime="20221006 16:19:37.720" endtime="20221006 16:19:37.874"/>
</kw>
<status status="PASS" starttime="20221006 16:19:37.720" endtime="20221006 16:19:37.874"/>
</kw>
<status status="PASS" starttime="20221006 16:19:37.346" endtime="20221006 16:19:37.874"/>
</iter>
<iter>
<var name="${element}">input_password</var>
<kw name="Scroll Element Into View" library="Selenium2Library">
<arg>${a1['${element}']}</arg>
<doc>Scrolls the element identified by ``locator`` into view.</doc>
<status status="PASS" starttime="20221006 16:19:37.874" endtime="20221006 16:19:38.188"/>
</kw>
<kw name="Run Keyword And Continue On Failure" library="BuiltIn">
<arg>Wait Until Element is Visible</arg>
<arg>${a1['${element}']}</arg>
<doc>Runs the keyword and continues execution even if a failure occurs.</doc>
<kw name="Wait Until Element Is Visible" library="Selenium2Library">
<arg>${a1['${element}']}</arg>
<doc>Waits until the element ``locator`` is visible.</doc>
<status status="PASS" starttime="20221006 16:19:38.189" endtime="20221006 16:19:38.212"/>
</kw>
<status status="PASS" starttime="20221006 16:19:38.188" endtime="20221006 16:19:38.212"/>
</kw>
<kw name="Run Keyword And Continue On Failure" library="BuiltIn">
<arg>capture element screenshot</arg>
<arg>${a1['${element}']}</arg>
<doc>Runs the keyword and continues execution even if a failure occurs.</doc>
<kw name="Capture Element Screenshot" library="Selenium2Library">
<arg>${a1['${element}']}</arg>
<doc>Captures a screenshot from the element identified by ``locator`` and embeds it into log file.</doc>
<msg timestamp="20221006 16:19:38.310" level="INFO" html="true">&lt;/td&gt;&lt;/tr&gt;&lt;tr&gt;&lt;td colspan="3"&gt;&lt;a href="../resources/resultados/selenium-element-screenshot-19.png"&gt;&lt;img src="../resources/resultados/selenium-element-screenshot-19.png" width="400px"&gt;&lt;/a&gt;</msg>
<status status="PASS" starttime="20221006 16:19:38.212" endtime="20221006 16:19:38.310"/>
</kw>
<status status="PASS" starttime="20221006 16:19:38.212" endtime="20221006 16:19:38.310"/>
</kw>
<status status="PASS" starttime="20221006 16:19:37.874" endtime="20221006 16:19:38.310"/>
</iter>
<iter>
<var name="${element}">boton_ingresar</var>
<kw name="Scroll Element Into View" library="Selenium2Library">
<arg>${a1['${element}']}</arg>
<doc>Scrolls the element identified by ``locator`` into view.</doc>
<errors>
<msg timestamp="20221006 16:19:40.628" level="ERROR">Execution stopped by user.</msg>
</errors>
</robot>
