<?xml version="1.0" encoding="UTF-8"?>
<robot generator="Robot 5.0.1 (Python 3.10.4 on win32)" generated="20221006 15:09:29.219" rpa="false" schemaversion="3">
<suite id="s1" name="regFcs" source="C:\Users\Jasso\Desktop\FCS\testcases\regFcs.robot">
<test id="s1-t1" name="-Registro FCS Andres-" line="8">
<kw name="-CONFIGURAR TESTCASE-" library="test_keywords" type="SETUP">
<kw name="-CONFIGURAR DIRECTORIO SCREENSHOTS-" library="test_keywords">
<kw name="Set Screenshot Directory" library="Selenium2Library">
<arg>${screenshots-folder}</arg>
<doc>Sets the directory for captured screenshots.</doc>
<status status="PASS" starttime="20221006 15:09:29.387" endtime="20221006 15:09:29.387"/>
</kw>
<status status="PASS" starttime="20221006 15:09:29.387" endtime="20221006 15:09:29.387"/>
</kw>
<status status="PASS" starttime="20221006 15:09:29.387" endtime="20221006 15:09:29.387"/>
</kw>
<kw name="-Abrir URL-" library="test_keywords">
<arg>${url_fcs_main}</arg>
<arg>${browser}</arg>
<kw name="Open Browser" library="Selenium2Library">
<arg>${url_togo}</arg>
<arg>${naveg}</arg>
<doc>Opens a new browser instance to the optional ``url``.</doc>
<msg timestamp="20221006 15:09:29.387" level="INFO">Opening browser 'Edge' to base url 'https://www.fcs-monitoreo.com'.</msg>
<status status="PASS" starttime="20221006 15:09:29.387" endtime="20221006 15:09:31.841"/>
</kw>
<kw name="Set Window Size" library="Selenium2Library">
<arg>1200 1200</arg>
<doc>Sets current windows size to given ``width`` and ``height``.</doc>
<msg timestamp="20221006 15:09:31.841" level="FAIL">Keyword 'Selenium2Library.Set Window Size' expected 2 to 3 arguments, got 1.</msg>
<status status="FAIL" starttime="20221006 15:09:31.841" endtime="20221006 15:09:31.841"/>
</kw>
<status status="FAIL" starttime="20221006 15:09:29.387" endtime="20221006 15:09:31.841"/>
</kw>
<kw name="-VALIDAR ELEMENTOS-" library="test_keywords">
<arg>${clave_ini}</arg>
<status status="NOT RUN" starttime="20221006 15:09:31.842" endtime="20221006 15:09:31.842"/>
</kw>
<kw name="-CLICK ELEMENTO-" library="test_keywords">
<arg>${clave_ini['boton_ingresar']}</arg>
<status status="NOT RUN" starttime="20221006 15:09:31.842" endtime="20221006 15:09:31.842"/>
</kw>
<kw name="-VALIDAR ELEMENTOS-" library="test_keywords">
<arg>${elementos_log}</arg>
<status status="NOT RUN" starttime="20221006 15:09:31.843" endtime="20221006 15:09:31.843"/>
</kw>
<kw name="- Ingresar Texto -" library="test_keywords">
<arg>${elementos_log['input_correo']}</arg>
<arg>${usuario_an}</arg>
<status status="NOT RUN" starttime="20221006 15:09:31.843" endtime="20221006 15:09:31.843"/>
</kw>
<kw name="- Ingresar Texto -" library="test_keywords">
<arg>${elementos_log['input_password']}</arg>
<arg>${pass_an}</arg>
<status status="NOT RUN" starttime="20221006 15:09:31.843" endtime="20221006 15:09:31.843"/>
</kw>
<kw name="-CLICK ELEMENTO-" library="test_keywords">
<arg>${elementos_log['boton_ingresar']}</arg>
<status status="NOT RUN" starttime="20221006 15:09:31.844" endtime="20221006 15:09:31.844"/>
</kw>
<kw name="-VALIDAR ELEMENTOS-" library="test_keywords">
<arg>${Home}</arg>
<status status="NOT RUN" starttime="20221006 15:09:31.844" endtime="20221006 15:09:31.844"/>
</kw>
<kw name="-CLICK ELEMENTO-" library="test_keywords">
<arg>${Home['boton_RM']}</arg>
<status status="NOT RUN" starttime="20221006 15:09:31.845" endtime="20221006 15:09:31.845"/>
</kw>
<kw name="-VALIDAR ELEMENTOS-" library="test_keywords">
<arg>${Sntms}</arg>
<status status="NOT RUN" starttime="20221006 15:09:31.845" endtime="20221006 15:09:31.845"/>
</kw>
<kw name="- Ingresar Texto -" library="test_keywords">
<arg>${Sntms['input_oxim']}</arg>
<arg>${oxim}</arg>
<status status="NOT RUN" starttime="20221006 15:09:31.845" endtime="20221006 15:09:31.845"/>
</kw>
<kw name="-CLICK ELEMENTO-" library="test_keywords">
<arg>${Sntms['boton_Continue']}</arg>
<status status="NOT RUN" starttime="20221006 15:09:31.845" endtime="20221006 15:09:31.845"/>
</kw>
<kw name="-VALIDAR ELEMENTOS-" library="test_keywords">
<arg>${EndPage}</arg>
<status status="NOT RUN" starttime="20221006 15:09:31.845" endtime="20221006 15:09:31.845"/>
</kw>
<kw name="Select From List By Index" library="Selenium2Library">
<arg>whyIsolation</arg>
<arg>3</arg>
<doc>Selects options from selection list ``locator`` by ``indexes``.</doc>
<status status="NOT RUN" starttime="20221006 15:09:31.846" endtime="20221006 15:09:31.846"/>
</kw>
<kw name="Sleep" library="BuiltIn">
<arg>4s</arg>
<doc>Pauses the test executed for the given time.</doc>
<status status="NOT RUN" starttime="20221006 15:09:31.846" endtime="20221006 15:09:31.846"/>
</kw>
<kw name="-TERMINAR CONFIGURACIÓN TESTCASE-" library="test_keywords" type="TEARDOWN">
<kw name="Close All Browsers" library="Selenium2Library">
<doc>Closes all open browsers and resets the browser cache.</doc>
<status status="PASS" starttime="20221006 15:09:31.847" endtime="20221006 15:09:34.007"/>
</kw>
<status status="PASS" starttime="20221006 15:09:31.847" endtime="20221006 15:09:34.007"/>
</kw>
<status status="FAIL" starttime="20221006 15:09:29.387" endtime="20221006 15:09:34.008">Keyword 'Selenium2Library.Set Window Size' expected 2 to 3 arguments, got 1.</status>
</test>
<doc>registro automatico de fcs</doc>
<status status="FAIL" starttime="20221006 15:09:29.219" endtime="20221006 15:09:34.009"/>
</suite>
<statistics>
<total>
<stat pass="0" fail="1" skip="0">All Tests</stat>
</total>
<tag>
</tag>
<suite>
<stat pass="0" fail="1" skip="0" id="s1" name="regFcs">regFcs</stat>
</suite>
</statistics>
<errors>
</errors>
</robot>
