<?xml version="1.0" encoding="UTF-8"?>
<robot generator="Robot 5.0.1 (Python 3.10.4 on win32)" generated="20220930 15:30:19.462" rpa="false" schemaversion="3">
<suite id="s1" name="regFcs" source="C:\Users\Jasso\Desktop\FCS\testCases\regFcs.robot">
<test id="s1-t1" name="-Registro FCS Andres-" line="8">
<kw name="-CONFIGURAR TESTCASE-" library="test_keywords" type="SETUP">
<kw name="-CONFIGURAR DIRECTORIO SCREENSHOTS-" library="test_keywords">
<kw name="Set Screenshot Directory" library="Selenium2Library">
<arg>${screenshots-folder}</arg>
<doc>Sets the directory for captured screenshots.</doc>
<status status="PASS" starttime="20220930 15:30:19.603" endtime="20220930 15:30:19.603"/>
</kw>
<status status="PASS" starttime="20220930 15:30:19.603" endtime="20220930 15:30:19.603"/>
</kw>
<status status="PASS" starttime="20220930 15:30:19.603" endtime="20220930 15:30:19.603"/>
</kw>
<kw name="-Abrir URL-" library="test_keywords">
<arg>${url_fcs_main}</arg>
<arg>${browser}</arg>
<kw name="Open Browser" library="Selenium2Library">
<arg>${url_togo}</arg>
<arg>${naveg}</arg>
<doc>Opens a new browser instance to the optional ``url``.</doc>
<msg timestamp="20220930 15:30:19.603" level="INFO">Opening browser 'Edge' to base url 'https://www.fcs-monitoreo.com'.</msg>
<status status="PASS" starttime="20220930 15:30:19.603" endtime="20220930 15:30:21.774"/>
</kw>
<status status="PASS" starttime="20220930 15:30:19.603" endtime="20220930 15:30:21.774"/>
</kw>
<kw name="-VALIDAR ELEMENTOS-" library="test_keywords">
<arg>${clave_ini}</arg>
<for flavor="IN">
<var>${element}</var>
<value>@{a1}</value>
<iter>
<var name="${element}">boton_ingresar</var>
<kw name="Scroll Element Into View" library="Selenium2Library">
<arg>${a1['${element}']}</arg>
<doc>Scrolls the element identified by ``locator`` into view.</doc>
<status status="PASS" starttime="20220930 15:30:21.775" endtime="20220930 15:30:22.043"/>
</kw>
<kw name="Run Keyword And Continue On Failure" library="BuiltIn">
<arg>Wait Until Element is Visible</arg>
<arg>${a1['${element}']}</arg>
<doc>Runs the keyword and continues execution even if a failure occurs.</doc>
<kw name="Wait Until Element Is Visible" library="Selenium2Library">
<arg>${a1['${element}']}</arg>
<doc>Waits until the element ``locator`` is visible.</doc>
<status status="PASS" starttime="20220930 15:30:22.043" endtime="20220930 15:30:22.057"/>
</kw>
<status status="PASS" starttime="20220930 15:30:22.043" endtime="20220930 15:30:22.057"/>
</kw>
<kw name="Run Keyword And Continue On Failure" library="BuiltIn">
<arg>capture page screenshot</arg>
<arg>${screenshots-folder}</arg>
<doc>Runs the keyword and continues execution even if a failure occurs.</doc>
<kw name="Capture Page Screenshot" library="Selenium2Library">
<arg>${screenshots-folder}</arg>
<doc>Takes a screenshot of the current page and embeds it into a log file.</doc>
<msg timestamp="20220930 15:30:22.293" level="INFO" html="true">&lt;/td&gt;&lt;/tr&gt;&lt;tr&gt;&lt;td colspan="3"&gt;&lt;a href="../results/screenShots/selenium-screenshot-89.png"&gt;&lt;img src="../results/screenShots/selenium-screenshot-89.png" width="800px"&gt;&lt;/a&gt;</msg>
<msg timestamp="20220930 15:30:22.293" level="INFO">C:\Users\Jasso\AppData\Local\Programs\Python\Python310\lib\site-packages\selenium\webdriver\remote\webdriver.py:926: UserWarning: name used for saved screenshot does not match file type. It should end with a `.png` extension
  warnings.warn("name used for saved screenshot does not match file "</msg>
<msg timestamp="20220930 15:30:22.294" level="FAIL">Failed to save screenshot 'C:\Users\Jasso\Desktop\FCS\results\screenShots'.</msg>
<status status="FAIL" starttime="20220930 15:30:22.058" endtime="20220930 15:30:22.296"/>
</kw>
<status status="FAIL" starttime="20220930 15:30:22.057" endtime="20220930 15:30:22.297"/>
</kw>
<status status="FAIL" starttime="20220930 15:30:21.775" endtime="20220930 15:30:22.297"/>
</iter>
<status status="FAIL" starttime="20220930 15:30:21.775" endtime="20220930 15:30:22.298"/>
</for>
<status status="FAIL" starttime="20220930 15:30:21.775" endtime="20220930 15:30:22.298"/>
</kw>
<kw name="-CLICK ELEMENTO-" library="test_keywords">
<arg>${clave_ini['boton_ingresar']}</arg>
<kw name="Click Element" library="Selenium2Library">
<arg>${elemento}</arg>
<doc>Click the element identified by ``locator``.</doc>
<msg timestamp="20220930 15:30:22.301" level="INFO">Clicking element 'xpath=//div[@class="btn primario"]'.</msg>
<status status="PASS" starttime="20220930 15:30:22.300" endtime="20220930 15:30:22.623"/>
</kw>
<status status="PASS" starttime="20220930 15:30:22.299" endtime="20220930 15:30:22.623"/>
</kw>
<kw name="-VALIDAR ELEMENTOS-" library="test_keywords">
<arg>${elementos_log}</arg>
<for flavor="IN">
<var>${element}</var>
<value>@{a1}</value>
<iter>
<var name="${element}">input_correo</var>
<kw name="Scroll Element Into View" library="Selenium2Library">
<arg>${a1['${element}']}</arg>
<doc>Scrolls the element identified by ``locator`` into view.</doc>
<status status="PASS" starttime="20220930 15:30:22.624" endtime="20220930 15:30:22.897"/>
</kw>
<kw name="Run Keyword And Continue On Failure" library="BuiltIn">
<arg>Wait Until Element is Visible</arg>
<arg>${a1['${element}']}</arg>
<doc>Runs the keyword and continues execution even if a failure occurs.</doc>
<kw name="Wait Until Element Is Visible" library="Selenium2Library">
<arg>${a1['${element}']}</arg>
<doc>Waits until the element ``locator`` is visible.</doc>
<status status="PASS" starttime="20220930 15:30:22.898" endtime="20220930 15:30:22.926"/>
</kw>
<status status="PASS" starttime="20220930 15:30:22.898" endtime="20220930 15:30:22.926"/>
</kw>
<kw name="Run Keyword And Continue On Failure" library="BuiltIn">
<arg>capture page screenshot</arg>
<arg>${screenshots-folder}</arg>
<doc>Runs the keyword and continues execution even if a failure occurs.</doc>
<kw name="Capture Page Screenshot" library="Selenium2Library">
<arg>${screenshots-folder}</arg>
<doc>Takes a screenshot of the current page and embeds it into a log file.</doc>
<msg timestamp="20220930 15:30:23.639" level="INFO" html="true">&lt;/td&gt;&lt;/tr&gt;&lt;tr&gt;&lt;td colspan="3"&gt;&lt;a href="../results/screenShots/selenium-screenshot-90.png"&gt;&lt;img src="../results/screenShots/selenium-screenshot-90.png" width="800px"&gt;&lt;/a&gt;</msg>
<msg timestamp="20220930 15:30:23.640" level="FAIL">Failed to save screenshot 'C:\Users\Jasso\Desktop\FCS\results\screenShots'.</msg>
<status status="FAIL" starttime="20220930 15:30:22.926" endtime="20220930 15:30:23.640"/>
</kw>
<status status="FAIL" starttime="20220930 15:30:22.926" endtime="20220930 15:30:23.640"/>
</kw>
<status status="FAIL" starttime="20220930 15:30:22.624" endtime="20220930 15:30:23.640"/>
</iter>
<iter>
<var name="${element}">input_password</var>
<kw name="Scroll Element Into View" library="Selenium2Library">
<arg>${a1['${element}']}</arg>
<doc>Scrolls the element identified by ``locator`` into view.</doc>
<status status="PASS" starttime="20220930 15:30:23.641" endtime="20220930 15:30:23.921"/>
</kw>
<kw name="Run Keyword And Continue On Failure" library="BuiltIn">
<arg>Wait Until Element is Visible</arg>
<arg>${a1['${element}']}</arg>
<doc>Runs the keyword and continues execution even if a failure occurs.</doc>
<kw name="Wait Until Element Is Visible" library="Selenium2Library">
<arg>${a1['${element}']}</arg>
<doc>Waits until the element ``locator`` is visible.</doc>
<status status="PASS" starttime="20220930 15:30:23.921" endtime="20220930 15:30:23.940"/>
</kw>
<status status="PASS" starttime="20220930 15:30:23.921" endtime="20220930 15:30:23.940"/>
</kw>
<kw name="Run Keyword And Continue On Failure" library="BuiltIn">
<arg>capture page screenshot</arg>
<arg>${screenshots-folder}</arg>
<doc>Runs the keyword and continues execution even if a failure occurs.</doc>
<kw name="Capture Page Screenshot" library="Selenium2Library">
<arg>${screenshots-folder}</arg>
<doc>Takes a screenshot of the current page and embeds it into a log file.</doc>
<msg timestamp="20220930 15:30:24.618" level="INFO" html="true">&lt;/td&gt;&lt;/tr&gt;&lt;tr&gt;&lt;td colspan="3"&gt;&lt;a href="../results/screenShots/selenium-screenshot-91.png"&gt;&lt;img src="../results/screenShots/selenium-screenshot-91.png" width="800px"&gt;&lt;/a&gt;</msg>
<msg timestamp="20220930 15:30:24.619" level="FAIL">Failed to save screenshot 'C:\Users\Jasso\Desktop\FCS\results\screenShots'.</msg>
<status status="FAIL" starttime="20220930 15:30:23.941" endtime="20220930 15:30:24.619"/>
</kw>
<status status="FAIL" starttime="20220930 15:30:23.940" endtime="20220930 15:30:24.619"/>
</kw>
<status status="FAIL" starttime="20220930 15:30:23.641" endtime="20220930 15:30:24.619"/>
</iter>
<iter>
<var name="${element}">boton_ingresar</var>
<kw name="Scroll Element Into View" library="Selenium2Library">
<arg>${a1['${element}']}</arg>
<doc>Scrolls the element identified by ``locator`` into view.</doc>
<status status="PASS" starttime="20220930 15:30:24.620" endtime="20220930 15:30:24.898"/>
</kw>
<kw name="Run Keyword And Continue On Failure" library="BuiltIn">
<arg>Wait Until Element is Visible</arg>
<arg>${a1['${element}']}</arg>
<doc>Runs the keyword and continues execution even if a failure occurs.</doc>
<kw name="Wait Until Element Is Visible" library="Selenium2Library">
<arg>${a1['${element}']}</arg>
<doc>Waits until the element ``locator`` is visible.</doc>
<status status="PASS" starttime="20220930 15:30:24.899" endtime="20220930 15:30:24.929"/>
</kw>
<status status="PASS" starttime="20220930 15:30:24.898" endtime="20220930 15:30:24.929"/>
</kw>
<kw name="Run Keyword And Continue On Failure" library="BuiltIn">
<arg>capture page screenshot</arg>
<arg>${screenshots-folder}</arg>
<doc>Runs the keyword and continues execution even if a failure occurs.</doc>
<kw name="Capture Page Screenshot" library="Selenium2Library">
<arg>${screenshots-folder}</arg>
<doc>Takes a screenshot of the current page and embeds it into a log file.</doc>
<msg timestamp="20220930 15:30:25.629" level="INFO" html="true">&lt;/td&gt;&lt;/tr&gt;&lt;tr&gt;&lt;td colspan="3"&gt;&lt;a href="../results/screenShots/selenium-screenshot-92.png"&gt;&lt;img src="../results/screenShots/selenium-screenshot-92.png" width="800px"&gt;&lt;/a&gt;</msg>
<msg timestamp="20220930 15:30:25.630" level="FAIL">Failed to save screenshot 'C:\Users\Jasso\Desktop\FCS\results\screenShots'.</msg>
<status status="FAIL" starttime="20220930 15:30:24.929" endtime="20220930 15:30:25.630"/>
</kw>
<status status="FAIL" starttime="20220930 15:30:24.929" endtime="20220930 15:30:25.631"/>
</kw>
<status status="FAIL" starttime="20220930 15:30:24.620" endtime="20220930 15:30:25.631"/>
</iter>
<status status="FAIL" starttime="20220930 15:30:22.623" endtime="20220930 15:30:25.631"/>
</for>
<status status="FAIL" starttime="20220930 15:30:22.623" endtime="20220930 15:30:25.632"/>
</kw>
<kw name="- Ingresar Texto -" library="test_keywords">
<arg>${elementos_log['input_correo']}</arg>
<arg>${usuario_an}</arg>
<kw name="Sleep" library="BuiltIn">
<arg>3s</arg>
<doc>Pauses the test executed for the given time.</doc>
<msg timestamp="20220930 15:30:28.641" level="INFO">Slept 3 seconds</msg>
<status status="PASS" starttime="20220930 15:30:25.635" endtime="20220930 15:30:28.641"/>
</kw>
<kw name="Input Text" library="Selenium2Library">
<arg>${ubicador}</arg>
<arg>${text}</arg>
<doc>Types the given ``text`` into the text field identified by ``locator``.</doc>
<msg timestamp="20220930 15:30:28.643" level="INFO">Typing text 'jasso.q15@outlook.com' into text field 'xpath=//input[@id="emailLogin"]'.</msg>
<status status="PASS" starttime="20220930 15:30:28.641" endtime="20220930 15:30:28.734"/>
</kw>
<status status="PASS" starttime="20220930 15:30:25.633" endtime="20220930 15:30:28.735"/>
</kw>
<kw name="- Ingresar Texto -" library="test_keywords">
<arg>${elementos_log['input_password']}</arg>
<arg>${pass_an}</arg>
<kw name="Sleep" library="BuiltIn">
<arg>3s</arg>
<doc>Pauses the test executed for the given time.</doc>
<msg timestamp="20220930 15:30:31.751" level="INFO">Slept 3 seconds</msg>
<status status="PASS" starttime="20220930 15:30:28.736" endtime="20220930 15:30:31.751"/>
</kw>
<kw name="Input Text" library="Selenium2Library">
<arg>${ubicador}</arg>
<arg>${text}</arg>
<doc>Types the given ``text`` into the text field identified by ``locator``.</doc>
<msg timestamp="20220930 15:30:31.752" level="INFO">Typing text 'Claro123' into text field 'xpath=//input[@id="passwordLogin"]'.</msg>
<status status="PASS" starttime="20220930 15:30:31.751" endtime="20220930 15:30:31.834"/>
</kw>
<status status="PASS" starttime="20220930 15:30:28.735" endtime="20220930 15:30:31.834"/>
</kw>
<kw name="-CLICK ELEMENTO-" library="test_keywords">
<arg>${elementos_log['boton_ingresar']}</arg>
<kw name="Click Element" library="Selenium2Library">
<arg>${elemento}</arg>
<doc>Click the element identified by ``locator``.</doc>
<msg timestamp="20220930 15:30:31.835" level="INFO">Clicking element 'xpath=//button[normalize-space()="Ingresar"]'.</msg>
<status status="PASS" starttime="20220930 15:30:31.835" endtime="20220930 15:30:31.868"/>
</kw>
<status status="PASS" starttime="20220930 15:30:31.834" endtime="20220930 15:30:31.868"/>
</kw>
<kw name="-VALIDAR ELEMENTOS-" library="test_keywords">
<arg>${Home}</arg>
<for flavor="IN">
<var>${element}</var>
<value>@{a1}</value>
<iter>
<var name="${element}">boton_RM</var>
<kw name="Scroll Element Into View" library="Selenium2Library">
<arg>${a1['${element}']}</arg>
<doc>Scrolls the element identified by ``locator`` into view.</doc>
<status status="PASS" starttime="20220930 15:30:31.869" endtime="20220930 15:30:32.864"/>
</kw>
<kw name="Run Keyword And Continue On Failure" library="BuiltIn">
<arg>Wait Until Element is Visible</arg>
<arg>${a1['${element}']}</arg>
<doc>Runs the keyword and continues execution even if a failure occurs.</doc>
<kw name="Wait Until Element Is Visible" library="Selenium2Library">
<arg>${a1['${element}']}</arg>
<doc>Waits until the element ``locator`` is visible.</doc>
<status status="PASS" starttime="20220930 15:30:32.864" endtime="20220930 15:30:32.887"/>
</kw>
<status status="PASS" starttime="20220930 15:30:32.864" endtime="20220930 15:30:32.888"/>
</kw>
<kw name="Run Keyword And Continue On Failure" library="BuiltIn">
<arg>capture page screenshot</arg>
<arg>${screenshots-folder}</arg>
<doc>Runs the keyword and continues execution even if a failure occurs.</doc>
<kw name="Capture Page Screenshot" library="Selenium2Library">
<arg>${screenshots-folder}</arg>
<doc>Takes a screenshot of the current page and embeds it into a log file.</doc>
<msg timestamp="20220930 15:30:33.128" level="INFO" html="true">&lt;/td&gt;&lt;/tr&gt;&lt;tr&gt;&lt;td colspan="3"&gt;&lt;a href="../results/screenShots/selenium-screenshot-93.png"&gt;&lt;img src="../results/screenShots/selenium-screenshot-93.png" width="800px"&gt;&lt;/a&gt;</msg>
<msg timestamp="20220930 15:30:33.128" level="FAIL">Failed to save screenshot 'C:\Users\Jasso\Desktop\FCS\results\screenShots'.</msg>
<status status="FAIL" starttime="20220930 15:30:32.888" endtime="20220930 15:30:33.128"/>
</kw>
<status status="FAIL" starttime="20220930 15:30:32.888" endtime="20220930 15:30:33.129"/>
</kw>
<status status="FAIL" starttime="20220930 15:30:31.869" endtime="20220930 15:30:33.129"/>
</iter>
<status status="FAIL" starttime="20220930 15:30:31.869" endtime="20220930 15:30:33.129"/>
</for>
<status status="FAIL" starttime="20220930 15:30:31.868" endtime="20220930 15:30:33.129"/>
</kw>
<kw name="-CLICK ELEMENTO-" library="test_keywords">
<arg>${Home['boton_RM']}</arg>
<kw name="Click Element" library="Selenium2Library">
<arg>${elemento}</arg>
<doc>Click the element identified by ``locator``.</doc>
<msg timestamp="20220930 15:30:33.130" level="INFO">Clicking element 'xpath=//span[normalize-space()="Reporte manual"]'.</msg>
<status status="PASS" starttime="20220930 15:30:33.130" endtime="20220930 15:30:33.562"/>
</kw>
<status status="PASS" starttime="20220930 15:30:33.130" endtime="20220930 15:30:33.562"/>
</kw>
<kw name="-VALIDAR ELEMENTOS-" library="test_keywords">
<arg>${Sntms}</arg>
<for flavor="IN">
<var>${element}</var>
<value>@{a1}</value>
<iter>
<var name="${element}">input_oxim</var>
<kw name="Scroll Element Into View" library="Selenium2Library">
<arg>${a1['${element}']}</arg>
<doc>Scrolls the element identified by ``locator`` into view.</doc>
<status status="PASS" starttime="20220930 15:30:33.563" endtime="20220930 15:30:33.843"/>
</kw>
<kw name="Run Keyword And Continue On Failure" library="BuiltIn">
<arg>Wait Until Element is Visible</arg>
<arg>${a1['${element}']}</arg>
<doc>Runs the keyword and continues execution even if a failure occurs.</doc>
<kw name="Wait Until Element Is Visible" library="Selenium2Library">
<arg>${a1['${element}']}</arg>
<doc>Waits until the element ``locator`` is visible.</doc>
<status status="PASS" starttime="20220930 15:30:33.843" endtime="20220930 15:30:33.869"/>
</kw>
<status status="PASS" starttime="20220930 15:30:33.843" endtime="20220930 15:30:33.869"/>
</kw>
<kw name="Run Keyword And Continue On Failure" library="BuiltIn">
<arg>capture page screenshot</arg>
<arg>${screenshots-folder}</arg>
<doc>Runs the keyword and continues execution even if a failure occurs.</doc>
<kw name="Capture Page Screenshot" library="Selenium2Library">
<arg>${screenshots-folder}</arg>
<doc>Takes a screenshot of the current page and embeds it into a log file.</doc>
<msg timestamp="20220930 15:30:34.179" level="INFO" html="true">&lt;/td&gt;&lt;/tr&gt;&lt;tr&gt;&lt;td colspan="3"&gt;&lt;a href="../results/screenShots/selenium-screenshot-94.png"&gt;&lt;img src="../results/screenShots/selenium-screenshot-94.png" width="800px"&gt;&lt;/a&gt;</msg>
<msg timestamp="20220930 15:30:34.180" level="FAIL">Failed to save screenshot 'C:\Users\Jasso\Desktop\FCS\results\screenShots'.</msg>
<status status="FAIL" starttime="20220930 15:30:33.869" endtime="20220930 15:30:34.180"/>
</kw>
<status status="FAIL" starttime="20220930 15:30:33.869" endtime="20220930 15:30:34.180"/>
</kw>
<status status="FAIL" starttime="20220930 15:30:33.563" endtime="20220930 15:30:34.180"/>
</iter>
<iter>
<var name="${element}">boton_Continue</var>
<kw name="Scroll Element Into View" library="Selenium2Library">
<arg>${a1['${element}']}</arg>
<doc>Scrolls the element identified by ``locator`` into view.</doc>
<status status="PASS" starttime="20220930 15:30:34.181" endtime="20220930 15:30:34.479"/>
</kw>
<kw name="Run Keyword And Continue On Failure" library="BuiltIn">
<arg>Wait Until Element is Visible</arg>
<arg>${a1['${element}']}</arg>
<doc>Runs the keyword and continues execution even if a failure occurs.</doc>
<kw name="Wait Until Element Is Visible" library="Selenium2Library">
<arg>${a1['${element}']}</arg>
<doc>Waits until the element ``locator`` is visible.</doc>
<status status="PASS" starttime="20220930 15:30:34.479" endtime="20220930 15:30:34.507"/>
</kw>
<status status="PASS" starttime="20220930 15:30:34.479" endtime="20220930 15:30:34.507"/>
</kw>
<kw name="Run Keyword And Continue On Failure" library="BuiltIn">
<arg>capture page screenshot</arg>
<arg>${screenshots-folder}</arg>
<doc>Runs the keyword and continues execution even if a failure occurs.</doc>
<kw name="Capture Page Screenshot" library="Selenium2Library">
<arg>${screenshots-folder}</arg>
<doc>Takes a screenshot of the current page and embeds it into a log file.</doc>
<msg timestamp="20220930 15:30:34.764" level="INFO" html="true">&lt;/td&gt;&lt;/tr&gt;&lt;tr&gt;&lt;td colspan="3"&gt;&lt;a href="../results/screenShots/selenium-screenshot-95.png"&gt;&lt;img src="../results/screenShots/selenium-screenshot-95.png" width="800px"&gt;&lt;/a&gt;</msg>
<msg timestamp="20220930 15:30:34.764" level="FAIL">Failed to save screenshot 'C:\Users\Jasso\Desktop\FCS\results\screenShots'.</msg>
<status status="FAIL" starttime="20220930 15:30:34.508" endtime="20220930 15:30:34.765"/>
</kw>
<status status="FAIL" starttime="20220930 15:30:34.507" endtime="20220930 15:30:34.765"/>
</kw>
<status status="FAIL" starttime="20220930 15:30:34.181" endtime="20220930 15:30:34.766"/>
</iter>
<status status="FAIL" starttime="20220930 15:30:33.563" endtime="20220930 15:30:34.766"/>
</for>
<status status="FAIL" starttime="20220930 15:30:33.562" endtime="20220930 15:30:34.767"/>
</kw>
<kw name="- Ingresar Texto -" library="test_keywords">
<arg>${Sntms['input_oxim']}</arg>
<arg>${oxim}</arg>
<kw name="Sleep" library="BuiltIn">
<arg>3s</arg>
<doc>Pauses the test executed for the given time.</doc>
<msg timestamp="20220930 15:30:37.777" level="INFO">Slept 3 seconds</msg>
<status status="PASS" starttime="20220930 15:30:34.769" endtime="20220930 15:30:37.777"/>
</kw>
<kw name="Input Text" library="Selenium2Library">
<arg>${ubicador}</arg>
<arg>${text}</arg>
<doc>Types the given ``text`` into the text field identified by ``locator``.</doc>
<msg timestamp="20220930 15:30:37.778" level="INFO">Typing text '92' into text field 'xpath=//input[@id="idOximetry"]'.</msg>
<status status="PASS" starttime="20220930 15:30:37.777" endtime="20220930 15:30:37.857"/>
</kw>
<status status="PASS" starttime="20220930 15:30:34.768" endtime="20220930 15:30:37.857"/>
</kw>
<kw name="-CLICK ELEMENTO-" library="test_keywords">
<arg>${Sntms['boton_Continue']}</arg>
<kw name="Click Element" library="Selenium2Library">
<arg>${elemento}</arg>
<doc>Click the element identified by ``locator``.</doc>
<msg timestamp="20220930 15:30:37.859" level="INFO">Clicking element 'xpath=//button[@class="btn primario firstForm"]'.</msg>
<status status="PASS" starttime="20220930 15:30:37.858" endtime="20220930 15:30:37.898"/>
</kw>
<status status="PASS" starttime="20220930 15:30:37.858" endtime="20220930 15:30:37.898"/>
</kw>
<kw name="-VALIDAR ELEMENTOS-" library="test_keywords">
<arg>${EndPage}</arg>
<for flavor="IN">
<var>${element}</var>
<value>@{a1}</value>
<iter>
<var name="${element}">boton_Continue</var>
<kw name="Scroll Element Into View" library="Selenium2Library">
<arg>${a1['${element}']}</arg>
<doc>Scrolls the element identified by ``locator`` into view.</doc>
<status status="PASS" starttime="20220930 15:30:37.899" endtime="20220930 15:30:38.184"/>
</kw>
<kw name="Run Keyword And Continue On Failure" library="BuiltIn">
<arg>Wait Until Element is Visible</arg>
<arg>${a1['${element}']}</arg>
<doc>Runs the keyword and continues execution even if a failure occurs.</doc>
<kw name="Wait Until Element Is Visible" library="Selenium2Library">
<arg>${a1['${element}']}</arg>
<doc>Waits until the element ``locator`` is visible.</doc>
<status status="PASS" starttime="20220930 15:30:38.184" endtime="20220930 15:30:38.213"/>
</kw>
<status status="PASS" starttime="20220930 15:30:38.184" endtime="20220930 15:30:38.213"/>
</kw>
<kw name="Run Keyword And Continue On Failure" library="BuiltIn">
<arg>capture page screenshot</arg>
<arg>${screenshots-folder}</arg>
<doc>Runs the keyword and continues execution even if a failure occurs.</doc>
<kw name="Capture Page Screenshot" library="Selenium2Library">
<arg>${screenshots-folder}</arg>
<doc>Takes a screenshot of the current page and embeds it into a log file.</doc>
<msg timestamp="20220930 15:30:38.497" level="INFO" html="true">&lt;/td&gt;&lt;/tr&gt;&lt;tr&gt;&lt;td colspan="3"&gt;&lt;a href="../results/screenShots/selenium-screenshot-96.png"&gt;&lt;img src="../results/screenShots/selenium-screenshot-96.png" width="800px"&gt;&lt;/a&gt;</msg>
<msg timestamp="20220930 15:30:38.497" level="FAIL">Failed to save screenshot 'C:\Users\Jasso\Desktop\FCS\results\screenShots'.</msg>
<status status="FAIL" starttime="20220930 15:30:38.213" endtime="20220930 15:30:38.497"/>
</kw>
<status status="FAIL" starttime="20220930 15:30:38.213" endtime="20220930 15:30:38.498"/>
</kw>
<status status="FAIL" starttime="20220930 15:30:37.899" endtime="20220930 15:30:38.498"/>
</iter>
<status status="FAIL" starttime="20220930 15:30:37.899" endtime="20220930 15:30:38.498"/>
</for>
<status status="FAIL" starttime="20220930 15:30:37.898" endtime="20220930 15:30:38.499"/>
</kw>
<kw name="Select From List By Index" library="Selenium2Library">
<arg>whyIsolation</arg>
<arg>3</arg>
<doc>Selects options from selection list ``locator`` by ``indexes``.</doc>
<msg timestamp="20220930 15:30:38.500" level="INFO">Selecting options from selection list 'whyIsolation' by index 3.</msg>
<status status="PASS" starttime="20220930 15:30:38.500" endtime="20220930 15:30:38.580"/>
</kw>
<kw name="-CLICK ELEMENTO-" library="test_keywords">
<arg>${EndPage['boton_Continue']}</arg>
<kw name="Click Element" library="Selenium2Library">
<arg>${elemento}</arg>
<doc>Click the element identified by ``locator``.</doc>
<msg timestamp="20220930 15:30:38.581" level="INFO">Clicking element 'xpath=//button[@class="btn primario lastForm"]'.</msg>
<status status="PASS" starttime="20220930 15:30:38.581" endtime="20220930 15:30:38.615"/>
</kw>
<status status="PASS" starttime="20220930 15:30:38.580" endtime="20220930 15:30:38.615"/>
</kw>
<kw name="Sleep" library="BuiltIn">
<arg>4s</arg>
<doc>Pauses the test executed for the given time.</doc>
<msg timestamp="20220930 15:30:42.623" level="INFO">Slept 4 seconds</msg>
<status status="PASS" starttime="20220930 15:30:38.616" endtime="20220930 15:30:42.623"/>
</kw>
<kw name="-TERMINAR CONFIGURACIÓN TESTCASE-" library="test_keywords" type="TEARDOWN">
<kw name="Close All Browsers" library="Selenium2Library">
<doc>Closes all open browsers and resets the browser cache.</doc>
<status status="PASS" starttime="20220930 15:30:42.626" endtime="20220930 15:30:44.826"/>
</kw>
<status status="PASS" starttime="20220930 15:30:42.625" endtime="20220930 15:30:44.826"/>
</kw>
<status status="FAIL" starttime="20220930 15:30:19.603" endtime="20220930 15:30:44.827">Several failures occurred:

1) Failed to save screenshot 'C:\Users\Jasso\Desktop\FCS\results\screenShots'.

2) Failed to save screenshot 'C:\Users\Jasso\Desktop\FCS\results\screenShots'.

3) Failed to save screenshot 'C:\Users\Jasso\Desktop\FCS\results\screenShots'.

4) Failed to save screenshot 'C:\Users\Jasso\Desktop\FCS\results\screenShots'.

5) Failed to save screenshot 'C:\Users\Jasso\Desktop\FCS\results\screenShots'.

6) Failed to save screenshot 'C:\Users\Jasso\Desktop\FCS\results\screenShots'.

7) Failed to save screenshot 'C:\Users\Jasso\Desktop\FCS\results\screenShots'.

8) Failed to save screenshot 'C:\Users\Jasso\Desktop\FCS\results\screenShots'.</status>
</test>
<test id="s1-t2" name="-Registro FCS Alberto-" line="33">
<kw name="-CONFIGURAR TESTCASE-" library="test_keywords" type="SETUP">
<kw name="-CONFIGURAR DIRECTORIO SCREENSHOTS-" library="test_keywords">
<kw name="Set Screenshot Directory" library="Selenium2Library">
<arg>${screenshots-folder}</arg>
<doc>Sets the directory for captured screenshots.</doc>
<status status="PASS" starttime="20220930 15:30:44.828" endtime="20220930 15:30:44.828"/>
</kw>
<status status="PASS" starttime="20220930 15:30:44.828" endtime="20220930 15:30:44.828"/>
</kw>
<status status="PASS" starttime="20220930 15:30:44.828" endtime="20220930 15:30:44.828"/>
</kw>
<kw name="-Abrir URL-" library="test_keywords">
<arg>${url_fcs_main}</arg>
<arg>${browser}</arg>
<kw name="Open Browser" library="Selenium2Library">
<arg>${url_togo}</arg>
<arg>${naveg}</arg>
<doc>Opens a new browser instance to the optional ``url``.</doc>
<msg timestamp="20220930 15:30:44.828" level="INFO">Opening browser 'Edge' to base url 'https://www.fcs-monitoreo.com'.</msg>
<status status="PASS" starttime="20220930 15:30:44.828" endtime="20220930 15:30:46.921"/>
</kw>
<status status="PASS" starttime="20220930 15:30:44.828" endtime="20220930 15:30:46.921"/>
</kw>
<kw name="-VALIDAR ELEMENTOS-" library="test_keywords">
<arg>${clave_ini}</arg>
<for flavor="IN">
<var>${element}</var>
<value>@{a1}</value>
<iter>
<var name="${element}">boton_ingresar</var>
<kw name="Scroll Element Into View" library="Selenium2Library">
<arg>${a1['${element}']}</arg>
<doc>Scrolls the element identified by ``locator`` into view.</doc>
<status status="PASS" starttime="20220930 15:30:46.922" endtime="20220930 15:30:47.192"/>
</kw>
<kw name="Run Keyword And Continue On Failure" library="BuiltIn">
<arg>Wait Until Element is Visible</arg>
<arg>${a1['${element}']}</arg>
<doc>Runs the keyword and continues execution even if a failure occurs.</doc>
<kw name="Wait Until Element Is Visible" library="Selenium2Library">
<arg>${a1['${element}']}</arg>
<doc>Waits until the element ``locator`` is visible.</doc>
<status status="PASS" starttime="20220930 15:30:47.192" endtime="20220930 15:30:47.210"/>
</kw>
<status status="PASS" starttime="20220930 15:30:47.192" endtime="20220930 15:30:47.210"/>
</kw>
<kw name="Run Keyword And Continue On Failure" library="BuiltIn">
<arg>capture page screenshot</arg>
<arg>${screenshots-folder}</arg>
<doc>Runs the keyword and continues execution even if a failure occurs.</doc>
<kw name="Capture Page Screenshot" library="Selenium2Library">
<arg>${screenshots-folder}</arg>
<doc>Takes a screenshot of the current page and embeds it into a log file.</doc>
<msg timestamp="20220930 15:30:47.454" level="INFO" html="true">&lt;/td&gt;&lt;/tr&gt;&lt;tr&gt;&lt;td colspan="3"&gt;&lt;a href="../results/screenShots/selenium-screenshot-97.png"&gt;&lt;img src="../results/screenShots/selenium-screenshot-97.png" width="800px"&gt;&lt;/a&gt;</msg>
<msg timestamp="20220930 15:30:47.454" level="FAIL">Failed to save screenshot 'C:\Users\Jasso\Desktop\FCS\results\screenShots'.</msg>
<status status="FAIL" starttime="20220930 15:30:47.210" endtime="20220930 15:30:47.454"/>
</kw>
<status status="FAIL" starttime="20220930 15:30:47.210" endtime="20220930 15:30:47.454"/>
</kw>
<status status="FAIL" starttime="20220930 15:30:46.922" endtime="20220930 15:30:47.454"/>
</iter>
<status status="FAIL" starttime="20220930 15:30:46.922" endtime="20220930 15:30:47.454"/>
</for>
<status status="FAIL" starttime="20220930 15:30:46.922" endtime="20220930 15:30:47.455"/>
</kw>
<kw name="-CLICK ELEMENTO-" library="test_keywords">
<arg>${clave_ini['boton_ingresar']}</arg>
<kw name="Click Element" library="Selenium2Library">
<arg>${elemento}</arg>
<doc>Click the element identified by ``locator``.</doc>
<msg timestamp="20220930 15:30:47.456" level="INFO">Clicking element 'xpath=//div[@class="btn primario"]'.</msg>
<status status="PASS" starttime="20220930 15:30:47.456" endtime="20220930 15:30:47.811"/>
</kw>
<status status="PASS" starttime="20220930 15:30:47.455" endtime="20220930 15:30:47.812"/>
</kw>
<kw name="-VALIDAR ELEMENTOS-" library="test_keywords">
<arg>${elementos_log}</arg>
<for flavor="IN">
<var>${element}</var>
<value>@{a1}</value>
<iter>
<var name="${element}">input_correo</var>
<kw name="Scroll Element Into View" library="Selenium2Library">
<arg>${a1['${element}']}</arg>
<doc>Scrolls the element identified by ``locator`` into view.</doc>
<status status="PASS" starttime="20220930 15:30:47.813" endtime="20220930 15:30:48.112"/>
</kw>
<kw name="Run Keyword And Continue On Failure" library="BuiltIn">
<arg>Wait Until Element is Visible</arg>
<arg>${a1['${element}']}</arg>
<doc>Runs the keyword and continues execution even if a failure occurs.</doc>
<kw name="Wait Until Element Is Visible" library="Selenium2Library">
<arg>${a1['${element}']}</arg>
<doc>Waits until the element ``locator`` is visible.</doc>
<status status="PASS" starttime="20220930 15:30:48.113" endtime="20220930 15:30:48.129"/>
</kw>
<status status="PASS" starttime="20220930 15:30:48.112" endtime="20220930 15:30:48.129"/>
</kw>
<kw name="Run Keyword And Continue On Failure" library="BuiltIn">
<arg>capture page screenshot</arg>
<arg>${screenshots-folder}</arg>
<doc>Runs the keyword and continues execution even if a failure occurs.</doc>
<kw name="Capture Page Screenshot" library="Selenium2Library">
<arg>${screenshots-folder}</arg>
<doc>Takes a screenshot of the current page and embeds it into a log file.</doc>
<msg timestamp="20220930 15:30:48.768" level="INFO" html="true">&lt;/td&gt;&lt;/tr&gt;&lt;tr&gt;&lt;td colspan="3"&gt;&lt;a href="../results/screenShots/selenium-screenshot-98.png"&gt;&lt;img src="../results/screenShots/selenium-screenshot-98.png" width="800px"&gt;&lt;/a&gt;</msg>
<msg timestamp="20220930 15:30:48.768" level="FAIL">Failed to save screenshot 'C:\Users\Jasso\Desktop\FCS\results\screenShots'.</msg>
<status status="FAIL" starttime="20220930 15:30:48.129" endtime="20220930 15:30:48.768"/>
</kw>
<status status="FAIL" starttime="20220930 15:30:48.129" endtime="20220930 15:30:48.768"/>
</kw>
<status status="FAIL" starttime="20220930 15:30:47.813" endtime="20220930 15:30:48.768"/>
</iter>
<iter>
<var name="${element}">input_password</var>
<kw name="Scroll Element Into View" library="Selenium2Library">
<arg>${a1['${element}']}</arg>
<doc>Scrolls the element identified by ``locator`` into view.</doc>
<status status="PASS" starttime="20220930 15:30:48.769" endtime="20220930 15:30:49.044"/>
</kw>
<kw name="Run Keyword And Continue On Failure" library="BuiltIn">
<arg>Wait Until Element is Visible</arg>
<arg>${a1['${element}']}</arg>
<doc>Runs the keyword and continues execution even if a failure occurs.</doc>
<kw name="Wait Until Element Is Visible" library="Selenium2Library">
<arg>${a1['${element}']}</arg>
<doc>Waits until the element ``locator`` is visible.</doc>
<status status="PASS" starttime="20220930 15:30:49.046" endtime="20220930 15:30:49.071"/>
</kw>
<status status="PASS" starttime="20220930 15:30:49.046" endtime="20220930 15:30:49.071"/>
</kw>
<kw name="Run Keyword And Continue On Failure" library="BuiltIn">
<arg>capture page screenshot</arg>
<arg>${screenshots-folder}</arg>
<doc>Runs the keyword and continues execution even if a failure occurs.</doc>
<kw name="Capture Page Screenshot" library="Selenium2Library">
<arg>${screenshots-folder}</arg>
<doc>Takes a screenshot of the current page and embeds it into a log file.</doc>
<msg timestamp="20220930 15:30:49.752" level="INFO" html="true">&lt;/td&gt;&lt;/tr&gt;&lt;tr&gt;&lt;td colspan="3"&gt;&lt;a href="../results/screenShots/selenium-screenshot-99.png"&gt;&lt;img src="../results/screenShots/selenium-screenshot-99.png" width="800px"&gt;&lt;/a&gt;</msg>
<msg timestamp="20220930 15:30:49.752" level="FAIL">Failed to save screenshot 'C:\Users\Jasso\Desktop\FCS\results\screenShots'.</msg>
<status status="FAIL" starttime="20220930 15:30:49.071" endtime="20220930 15:30:49.752"/>
</kw>
<status status="FAIL" starttime="20220930 15:30:49.071" endtime="20220930 15:30:49.752"/>
</kw>
<status status="FAIL" starttime="20220930 15:30:48.769" endtime="20220930 15:30:49.752"/>
</iter>
<iter>
<var name="${element}">boton_ingresar</var>
<kw name="Scroll Element Into View" library="Selenium2Library">
<arg>${a1['${element}']}</arg>
<doc>Scrolls the element identified by ``locator`` into view.</doc>
<status status="PASS" starttime="20220930 15:30:49.753" endtime="20220930 15:30:50.024"/>
</kw>
<kw name="Run Keyword And Continue On Failure" library="BuiltIn">
<arg>Wait Until Element is Visible</arg>
<arg>${a1['${element}']}</arg>
<doc>Runs the keyword and continues execution even if a failure occurs.</doc>
<kw name="Wait Until Element Is Visible" library="Selenium2Library">
<arg>${a1['${element}']}</arg>
<doc>Waits until the element ``locator`` is visible.</doc>
<status status="PASS" starttime="20220930 15:30:50.025" endtime="20220930 15:30:50.046"/>
</kw>
<status status="PASS" starttime="20220930 15:30:50.025" endtime="20220930 15:30:50.046"/>
</kw>
<kw name="Run Keyword And Continue On Failure" library="BuiltIn">
<arg>capture page screenshot</arg>
<arg>${screenshots-folder}</arg>
<doc>Runs the keyword and continues execution even if a failure occurs.</doc>
<kw name="Capture Page Screenshot" library="Selenium2Library">
<arg>${screenshots-folder}</arg>
<doc>Takes a screenshot of the current page and embeds it into a log file.</doc>
<msg timestamp="20220930 15:30:50.681" level="INFO" html="true">&lt;/td&gt;&lt;/tr&gt;&lt;tr&gt;&lt;td colspan="3"&gt;&lt;a href="../results/screenShots/selenium-screenshot-100.png"&gt;&lt;img src="../results/screenShots/selenium-screenshot-100.png" width="800px"&gt;&lt;/a&gt;</msg>
<msg timestamp="20220930 15:30:50.682" level="FAIL">Failed to save screenshot 'C:\Users\Jasso\Desktop\FCS\results\screenShots'.</msg>
<status status="FAIL" starttime="20220930 15:30:50.047" endtime="20220930 15:30:50.682"/>
</kw>
<status status="FAIL" starttime="20220930 15:30:50.047" endtime="20220930 15:30:50.682"/>
</kw>
<status status="FAIL" starttime="20220930 15:30:49.753" endtime="20220930 15:30:50.682"/>
</iter>
<status status="FAIL" starttime="20220930 15:30:47.812" endtime="20220930 15:30:50.682"/>
</for>
<status status="FAIL" starttime="20220930 15:30:47.812" endtime="20220930 15:30:50.682"/>
</kw>
<kw name="- Ingresar Texto -" library="test_keywords">
<arg>${elementos_log['input_correo']}</arg>
<arg>${usuario_al}</arg>
<kw name="Sleep" library="BuiltIn">
<arg>3s</arg>
<doc>Pauses the test executed for the given time.</doc>
<msg timestamp="20220930 15:30:53.690" level="INFO">Slept 3 seconds</msg>
<status status="PASS" starttime="20220930 15:30:50.684" endtime="20220930 15:30:53.690"/>
</kw>
<kw name="Input Text" library="Selenium2Library">
<arg>${ubicador}</arg>
<arg>${text}</arg>
<doc>Types the given ``text`` into the text field identified by ``locator``.</doc>
<msg timestamp="20220930 15:30:53.691" level="INFO">Typing text 's_tamezaa@globalhitss.com' into text field 'xpath=//input[@id="emailLogin"]'.</msg>
<status status="PASS" starttime="20220930 15:30:53.690" endtime="20220930 15:30:53.757"/>
</kw>
<status status="PASS" starttime="20220930 15:30:50.684" endtime="20220930 15:30:53.757"/>
</kw>
<kw name="- Ingresar Texto -" library="test_keywords">
<arg>${elementos_log['input_password']}</arg>
<arg>${pass_al}</arg>
<kw name="Sleep" library="BuiltIn">
<arg>3s</arg>
<doc>Pauses the test executed for the given time.</doc>
<msg timestamp="20220930 15:30:56.764" level="INFO">Slept 3 seconds</msg>
<status status="PASS" starttime="20220930 15:30:53.758" endtime="20220930 15:30:56.765"/>
</kw>
<kw name="Input Text" library="Selenium2Library">
<arg>${ubicador}</arg>
<arg>${text}</arg>
<doc>Types the given ``text`` into the text field identified by ``locator``.</doc>
<msg timestamp="20220930 15:30:56.765" level="INFO">Typing text '123456' into text field 'xpath=//input[@id="passwordLogin"]'.</msg>
<status status="PASS" starttime="20220930 15:30:56.765" endtime="20220930 15:30:56.828"/>
</kw>
<status status="PASS" starttime="20220930 15:30:53.757" endtime="20220930 15:30:56.828"/>
</kw>
<kw name="-CLICK ELEMENTO-" library="test_keywords">
<arg>${elementos_log['boton_ingresar']}</arg>
<kw name="Click Element" library="Selenium2Library">
<arg>${elemento}</arg>
<doc>Click the element identified by ``locator``.</doc>
<msg timestamp="20220930 15:30:56.829" level="INFO">Clicking element 'xpath=//button[normalize-space()="Ingresar"]'.</msg>
<status status="PASS" starttime="20220930 15:30:56.829" endtime="20220930 15:30:56.859"/>
</kw>
<status status="PASS" starttime="20220930 15:30:56.829" endtime="20220930 15:30:56.860"/>
</kw>
<kw name="-VALIDAR ELEMENTOS-" library="test_keywords">
<arg>${Home}</arg>
<for flavor="IN">
<var>${element}</var>
<value>@{a1}</value>
<iter>
<var name="${element}">boton_RM</var>
<kw name="Scroll Element Into View" library="Selenium2Library">
<arg>${a1['${element}']}</arg>
<doc>Scrolls the element identified by ``locator`` into view.</doc>
<status status="PASS" starttime="20220930 15:30:56.861" endtime="20220930 15:30:57.732"/>
</kw>
<kw name="Run Keyword And Continue On Failure" library="BuiltIn">
<arg>Wait Until Element is Visible</arg>
<arg>${a1['${element}']}</arg>
<doc>Runs the keyword and continues execution even if a failure occurs.</doc>
<kw name="Wait Until Element Is Visible" library="Selenium2Library">
<arg>${a1['${element}']}</arg>
<doc>Waits until the element ``locator`` is visible.</doc>
<status status="PASS" starttime="20220930 15:30:57.733" endtime="20220930 15:30:57.751"/>
</kw>
<status status="PASS" starttime="20220930 15:30:57.732" endtime="20220930 15:30:57.751"/>
</kw>
<kw name="Run Keyword And Continue On Failure" library="BuiltIn">
<arg>capture page screenshot</arg>
<arg>${screenshots-folder}</arg>
<doc>Runs the keyword and continues execution even if a failure occurs.</doc>
<kw name="Capture Page Screenshot" library="Selenium2Library">
<arg>${screenshots-folder}</arg>
<doc>Takes a screenshot of the current page and embeds it into a log file.</doc>
<msg timestamp="20220930 15:30:58.010" level="INFO" html="true">&lt;/td&gt;&lt;/tr&gt;&lt;tr&gt;&lt;td colspan="3"&gt;&lt;a href="../results/screenShots/selenium-screenshot-101.png"&gt;&lt;img src="../results/screenShots/selenium-screenshot-101.png" width="800px"&gt;&lt;/a&gt;</msg>
<msg timestamp="20220930 15:30:58.011" level="FAIL">Failed to save screenshot 'C:\Users\Jasso\Desktop\FCS\results\screenShots'.</msg>
<status status="FAIL" starttime="20220930 15:30:57.751" endtime="20220930 15:30:58.011"/>
</kw>
<status status="FAIL" starttime="20220930 15:30:57.751" endtime="20220930 15:30:58.011"/>
</kw>
<status status="FAIL" starttime="20220930 15:30:56.861" endtime="20220930 15:30:58.011"/>
</iter>
<status status="FAIL" starttime="20220930 15:30:56.860" endtime="20220930 15:30:58.011"/>
</for>
<status status="FAIL" starttime="20220930 15:30:56.860" endtime="20220930 15:30:58.011"/>
</kw>
<kw name="-CLICK ELEMENTO-" library="test_keywords">
<arg>${Home['boton_RM']}</arg>
<kw name="Click Element" library="Selenium2Library">
<arg>${elemento}</arg>
<doc>Click the element identified by ``locator``.</doc>
<msg timestamp="20220930 15:30:58.013" level="INFO">Clicking element 'xpath=//span[normalize-space()="Reporte manual"]'.</msg>
<status status="PASS" starttime="20220930 15:30:58.013" endtime="20220930 15:30:58.426"/>
</kw>
<status status="PASS" starttime="20220930 15:30:58.012" endtime="20220930 15:30:58.426"/>
</kw>
<kw name="-VALIDAR ELEMENTOS-" library="test_keywords">
<arg>${Sntms}</arg>
<for flavor="IN">
<var>${element}</var>
<value>@{a1}</value>
<iter>
<var name="${element}">input_oxim</var>
<kw name="Scroll Element Into View" library="Selenium2Library">
<arg>${a1['${element}']}</arg>
<doc>Scrolls the element identified by ``locator`` into view.</doc>
<status status="PASS" starttime="20220930 15:30:58.427" endtime="20220930 15:30:58.713"/>
</kw>
<kw name="Run Keyword And Continue On Failure" library="BuiltIn">
<arg>Wait Until Element is Visible</arg>
<arg>${a1['${element}']}</arg>
<doc>Runs the keyword and continues execution even if a failure occurs.</doc>
<kw name="Wait Until Element Is Visible" library="Selenium2Library">
<arg>${a1['${element}']}</arg>
<doc>Waits until the element ``locator`` is visible.</doc>
<status status="PASS" starttime="20220930 15:30:58.714" endtime="20220930 15:30:58.737"/>
</kw>
<status status="PASS" starttime="20220930 15:30:58.713" endtime="20220930 15:30:58.737"/>
</kw>
<kw name="Run Keyword And Continue On Failure" library="BuiltIn">
<arg>capture page screenshot</arg>
<arg>${screenshots-folder}</arg>
<doc>Runs the keyword and continues execution even if a failure occurs.</doc>
<kw name="Capture Page Screenshot" library="Selenium2Library">
<arg>${screenshots-folder}</arg>
<doc>Takes a screenshot of the current page and embeds it into a log file.</doc>
<msg timestamp="20220930 15:30:59.057" level="INFO" html="true">&lt;/td&gt;&lt;/tr&gt;&lt;tr&gt;&lt;td colspan="3"&gt;&lt;a href="../results/screenShots/selenium-screenshot-102.png"&gt;&lt;img src="../results/screenShots/selenium-screenshot-102.png" width="800px"&gt;&lt;/a&gt;</msg>
<msg timestamp="20220930 15:30:59.058" level="FAIL">Failed to save screenshot 'C:\Users\Jasso\Desktop\FCS\results\screenShots'.</msg>
<status status="FAIL" starttime="20220930 15:30:58.737" endtime="20220930 15:30:59.058"/>
</kw>
<status status="FAIL" starttime="20220930 15:30:58.737" endtime="20220930 15:30:59.058"/>
</kw>
<status status="FAIL" starttime="20220930 15:30:58.427" endtime="20220930 15:30:59.058"/>
</iter>
<iter>
<var name="${element}">boton_Continue</var>
<kw name="Scroll Element Into View" library="Selenium2Library">
<arg>${a1['${element}']}</arg>
<doc>Scrolls the element identified by ``locator`` into view.</doc>
<status status="PASS" starttime="20220930 15:30:59.058" endtime="20220930 15:30:59.349"/>
</kw>
<kw name="Run Keyword And Continue On Failure" library="BuiltIn">
<arg>Wait Until Element is Visible</arg>
<arg>${a1['${element}']}</arg>
<doc>Runs the keyword and continues execution even if a failure occurs.</doc>
<kw name="Wait Until Element Is Visible" library="Selenium2Library">
<arg>${a1['${element}']}</arg>
<doc>Waits until the element ``locator`` is visible.</doc>
<status status="PASS" starttime="20220930 15:30:59.350" endtime="20220930 15:30:59.374"/>
</kw>
<status status="PASS" starttime="20220930 15:30:59.349" endtime="20220930 15:30:59.374"/>
</kw>
<kw name="Run Keyword And Continue On Failure" library="BuiltIn">
<arg>capture page screenshot</arg>
<arg>${screenshots-folder}</arg>
<doc>Runs the keyword and continues execution even if a failure occurs.</doc>
<kw name="Capture Page Screenshot" library="Selenium2Library">
<arg>${screenshots-folder}</arg>
<doc>Takes a screenshot of the current page and embeds it into a log file.</doc>
<msg timestamp="20220930 15:30:59.627" level="INFO" html="true">&lt;/td&gt;&lt;/tr&gt;&lt;tr&gt;&lt;td colspan="3"&gt;&lt;a href="../results/screenShots/selenium-screenshot-103.png"&gt;&lt;img src="../results/screenShots/selenium-screenshot-103.png" width="800px"&gt;&lt;/a&gt;</msg>
<msg timestamp="20220930 15:30:59.627" level="FAIL">Failed to save screenshot 'C:\Users\Jasso\Desktop\FCS\results\screenShots'.</msg>
<status status="FAIL" starttime="20220930 15:30:59.374" endtime="20220930 15:30:59.627"/>
</kw>
<status status="FAIL" starttime="20220930 15:30:59.374" endtime="20220930 15:30:59.628"/>
</kw>
<status status="FAIL" starttime="20220930 15:30:59.058" endtime="20220930 15:30:59.628"/>
</iter>
<status status="FAIL" starttime="20220930 15:30:58.427" endtime="20220930 15:30:59.628"/>
</for>
<status status="FAIL" starttime="20220930 15:30:58.426" endtime="20220930 15:30:59.628"/>
</kw>
<kw name="- Ingresar Texto -" library="test_keywords">
<arg>${Sntms['input_oxim']}</arg>
<arg>${oxim}</arg>
<kw name="Sleep" library="BuiltIn">
<arg>3s</arg>
<doc>Pauses the test executed for the given time.</doc>
<msg timestamp="20220930 15:31:02.639" level="INFO">Slept 3 seconds</msg>
<status status="PASS" starttime="20220930 15:30:59.629" endtime="20220930 15:31:02.639"/>
</kw>
<kw name="Input Text" library="Selenium2Library">
<arg>${ubicador}</arg>
<arg>${text}</arg>
<doc>Types the given ``text`` into the text field identified by ``locator``.</doc>
<msg timestamp="20220930 15:31:02.640" level="INFO">Typing text '92' into text field 'xpath=//input[@id="idOximetry"]'.</msg>
<status status="PASS" starttime="20220930 15:31:02.640" endtime="20220930 15:31:02.701"/>
</kw>
<status status="PASS" starttime="20220930 15:30:59.629" endtime="20220930 15:31:02.701"/>
</kw>
<kw name="-CLICK ELEMENTO-" library="test_keywords">
<arg>${Sntms['boton_Continue']}</arg>
<kw name="Click Element" library="Selenium2Library">
<arg>${elemento}</arg>
<doc>Click the element identified by ``locator``.</doc>
<msg timestamp="20220930 15:31:02.703" level="INFO">Clicking element 'xpath=//button[@class="btn primario firstForm"]'.</msg>
<status status="PASS" starttime="20220930 15:31:02.702" endtime="20220930 15:31:02.741"/>
</kw>
<status status="PASS" starttime="20220930 15:31:02.702" endtime="20220930 15:31:02.741"/>
</kw>
<kw name="-VALIDAR ELEMENTOS-" library="test_keywords">
<arg>${EndPage}</arg>
<for flavor="IN">
<var>${element}</var>
<value>@{a1}</value>
<iter>
<var name="${element}">boton_Continue</var>
<kw name="Scroll Element Into View" library="Selenium2Library">
<arg>${a1['${element}']}</arg>
<doc>Scrolls the element identified by ``locator`` into view.</doc>
<status status="PASS" starttime="20220930 15:31:02.742" endtime="20220930 15:31:03.028"/>
</kw>
<kw name="Run Keyword And Continue On Failure" library="BuiltIn">
<arg>Wait Until Element is Visible</arg>
<arg>${a1['${element}']}</arg>
<doc>Runs the keyword and continues execution even if a failure occurs.</doc>
<kw name="Wait Until Element Is Visible" library="Selenium2Library">
<arg>${a1['${element}']}</arg>
<doc>Waits until the element ``locator`` is visible.</doc>
<status status="PASS" starttime="20220930 15:31:03.030" endtime="20220930 15:31:03.049"/>
</kw>
<status status="PASS" starttime="20220930 15:31:03.030" endtime="20220930 15:31:03.049"/>
</kw>
<kw name="Run Keyword And Continue On Failure" library="BuiltIn">
<arg>capture page screenshot</arg>
<arg>${screenshots-folder}</arg>
<doc>Runs the keyword and continues execution even if a failure occurs.</doc>
<kw name="Capture Page Screenshot" library="Selenium2Library">
<arg>${screenshots-folder}</arg>
<doc>Takes a screenshot of the current page and embeds it into a log file.</doc>
<msg timestamp="20220930 15:31:03.332" level="INFO" html="true">&lt;/td&gt;&lt;/tr&gt;&lt;tr&gt;&lt;td colspan="3"&gt;&lt;a href="../results/screenShots/selenium-screenshot-104.png"&gt;&lt;img src="../results/screenShots/selenium-screenshot-104.png" width="800px"&gt;&lt;/a&gt;</msg>
<msg timestamp="20220930 15:31:03.332" level="FAIL">Failed to save screenshot 'C:\Users\Jasso\Desktop\FCS\results\screenShots'.</msg>
<status status="FAIL" starttime="20220930 15:31:03.049" endtime="20220930 15:31:03.333"/>
</kw>
<status status="FAIL" starttime="20220930 15:31:03.049" endtime="20220930 15:31:03.333"/>
</kw>
<status status="FAIL" starttime="20220930 15:31:02.742" endtime="20220930 15:31:03.333"/>
</iter>
<status status="FAIL" starttime="20220930 15:31:02.742" endtime="20220930 15:31:03.333"/>
</for>
<status status="FAIL" starttime="20220930 15:31:02.742" endtime="20220930 15:31:03.333"/>
</kw>
<kw name="Select From List By Index" library="Selenium2Library">
<arg>whyIsolation</arg>
<arg>3</arg>
<doc>Selects options from selection list ``locator`` by ``indexes``.</doc>
<msg timestamp="20220930 15:31:03.334" level="INFO">Selecting options from selection list 'whyIsolation' by index 3.</msg>
<status status="PASS" starttime="20220930 15:31:03.334" endtime="20220930 15:31:03.405"/>
</kw>
<kw name="-CLICK ELEMENTO-" library="test_keywords">
<arg>${EndPage['boton_Continue']}</arg>
<kw name="Click Element" library="Selenium2Library">
<arg>${elemento}</arg>
<doc>Click the element identified by ``locator``.</doc>
<msg timestamp="20220930 15:31:03.406" level="INFO">Clicking element 'xpath=//button[@class="btn primario lastForm"]'.</msg>
<status status="PASS" starttime="20220930 15:31:03.406" endtime="20220930 15:31:03.440"/>
</kw>
<status status="PASS" starttime="20220930 15:31:03.405" endtime="20220930 15:31:03.440"/>
</kw>
<kw name="Sleep" library="BuiltIn">
<arg>3s</arg>
<doc>Pauses the test executed for the given time.</doc>
<msg timestamp="20220930 15:31:06.444" level="INFO">Slept 3 seconds</msg>
<status status="PASS" starttime="20220930 15:31:03.440" endtime="20220930 15:31:06.444"/>
</kw>
<kw name="-CERRAR TODOS LOS NAVEGADORES-" library="test_keywords">
<kw name="Close All Browsers" library="Selenium2Library">
<doc>Closes all open browsers and resets the browser cache.</doc>
<status status="PASS" starttime="20220930 15:31:06.446" endtime="20220930 15:31:08.619"/>
</kw>
<status status="PASS" starttime="20220930 15:31:06.446" endtime="20220930 15:31:08.619"/>
</kw>
<kw name="-TERMINAR CONFIGURACIÓN TESTCASE-" library="test_keywords" type="TEARDOWN">
<kw name="Close All Browsers" library="Selenium2Library">
<doc>Closes all open browsers and resets the browser cache.</doc>
<status status="PASS" starttime="20220930 15:31:08.619" endtime="20220930 15:31:08.619"/>
</kw>
<status status="PASS" starttime="20220930 15:31:08.619" endtime="20220930 15:31:08.619"/>
</kw>
<status status="FAIL" starttime="20220930 15:30:44.828" endtime="20220930 15:31:08.623">Several failures occurred:

1) Failed to save screenshot 'C:\Users\Jasso\Desktop\FCS\results\screenShots'.

2) Failed to save screenshot 'C:\Users\Jasso\Desktop\FCS\results\screenShots'.

3) Failed to save screenshot 'C:\Users\Jasso\Desktop\FCS\results\screenShots'.

4) Failed to save screenshot 'C:\Users\Jasso\Desktop\FCS\results\screenShots'.

5) Failed to save screenshot 'C:\Users\Jasso\Desktop\FCS\results\screenShots'.

6) Failed to save screenshot 'C:\Users\Jasso\Desktop\FCS\results\screenShots'.

7) Failed to save screenshot 'C:\Users\Jasso\Desktop\FCS\results\screenShots'.

8) Failed to save screenshot 'C:\Users\Jasso\Desktop\FCS\results\screenShots'.</status>
</test>
<doc>registro automatico de fcs</doc>
<status status="FAIL" starttime="20220930 15:30:19.462" endtime="20220930 15:31:08.623"/>
</suite>
<statistics>
<total>
<stat pass="0" fail="2" skip="0">All Tests</stat>
</total>
<tag>
</tag>
<suite>
<stat pass="0" fail="2" skip="0" id="s1" name="regFcs">regFcs</stat>
</suite>
</statistics>
<errors>
</errors>
</robot>
