<?xml version="1.0" encoding="UTF-8"?>
<robot generator="Robot 5.0.1 (Python 3.10.4 on win32)" generated="20220923 12:50:29.714" rpa="false" schemaversion="3">
<suite id="s1" name="regFcs" source="C:\Users\Jasso\Desktop\FCS\testCases\regFcs.robot">
<test id="s1-t1" name="-Registro FCS Andres-" line="8">
<kw name="-CONFIGURAR TESTCASE-" library="test_keywords" type="SETUP">
<kw name="-CONFIGURAR DIRECTORIO SCREENSHOTS-" library="test_keywords">
<kw name="Set Screenshot Directory" library="Selenium2Library">
<arg>${screenshots-folder}</arg>
<doc>Sets the directory for captured screenshots.</doc>
<status status="PASS" starttime="20220923 12:50:29.861" endtime="20220923 12:50:29.861"/>
</kw>
<status status="PASS" starttime="20220923 12:50:29.861" endtime="20220923 12:50:29.861"/>
</kw>
<status status="PASS" starttime="20220923 12:50:29.861" endtime="20220923 12:50:29.861"/>
</kw>
<kw name="-Abrir URL-" library="test_keywords">
<arg>${url_fcs_main}</arg>
<arg>${browser}</arg>
<kw name="Open Browser" library="Selenium2Library">
<arg>${url_togo}</arg>
<arg>${naveg}</arg>
<doc>Opens a new browser instance to the optional ``url``.</doc>
<msg timestamp="20220923 12:50:29.862" level="INFO">Opening browser 'Chrome' to base url 'https://www.fcs-monitoreo.com'.</msg>
<status status="PASS" starttime="20220923 12:50:29.862" endtime="20220923 12:50:35.998"/>
</kw>
<status status="PASS" starttime="20220923 12:50:29.862" endtime="20220923 12:50:35.998"/>
</kw>
<kw name="-VALIDAR ELEMENTOS-" library="test_keywords">
<arg>${clave_ini}</arg>
<for flavor="IN">
<var>${element}</var>
<value>@{a1}</value>
<iter>
<var name="${element}">boton_ingresar</var>
<kw name="Scroll Element Into View" library="Selenium2Library">
<arg>${a1['${element}']}</arg>
<doc>Scrolls the element identified by ``locator`` into view.</doc>
<status status="PASS" starttime="20220923 12:50:35.999" endtime="20220923 12:50:36.273"/>
</kw>
<kw name="Run Keyword And Continue On Failure" library="BuiltIn">
<arg>Wait Until Element is Visible</arg>
<arg>${a1['${element}']}</arg>
<doc>Runs the keyword and continues execution even if a failure occurs.</doc>
<kw name="Wait Until Element Is Visible" library="Selenium2Library">
<arg>${a1['${element}']}</arg>
<doc>Waits until the element ``locator`` is visible.</doc>
<status status="PASS" starttime="20220923 12:50:36.273" endtime="20220923 12:50:36.298"/>
</kw>
<status status="PASS" starttime="20220923 12:50:36.273" endtime="20220923 12:50:36.298"/>
</kw>
<status status="PASS" starttime="20220923 12:50:35.999" endtime="20220923 12:50:36.298"/>
</iter>
<status status="PASS" starttime="20220923 12:50:35.999" endtime="20220923 12:50:36.298"/>
</for>
<status status="PASS" starttime="20220923 12:50:35.998" endtime="20220923 12:50:36.298"/>
</kw>
<kw name="-CLICK ELEMENTO-" library="test_keywords">
<arg>${clave_ini['boton_ingresar']}</arg>
<kw name="Click Element" library="Selenium2Library">
<arg>${elemento}</arg>
<doc>Click the element identified by ``locator``.</doc>
<msg timestamp="20220923 12:50:36.300" level="INFO">Clicking element 'xpath=//div[@class="btn primario"]'.</msg>
<status status="PASS" starttime="20220923 12:50:36.300" endtime="20220923 12:50:36.914"/>
</kw>
<status status="PASS" starttime="20220923 12:50:36.299" endtime="20220923 12:50:36.914"/>
</kw>
<kw name="-VALIDAR ELEMENTOS-" library="test_keywords">
<arg>${elementos_log}</arg>
<for flavor="IN">
<var>${element}</var>
<value>@{a1}</value>
<iter>
<var name="${element}">input_correo</var>
<kw name="Scroll Element Into View" library="Selenium2Library">
<arg>${a1['${element}']}</arg>
<doc>Scrolls the element identified by ``locator`` into view.</doc>
<status status="PASS" starttime="20220923 12:50:36.916" endtime="20220923 12:50:37.190"/>
</kw>
<kw name="Run Keyword And Continue On Failure" library="BuiltIn">
<arg>Wait Until Element is Visible</arg>
<arg>${a1['${element}']}</arg>
<doc>Runs the keyword and continues execution even if a failure occurs.</doc>
<kw name="Wait Until Element Is Visible" library="Selenium2Library">
<arg>${a1['${element}']}</arg>
<doc>Waits until the element ``locator`` is visible.</doc>
<status status="PASS" starttime="20220923 12:50:37.190" endtime="20220923 12:50:37.208"/>
</kw>
<status status="PASS" starttime="20220923 12:50:37.190" endtime="20220923 12:50:37.208"/>
</kw>
<status status="PASS" starttime="20220923 12:50:36.915" endtime="20220923 12:50:37.208"/>
</iter>
<iter>
<var name="${element}">input_password</var>
<kw name="Scroll Element Into View" library="Selenium2Library">
<arg>${a1['${element}']}</arg>
<doc>Scrolls the element identified by ``locator`` into view.</doc>
<status status="PASS" starttime="20220923 12:50:37.208" endtime="20220923 12:50:37.483"/>
</kw>
<kw name="Run Keyword And Continue On Failure" library="BuiltIn">
<arg>Wait Until Element is Visible</arg>
<arg>${a1['${element}']}</arg>
<doc>Runs the keyword and continues execution even if a failure occurs.</doc>
<kw name="Wait Until Element Is Visible" library="Selenium2Library">
<arg>${a1['${element}']}</arg>
<doc>Waits until the element ``locator`` is visible.</doc>
<status status="PASS" starttime="20220923 12:50:37.484" endtime="20220923 12:50:37.508"/>
</kw>
<status status="PASS" starttime="20220923 12:50:37.484" endtime="20220923 12:50:37.508"/>
</kw>
<status status="PASS" starttime="20220923 12:50:37.208" endtime="20220923 12:50:37.508"/>
</iter>
<iter>
<var name="${element}">boton_ingresar</var>
<kw name="Scroll Element Into View" library="Selenium2Library">
<arg>${a1['${element}']}</arg>
<doc>Scrolls the element identified by ``locator`` into view.</doc>
<status status="PASS" starttime="20220923 12:50:37.508" endtime="20220923 12:50:37.792"/>
</kw>
<kw name="Run Keyword And Continue On Failure" library="BuiltIn">
<arg>Wait Until Element is Visible</arg>
<arg>${a1['${element}']}</arg>
<doc>Runs the keyword and continues execution even if a failure occurs.</doc>
<kw name="Wait Until Element Is Visible" library="Selenium2Library">
<arg>${a1['${element}']}</arg>
<doc>Waits until the element ``locator`` is visible.</doc>
<status status="PASS" starttime="20220923 12:50:37.792" endtime="20220923 12:50:37.816"/>
</kw>
<status status="PASS" starttime="20220923 12:50:37.792" endtime="20220923 12:50:37.816"/>
</kw>
<status status="PASS" starttime="20220923 12:50:37.508" endtime="20220923 12:50:37.816"/>
</iter>
<status status="PASS" starttime="20220923 12:50:36.915" endtime="20220923 12:50:37.816"/>
</for>
<status status="PASS" starttime="20220923 12:50:36.915" endtime="20220923 12:50:37.817"/>
</kw>
<kw name="- Ingresar Texto -" library="test_keywords">
<arg>${elementos_log['input_correo']}</arg>
<arg>${usuario_an}</arg>
<kw name="Sleep" library="BuiltIn">
<arg>3s</arg>
<doc>Pauses the test executed for the given time.</doc>
<msg timestamp="20220923 12:50:40.820" level="INFO">Slept 3 seconds</msg>
<status status="PASS" starttime="20220923 12:50:37.818" endtime="20220923 12:50:40.820"/>
</kw>
<kw name="Input Text" library="Selenium2Library">
<arg>${ubicador}</arg>
<arg>${text}</arg>
<doc>Types the given ``text`` into the text field identified by ``locator``.</doc>
<msg timestamp="20220923 12:50:40.821" level="INFO">Typing text 'jasso.q15@outlook.com' into text field 'xpath=//input[@id="emailLogin"]'.</msg>
<status status="PASS" starttime="20220923 12:50:40.820" endtime="20220923 12:50:40.884"/>
</kw>
<status status="PASS" starttime="20220923 12:50:37.817" endtime="20220923 12:50:40.884"/>
</kw>
<kw name="- Ingresar Texto -" library="test_keywords">
<arg>${elementos_log['input_password']}</arg>
<arg>${pass_an}</arg>
<kw name="Sleep" library="BuiltIn">
<arg>3s</arg>
<doc>Pauses the test executed for the given time.</doc>
<msg timestamp="20220923 12:50:43.896" level="INFO">Slept 3 seconds</msg>
<status status="PASS" starttime="20220923 12:50:40.885" endtime="20220923 12:50:43.896"/>
</kw>
<kw name="Input Text" library="Selenium2Library">
<arg>${ubicador}</arg>
<arg>${text}</arg>
<doc>Types the given ``text`` into the text field identified by ``locator``.</doc>
<msg timestamp="20220923 12:50:43.897" level="INFO">Typing text 'Claro123' into text field 'xpath=//input[@id="passwordLogin"]'.</msg>
<status status="PASS" starttime="20220923 12:50:43.896" endtime="20220923 12:50:43.951"/>
</kw>
<status status="PASS" starttime="20220923 12:50:40.884" endtime="20220923 12:50:43.951"/>
</kw>
<kw name="-CLICK ELEMENTO-" library="test_keywords">
<arg>${elementos_log['boton_ingresar']}</arg>
<kw name="Click Element" library="Selenium2Library">
<arg>${elemento}</arg>
<doc>Click the element identified by ``locator``.</doc>
<msg timestamp="20220923 12:50:43.952" level="INFO">Clicking element 'xpath=//button[normalize-space()="Ingresar"]'.</msg>
<status status="PASS" starttime="20220923 12:50:43.952" endtime="20220923 12:50:43.984"/>
</kw>
<status status="PASS" starttime="20220923 12:50:43.952" endtime="20220923 12:50:43.985"/>
</kw>
<kw name="-VALIDAR ELEMENTOS-" library="test_keywords">
<arg>${Home}</arg>
<for flavor="IN">
<var>${element}</var>
<value>@{a1}</value>
<iter>
<var name="${element}">boton_RM</var>
<kw name="Scroll Element Into View" library="Selenium2Library">
<arg>${a1['${element}']}</arg>
<doc>Scrolls the element identified by ``locator`` into view.</doc>
<status status="PASS" starttime="20220923 12:50:43.986" endtime="20220923 12:50:45.975"/>
</kw>
<kw name="Run Keyword And Continue On Failure" library="BuiltIn">
<arg>Wait Until Element is Visible</arg>
<arg>${a1['${element}']}</arg>
<doc>Runs the keyword and continues execution even if a failure occurs.</doc>
<kw name="Wait Until Element Is Visible" library="Selenium2Library">
<arg>${a1['${element}']}</arg>
<doc>Waits until the element ``locator`` is visible.</doc>
<status status="PASS" starttime="20220923 12:50:45.975" endtime="20220923 12:50:45.996"/>
</kw>
<status status="PASS" starttime="20220923 12:50:45.975" endtime="20220923 12:50:45.996"/>
</kw>
<status status="PASS" starttime="20220923 12:50:43.985" endtime="20220923 12:50:45.996"/>
</iter>
<status status="PASS" starttime="20220923 12:50:43.985" endtime="20220923 12:50:45.996"/>
</for>
<status status="PASS" starttime="20220923 12:50:43.985" endtime="20220923 12:50:45.997"/>
</kw>
<kw name="-CLICK ELEMENTO-" library="test_keywords">
<arg>${Home['boton_RM']}</arg>
<kw name="Click Element" library="Selenium2Library">
<arg>${elemento}</arg>
<doc>Click the element identified by ``locator``.</doc>
<msg timestamp="20220923 12:50:45.998" level="INFO">Clicking element 'xpath=//span[normalize-space()="Reporte manual"]'.</msg>
<status status="PASS" starttime="20220923 12:50:45.998" endtime="20220923 12:50:47.381"/>
</kw>
<status status="PASS" starttime="20220923 12:50:45.997" endtime="20220923 12:50:47.381"/>
</kw>
<kw name="-VALIDAR ELEMENTOS-" library="test_keywords">
<arg>${Sntms}</arg>
<for flavor="IN">
<var>${element}</var>
<value>@{a1}</value>
<iter>
<var name="${element}">input_oxim</var>
<kw name="Scroll Element Into View" library="Selenium2Library">
<arg>${a1['${element}']}</arg>
<doc>Scrolls the element identified by ``locator`` into view.</doc>
<status status="PASS" starttime="20220923 12:50:47.383" endtime="20220923 12:50:47.660"/>
</kw>
<kw name="Run Keyword And Continue On Failure" library="BuiltIn">
<arg>Wait Until Element is Visible</arg>
<arg>${a1['${element}']}</arg>
<doc>Runs the keyword and continues execution even if a failure occurs.</doc>
<kw name="Wait Until Element Is Visible" library="Selenium2Library">
<arg>${a1['${element}']}</arg>
<doc>Waits until the element ``locator`` is visible.</doc>
<status status="PASS" starttime="20220923 12:50:47.660" endtime="20220923 12:50:47.678"/>
</kw>
<status status="PASS" starttime="20220923 12:50:47.660" endtime="20220923 12:50:47.678"/>
</kw>
<status status="PASS" starttime="20220923 12:50:47.382" endtime="20220923 12:50:47.678"/>
</iter>
<iter>
<var name="${element}">boton_Continue</var>
<kw name="Scroll Element Into View" library="Selenium2Library">
<arg>${a1['${element}']}</arg>
<doc>Scrolls the element identified by ``locator`` into view.</doc>
<status status="PASS" starttime="20220923 12:50:47.679" endtime="20220923 12:50:47.971"/>
</kw>
<kw name="Run Keyword And Continue On Failure" library="BuiltIn">
<arg>Wait Until Element is Visible</arg>
<arg>${a1['${element}']}</arg>
<doc>Runs the keyword and continues execution even if a failure occurs.</doc>
<kw name="Wait Until Element Is Visible" library="Selenium2Library">
<arg>${a1['${element}']}</arg>
<doc>Waits until the element ``locator`` is visible.</doc>
<status status="PASS" starttime="20220923 12:50:47.972" endtime="20220923 12:50:47.998"/>
</kw>
<status status="PASS" starttime="20220923 12:50:47.971" endtime="20220923 12:50:47.998"/>
</kw>
<status status="PASS" starttime="20220923 12:50:47.678" endtime="20220923 12:50:47.998"/>
</iter>
<status status="PASS" starttime="20220923 12:50:47.382" endtime="20220923 12:50:47.998"/>
</for>
<status status="PASS" starttime="20220923 12:50:47.382" endtime="20220923 12:50:47.998"/>
</kw>
<kw name="- Ingresar Texto -" library="test_keywords">
<arg>${Sntms['input_oxim']}</arg>
<arg>${oxim}</arg>
<kw name="Sleep" library="BuiltIn">
<arg>3s</arg>
<doc>Pauses the test executed for the given time.</doc>
<msg timestamp="20220923 12:50:51.002" level="INFO">Slept 3 seconds</msg>
<status status="PASS" starttime="20220923 12:50:48.001" endtime="20220923 12:50:51.002"/>
</kw>
<kw name="Input Text" library="Selenium2Library">
<arg>${ubicador}</arg>
<arg>${text}</arg>
<doc>Types the given ``text`` into the text field identified by ``locator``.</doc>
<msg timestamp="20220923 12:50:51.003" level="INFO">Typing text '92' into text field 'xpath=//input[@id="idOximetry"]'.</msg>
<status status="PASS" starttime="20220923 12:50:51.002" endtime="20220923 12:50:51.067"/>
</kw>
<status status="PASS" starttime="20220923 12:50:48.000" endtime="20220923 12:50:51.067"/>
</kw>
<kw name="-CLICK ELEMENTO-" library="test_keywords">
<arg>${Sntms['boton_Continue']}</arg>
<kw name="Click Element" library="Selenium2Library">
<arg>${elemento}</arg>
<doc>Click the element identified by ``locator``.</doc>
<msg timestamp="20220923 12:50:51.069" level="INFO">Clicking element 'xpath=//button[@class="btn primario firstForm"]'.</msg>
<status status="PASS" starttime="20220923 12:50:51.068" endtime="20220923 12:50:51.112"/>
</kw>
<status status="PASS" starttime="20220923 12:50:51.068" endtime="20220923 12:50:51.113"/>
</kw>
<kw name="-VALIDAR ELEMENTOS-" library="test_keywords">
<arg>${EndPage}</arg>
<for flavor="IN">
<var>${element}</var>
<value>@{a1}</value>
<iter>
<var name="${element}">boton_Continue</var>
<kw name="Scroll Element Into View" library="Selenium2Library">
<arg>${a1['${element}']}</arg>
<doc>Scrolls the element identified by ``locator`` into view.</doc>
<status status="PASS" starttime="20220923 12:50:51.113" endtime="20220923 12:50:51.394"/>
</kw>
<kw name="Run Keyword And Continue On Failure" library="BuiltIn">
<arg>Wait Until Element is Visible</arg>
<arg>${a1['${element}']}</arg>
<doc>Runs the keyword and continues execution even if a failure occurs.</doc>
<kw name="Wait Until Element Is Visible" library="Selenium2Library">
<arg>${a1['${element}']}</arg>
<doc>Waits until the element ``locator`` is visible.</doc>
<status status="PASS" starttime="20220923 12:50:51.394" endtime="20220923 12:50:51.412"/>
</kw>
<status status="PASS" starttime="20220923 12:50:51.394" endtime="20220923 12:50:51.412"/>
</kw>
<status status="PASS" starttime="20220923 12:50:51.113" endtime="20220923 12:50:51.412"/>
</iter>
<status status="PASS" starttime="20220923 12:50:51.113" endtime="20220923 12:50:51.412"/>
</for>
<status status="PASS" starttime="20220923 12:50:51.113" endtime="20220923 12:50:51.412"/>
</kw>
<kw name="Select From List By Index" library="Selenium2Library">
<arg>whyIsolation</arg>
<arg>3</arg>
<doc>Selects options from selection list ``locator`` by ``indexes``.</doc>
<msg timestamp="20220923 12:50:51.413" level="INFO">Selecting options from selection list 'whyIsolation' by index 3.</msg>
<status status="PASS" starttime="20220923 12:50:51.413" endtime="20220923 12:50:51.497"/>
</kw>
<kw name="-CLICK ELEMENTO-" library="test_keywords">
<arg>${EndPage['boton_Continue']}</arg>
<kw name="Click Element" library="Selenium2Library">
<arg>${elemento}</arg>
<doc>Click the element identified by ``locator``.</doc>
<msg timestamp="20220923 12:50:51.499" level="INFO">Clicking element 'xpath=//button[@class="btn primario lastForm"]'.</msg>
<status status="PASS" starttime="20220923 12:50:51.499" endtime="20220923 12:50:51.528"/>
</kw>
<status status="PASS" starttime="20220923 12:50:51.498" endtime="20220923 12:50:51.528"/>
</kw>
<kw name="Sleep" library="BuiltIn">
<arg>3s</arg>
<doc>Pauses the test executed for the given time.</doc>
<msg timestamp="20220923 12:50:54.534" level="INFO">Slept 3 seconds</msg>
<status status="PASS" starttime="20220923 12:50:51.528" endtime="20220923 12:50:54.534"/>
</kw>
<kw name="-CERRAR TODOS LOS NAVEGADORES-" library="test_keywords">
<kw name="Close All Browsers" library="Selenium2Library">
<doc>Closes all open browsers and resets the browser cache.</doc>
<status status="PASS" starttime="20220923 12:50:54.535" endtime="20220923 12:50:56.701"/>
</kw>
<status status="PASS" starttime="20220923 12:50:54.535" endtime="20220923 12:50:56.702"/>
</kw>
<kw name="-TERMINAR CONFIGURACIÓN TESTCASE-" library="test_keywords" type="TEARDOWN">
<kw name="Capture Page Screenshot" library="Selenium2Library">
<doc>Takes a screenshot of the current page and embeds it into a log file.</doc>
<msg timestamp="20220923 12:50:56.705" level="INFO">Cannot capture screenshot because no browser is open.</msg>
<status status="PASS" starttime="20220923 12:50:56.705" endtime="20220923 12:50:56.705"/>
</kw>
<kw name="Close All Browsers" library="Selenium2Library">
<doc>Closes all open browsers and resets the browser cache.</doc>
<status status="PASS" starttime="20220923 12:50:56.705" endtime="20220923 12:50:56.705"/>
</kw>
<status status="PASS" starttime="20220923 12:50:56.703" endtime="20220923 12:50:56.705"/>
</kw>
<status status="PASS" starttime="20220923 12:50:29.859" endtime="20220923 12:50:56.705"/>
</test>
<test id="s1-t2" name="-Registro FCS Alberto-" line="33">
<kw name="-CONFIGURAR TESTCASE-" library="test_keywords" type="SETUP">
<kw name="-CONFIGURAR DIRECTORIO SCREENSHOTS-" library="test_keywords">
<kw name="Set Screenshot Directory" library="Selenium2Library">
<arg>${screenshots-folder}</arg>
<doc>Sets the directory for captured screenshots.</doc>
<status status="PASS" starttime="20220923 12:50:56.710" endtime="20220923 12:50:56.710"/>
</kw>
<status status="PASS" starttime="20220923 12:50:56.709" endtime="20220923 12:50:56.710"/>
</kw>
<status status="PASS" starttime="20220923 12:50:56.709" endtime="20220923 12:50:56.711"/>
</kw>
<kw name="-Abrir URL-" library="test_keywords">
<arg>${url_fcs_main}</arg>
<arg>${browser}</arg>
<kw name="Open Browser" library="Selenium2Library">
<arg>${url_togo}</arg>
<arg>${naveg}</arg>
<doc>Opens a new browser instance to the optional ``url``.</doc>
<msg timestamp="20220923 12:50:56.712" level="INFO">Opening browser 'Chrome' to base url 'https://www.fcs-monitoreo.com'.</msg>
<status status="PASS" starttime="20220923 12:50:56.712" endtime="20220923 12:50:58.644"/>
</kw>
<status status="PASS" starttime="20220923 12:50:56.711" endtime="20220923 12:50:58.644"/>
</kw>
<kw name="-VALIDAR ELEMENTOS-" library="test_keywords">
<arg>${clave_ini}</arg>
<for flavor="IN">
<var>${element}</var>
<value>@{a1}</value>
<iter>
<var name="${element}">boton_ingresar</var>
<kw name="Scroll Element Into View" library="Selenium2Library">
<arg>${a1['${element}']}</arg>
<doc>Scrolls the element identified by ``locator`` into view.</doc>
<status status="PASS" starttime="20220923 12:50:58.646" endtime="20220923 12:50:58.922"/>
</kw>
<kw name="Run Keyword And Continue On Failure" library="BuiltIn">
<arg>Wait Until Element is Visible</arg>
<arg>${a1['${element}']}</arg>
<doc>Runs the keyword and continues execution even if a failure occurs.</doc>
<kw name="Wait Until Element Is Visible" library="Selenium2Library">
<arg>${a1['${element}']}</arg>
<doc>Waits until the element ``locator`` is visible.</doc>
<status status="PASS" starttime="20220923 12:50:58.922" endtime="20220923 12:50:58.935"/>
</kw>
<status status="PASS" starttime="20220923 12:50:58.922" endtime="20220923 12:50:58.935"/>
</kw>
<status status="PASS" starttime="20220923 12:50:58.646" endtime="20220923 12:50:58.935"/>
</iter>
<status status="PASS" starttime="20220923 12:50:58.645" endtime="20220923 12:50:58.935"/>
</for>
<status status="PASS" starttime="20220923 12:50:58.645" endtime="20220923 12:50:58.935"/>
</kw>
<kw name="-CLICK ELEMENTO-" library="test_keywords">
<arg>${clave_ini['boton_ingresar']}</arg>
<kw name="Click Element" library="Selenium2Library">
<arg>${elemento}</arg>
<doc>Click the element identified by ``locator``.</doc>
<msg timestamp="20220923 12:50:58.937" level="INFO">Clicking element 'xpath=//div[@class="btn primario"]'.</msg>
<status status="PASS" starttime="20220923 12:50:58.937" endtime="20220923 12:50:59.223"/>
</kw>
<status status="PASS" starttime="20220923 12:50:58.937" endtime="20220923 12:50:59.223"/>
</kw>
<kw name="-VALIDAR ELEMENTOS-" library="test_keywords">
<arg>${elementos_log}</arg>
<for flavor="IN">
<var>${element}</var>
<value>@{a1}</value>
<iter>
<var name="${element}">input_correo</var>
<kw name="Scroll Element Into View" library="Selenium2Library">
<arg>${a1['${element}']}</arg>
<doc>Scrolls the element identified by ``locator`` into view.</doc>
<status status="PASS" starttime="20220923 12:50:59.224" endtime="20220923 12:50:59.512"/>
</kw>
<kw name="Run Keyword And Continue On Failure" library="BuiltIn">
<arg>Wait Until Element is Visible</arg>
<arg>${a1['${element}']}</arg>
<doc>Runs the keyword and continues execution even if a failure occurs.</doc>
<kw name="Wait Until Element Is Visible" library="Selenium2Library">
<arg>${a1['${element}']}</arg>
<doc>Waits until the element ``locator`` is visible.</doc>
<status status="PASS" starttime="20220923 12:50:59.512" endtime="20220923 12:50:59.544"/>
</kw>
<status status="PASS" starttime="20220923 12:50:59.512" endtime="20220923 12:50:59.544"/>
</kw>
<status status="PASS" starttime="20220923 12:50:59.224" endtime="20220923 12:50:59.544"/>
</iter>
<iter>
<var name="${element}">input_password</var>
<kw name="Scroll Element Into View" library="Selenium2Library">
<arg>${a1['${element}']}</arg>
<doc>Scrolls the element identified by ``locator`` into view.</doc>
<status status="PASS" starttime="20220923 12:50:59.545" endtime="20220923 12:50:59.833"/>
</kw>
<kw name="Run Keyword And Continue On Failure" library="BuiltIn">
<arg>Wait Until Element is Visible</arg>
<arg>${a1['${element}']}</arg>
<doc>Runs the keyword and continues execution even if a failure occurs.</doc>
<kw name="Wait Until Element Is Visible" library="Selenium2Library">
<arg>${a1['${element}']}</arg>
<doc>Waits until the element ``locator`` is visible.</doc>
<status status="PASS" starttime="20220923 12:50:59.834" endtime="20220923 12:50:59.850"/>
</kw>
<status status="PASS" starttime="20220923 12:50:59.833" endtime="20220923 12:50:59.850"/>
</kw>
<status status="PASS" starttime="20220923 12:50:59.544" endtime="20220923 12:50:59.850"/>
</iter>
<iter>
<var name="${element}">boton_ingresar</var>
<kw name="Scroll Element Into View" library="Selenium2Library">
<arg>${a1['${element}']}</arg>
<doc>Scrolls the element identified by ``locator`` into view.</doc>
<status status="PASS" starttime="20220923 12:50:59.850" endtime="20220923 12:51:00.126"/>
</kw>
<kw name="Run Keyword And Continue On Failure" library="BuiltIn">
<arg>Wait Until Element is Visible</arg>
<arg>${a1['${element}']}</arg>
<doc>Runs the keyword and continues execution even if a failure occurs.</doc>
<kw name="Wait Until Element Is Visible" library="Selenium2Library">
<arg>${a1['${element}']}</arg>
<doc>Waits until the element ``locator`` is visible.</doc>
<status status="PASS" starttime="20220923 12:51:00.127" endtime="20220923 12:51:00.145"/>
</kw>
<status status="PASS" starttime="20220923 12:51:00.127" endtime="20220923 12:51:00.145"/>
</kw>
<status status="PASS" starttime="20220923 12:50:59.850" endtime="20220923 12:51:00.145"/>
</iter>
<status status="PASS" starttime="20220923 12:50:59.224" endtime="20220923 12:51:00.145"/>
</for>
<status status="PASS" starttime="20220923 12:50:59.224" endtime="20220923 12:51:00.145"/>
</kw>
<kw name="- Ingresar Texto -" library="test_keywords">
<arg>${elementos_log['input_correo']}</arg>
<arg>${usuario_al}</arg>
<kw name="Sleep" library="BuiltIn">
<arg>3s</arg>
<doc>Pauses the test executed for the given time.</doc>
<msg timestamp="20220923 12:51:03.150" level="INFO">Slept 3 seconds</msg>
<status status="PASS" starttime="20220923 12:51:00.146" endtime="20220923 12:51:03.150"/>
</kw>
<kw name="Input Text" library="Selenium2Library">
<arg>${ubicador}</arg>
<arg>${text}</arg>
<doc>Types the given ``text`` into the text field identified by ``locator``.</doc>
<msg timestamp="20220923 12:51:03.150" level="INFO">Typing text 's_tamezaa@globalhitss.com' into text field 'xpath=//input[@id="emailLogin"]'.</msg>
<status status="PASS" starttime="20220923 12:51:03.150" endtime="20220923 12:51:03.203"/>
</kw>
<status status="PASS" starttime="20220923 12:51:00.145" endtime="20220923 12:51:03.203"/>
</kw>
<kw name="- Ingresar Texto -" library="test_keywords">
<arg>${elementos_log['input_password']}</arg>
<arg>${pass_al}</arg>
<kw name="Sleep" library="BuiltIn">
<arg>3s</arg>
<doc>Pauses the test executed for the given time.</doc>
<msg timestamp="20220923 12:51:06.218" level="INFO">Slept 3 seconds</msg>
<status status="PASS" starttime="20220923 12:51:03.204" endtime="20220923 12:51:06.218"/>
</kw>
<kw name="Input Text" library="Selenium2Library">
<arg>${ubicador}</arg>
<arg>${text}</arg>
<doc>Types the given ``text`` into the text field identified by ``locator``.</doc>
<msg timestamp="20220923 12:51:06.218" level="INFO">Typing text '123456' into text field 'xpath=//input[@id="passwordLogin"]'.</msg>
<status status="PASS" starttime="20220923 12:51:06.218" endtime="20220923 12:51:06.277"/>
</kw>
<status status="PASS" starttime="20220923 12:51:03.204" endtime="20220923 12:51:06.277"/>
</kw>
<kw name="-CLICK ELEMENTO-" library="test_keywords">
<arg>${elementos_log['boton_ingresar']}</arg>
<kw name="Click Element" library="Selenium2Library">
<arg>${elemento}</arg>
<doc>Click the element identified by ``locator``.</doc>
<msg timestamp="20220923 12:51:06.279" level="INFO">Clicking element 'xpath=//button[normalize-space()="Ingresar"]'.</msg>
<status status="PASS" starttime="20220923 12:51:06.278" endtime="20220923 12:51:06.311"/>
</kw>
<status status="PASS" starttime="20220923 12:51:06.278" endtime="20220923 12:51:06.311"/>
</kw>
<kw name="-VALIDAR ELEMENTOS-" library="test_keywords">
<arg>${Home}</arg>
<for flavor="IN">
<var>${element}</var>
<value>@{a1}</value>
<iter>
<var name="${element}">boton_RM</var>
<kw name="Scroll Element Into View" library="Selenium2Library">
<arg>${a1['${element}']}</arg>
<doc>Scrolls the element identified by ``locator`` into view.</doc>
<status status="PASS" starttime="20220923 12:51:06.312" endtime="20220923 12:51:08.245"/>
</kw>
<kw name="Run Keyword And Continue On Failure" library="BuiltIn">
<arg>Wait Until Element is Visible</arg>
<arg>${a1['${element}']}</arg>
<doc>Runs the keyword and continues execution even if a failure occurs.</doc>
<kw name="Wait Until Element Is Visible" library="Selenium2Library">
<arg>${a1['${element}']}</arg>
<doc>Waits until the element ``locator`` is visible.</doc>
<status status="PASS" starttime="20220923 12:51:08.245" endtime="20220923 12:51:08.260"/>
</kw>
<status status="PASS" starttime="20220923 12:51:08.245" endtime="20220923 12:51:08.260"/>
</kw>
<status status="PASS" starttime="20220923 12:51:06.312" endtime="20220923 12:51:08.260"/>
</iter>
<status status="PASS" starttime="20220923 12:51:06.312" endtime="20220923 12:51:08.260"/>
</for>
<status status="PASS" starttime="20220923 12:51:06.312" endtime="20220923 12:51:08.260"/>
</kw>
<kw name="-CLICK ELEMENTO-" library="test_keywords">
<arg>${Home['boton_RM']}</arg>
<kw name="Click Element" library="Selenium2Library">
<arg>${elemento}</arg>
<doc>Click the element identified by ``locator``.</doc>
<msg timestamp="20220923 12:51:08.261" level="INFO">Clicking element 'xpath=//span[normalize-space()="Reporte manual"]'.</msg>
<status status="PASS" starttime="20220923 12:51:08.261" endtime="20220923 12:51:08.571"/>
</kw>
<status status="PASS" starttime="20220923 12:51:08.260" endtime="20220923 12:51:08.572"/>
</kw>
<kw name="-VALIDAR ELEMENTOS-" library="test_keywords">
<arg>${Sntms}</arg>
<for flavor="IN">
<var>${element}</var>
<value>@{a1}</value>
<iter>
<var name="${element}">input_oxim</var>
<kw name="Scroll Element Into View" library="Selenium2Library">
<arg>${a1['${element}']}</arg>
<doc>Scrolls the element identified by ``locator`` into view.</doc>
<status status="PASS" starttime="20220923 12:51:08.575" endtime="20220923 12:51:08.844"/>
</kw>
<kw name="Run Keyword And Continue On Failure" library="BuiltIn">
<arg>Wait Until Element is Visible</arg>
<arg>${a1['${element}']}</arg>
<doc>Runs the keyword and continues execution even if a failure occurs.</doc>
<kw name="Wait Until Element Is Visible" library="Selenium2Library">
<arg>${a1['${element}']}</arg>
<doc>Waits until the element ``locator`` is visible.</doc>
<status status="PASS" starttime="20220923 12:51:08.844" endtime="20220923 12:51:08.859"/>
</kw>
<status status="PASS" starttime="20220923 12:51:08.844" endtime="20220923 12:51:08.859"/>
</kw>
<status status="PASS" starttime="20220923 12:51:08.574" endtime="20220923 12:51:08.859"/>
</iter>
<iter>
<var name="${element}">boton_Continue</var>
<kw name="Scroll Element Into View" library="Selenium2Library">
<arg>${a1['${element}']}</arg>
<doc>Scrolls the element identified by ``locator`` into view.</doc>
<status status="PASS" starttime="20220923 12:51:08.860" endtime="20220923 12:51:09.154"/>
</kw>
<kw name="Run Keyword And Continue On Failure" library="BuiltIn">
<arg>Wait Until Element is Visible</arg>
<arg>${a1['${element}']}</arg>
<doc>Runs the keyword and continues execution even if a failure occurs.</doc>
<kw name="Wait Until Element Is Visible" library="Selenium2Library">
<arg>${a1['${element}']}</arg>
<doc>Waits until the element ``locator`` is visible.</doc>
<status status="PASS" starttime="20220923 12:51:09.154" endtime="20220923 12:51:09.173"/>
</kw>
<status status="PASS" starttime="20220923 12:51:09.154" endtime="20220923 12:51:09.173"/>
</kw>
<status status="PASS" starttime="20220923 12:51:08.859" endtime="20220923 12:51:09.173"/>
</iter>
<status status="PASS" starttime="20220923 12:51:08.573" endtime="20220923 12:51:09.173"/>
</for>
<status status="PASS" starttime="20220923 12:51:08.572" endtime="20220923 12:51:09.173"/>
</kw>
<kw name="- Ingresar Texto -" library="test_keywords">
<arg>${Sntms['input_oxim']}</arg>
<arg>${oxim}</arg>
<kw name="Sleep" library="BuiltIn">
<arg>3s</arg>
<doc>Pauses the test executed for the given time.</doc>
<msg timestamp="20220923 12:51:12.183" level="INFO">Slept 3 seconds</msg>
<status status="PASS" starttime="20220923 12:51:09.174" endtime="20220923 12:51:12.183"/>
</kw>
<kw name="Input Text" library="Selenium2Library">
<arg>${ubicador}</arg>
<arg>${text}</arg>
<doc>Types the given ``text`` into the text field identified by ``locator``.</doc>
<msg timestamp="20220923 12:51:12.184" level="INFO">Typing text '92' into text field 'xpath=//input[@id="idOximetry"]'.</msg>
<status status="PASS" starttime="20220923 12:51:12.183" endtime="20220923 12:51:12.240"/>
</kw>
<status status="PASS" starttime="20220923 12:51:09.174" endtime="20220923 12:51:12.241"/>
</kw>
<kw name="-CLICK ELEMENTO-" library="test_keywords">
<arg>${Sntms['boton_Continue']}</arg>
<kw name="Click Element" library="Selenium2Library">
<arg>${elemento}</arg>
<doc>Click the element identified by ``locator``.</doc>
<msg timestamp="20220923 12:51:12.243" level="INFO">Clicking element 'xpath=//button[@class="btn primario firstForm"]'.</msg>
<status status="PASS" starttime="20220923 12:51:12.242" endtime="20220923 12:51:12.289"/>
</kw>
<status status="PASS" starttime="20220923 12:51:12.241" endtime="20220923 12:51:12.289"/>
</kw>
<kw name="-VALIDAR ELEMENTOS-" library="test_keywords">
<arg>${EndPage}</arg>
<for flavor="IN">
<var>${element}</var>
<value>@{a1}</value>
<iter>
<var name="${element}">boton_Continue</var>
<kw name="Scroll Element Into View" library="Selenium2Library">
<arg>${a1['${element}']}</arg>
<doc>Scrolls the element identified by ``locator`` into view.</doc>
<status status="PASS" starttime="20220923 12:51:12.289" endtime="20220923 12:51:12.570"/>
</kw>
<kw name="Run Keyword And Continue On Failure" library="BuiltIn">
<arg>Wait Until Element is Visible</arg>
<arg>${a1['${element}']}</arg>
<doc>Runs the keyword and continues execution even if a failure occurs.</doc>
<kw name="Wait Until Element Is Visible" library="Selenium2Library">
<arg>${a1['${element}']}</arg>
<doc>Waits until the element ``locator`` is visible.</doc>
<status status="PASS" starttime="20220923 12:51:12.570" endtime="20220923 12:51:12.583"/>
</kw>
<status status="PASS" starttime="20220923 12:51:12.570" endtime="20220923 12:51:12.583"/>
</kw>
<status status="PASS" starttime="20220923 12:51:12.289" endtime="20220923 12:51:12.583"/>
</iter>
<status status="PASS" starttime="20220923 12:51:12.289" endtime="20220923 12:51:12.583"/>
</for>
<status status="PASS" starttime="20220923 12:51:12.289" endtime="20220923 12:51:12.583"/>
</kw>
<kw name="Select From List By Index" library="Selenium2Library">
<arg>whyIsolation</arg>
<arg>3</arg>
<doc>Selects options from selection list ``locator`` by ``indexes``.</doc>
<msg timestamp="20220923 12:51:12.584" level="INFO">Selecting options from selection list 'whyIsolation' by index 3.</msg>
<status status="PASS" starttime="20220923 12:51:12.584" endtime="20220923 12:51:12.655"/>
</kw>
<kw name="-CLICK ELEMENTO-" library="test_keywords">
<arg>${EndPage['boton_Continue']}</arg>
<kw name="Click Element" library="Selenium2Library">
<arg>${elemento}</arg>
<doc>Click the element identified by ``locator``.</doc>
<msg timestamp="20220923 12:51:12.657" level="INFO">Clicking element 'xpath=//button[@class="btn primario lastForm"]'.</msg>
<status status="PASS" starttime="20220923 12:51:12.657" endtime="20220923 12:51:12.683"/>
</kw>
<status status="PASS" starttime="20220923 12:51:12.656" endtime="20220923 12:51:12.683"/>
</kw>
<kw name="Sleep" library="BuiltIn">
<arg>3s</arg>
<doc>Pauses the test executed for the given time.</doc>
<msg timestamp="20220923 12:51:15.684" level="INFO">Slept 3 seconds</msg>
<status status="PASS" starttime="20220923 12:51:12.683" endtime="20220923 12:51:15.684"/>
</kw>
<kw name="-CERRAR TODOS LOS NAVEGADORES-" library="test_keywords">
<kw name="Close All Browsers" library="Selenium2Library">
<doc>Closes all open browsers and resets the browser cache.</doc>
<status status="PASS" starttime="20220923 12:51:15.685" endtime="20220923 12:51:17.879"/>
</kw>
<status status="PASS" starttime="20220923 12:51:15.685" endtime="20220923 12:51:17.879"/>
</kw>
<kw name="-TERMINAR CONFIGURACIÓN TESTCASE-" library="test_keywords" type="TEARDOWN">
<kw name="Capture Page Screenshot" library="Selenium2Library">
<doc>Takes a screenshot of the current page and embeds it into a log file.</doc>
<msg timestamp="20220923 12:51:17.881" level="INFO">Cannot capture screenshot because no browser is open.</msg>
<status status="PASS" starttime="20220923 12:51:17.880" endtime="20220923 12:51:17.881"/>
</kw>
<kw name="Close All Browsers" library="Selenium2Library">
<doc>Closes all open browsers and resets the browser cache.</doc>
<status status="PASS" starttime="20220923 12:51:17.881" endtime="20220923 12:51:17.881"/>
</kw>
<status status="PASS" starttime="20220923 12:51:17.880" endtime="20220923 12:51:17.881"/>
</kw>
<status status="PASS" starttime="20220923 12:50:56.708" endtime="20220923 12:51:17.881"/>
</test>
<doc>registro automatico de fcs</doc>
<status status="PASS" starttime="20220923 12:50:29.715" endtime="20220923 12:51:17.883"/>
</suite>
<statistics>
<total>
<stat pass="2" fail="0" skip="0">All Tests</stat>
</total>
<tag>
</tag>
<suite>
<stat pass="2" fail="0" skip="0" id="s1" name="regFcs">regFcs</stat>
</suite>
</statistics>
<errors>
<msg timestamp="20220923 12:50:29.852" level="ERROR">Error in file 'C:\Users\Jasso\Desktop\FCS\resources\common_functionatilies\test_keywords.robot' on line 4: Importing library 'webdriver' failed: ModuleNotFoundError: No module named 'webdriver'
Traceback (most recent call last):
  None
PYTHONPATH:
  C:\Users\Jasso\AppData\Local\Programs\Python\Python310\Scripts\robot.exe
  C:\Users\Jasso\AppData\Local\Programs\Python\Python310\python310.zip
  C:\Users\Jasso\AppData\Local\Programs\Python\Python310\DLLs
  C:\Users\Jasso\AppData\Local\Programs\Python\Python310\lib
  C:\Users\Jasso\AppData\Local\Programs\Python\Python310
  C:\Users\Jasso\AppData\Local\Programs\Python\Python310\lib\site-packages</msg>
</errors>
</robot>
