<?xml version="1.0" encoding="UTF-8"?>
<robot generator="Robot 5.0.1 (Python 3.10.4 on win32)" generated="20220925 21:28:15.997" rpa="false" schemaversion="3">
<suite id="s1" name="regFcs" source="C:\Users\Jasso\Desktop\FCS\testCases\regFcs.robot">
<test id="s1-t1" name="-Registro FCS Andres-" line="8">
<kw name="-CONFIGURAR TESTCASE-" library="test_keywords" type="SETUP">
<kw name="-CONFIGURAR DIRECTORIO SCREENSHOTS-" library="test_keywords">
<kw name="Set Screenshot Directory" library="Selenium2Library">
<arg>${screenshots-folder}</arg>
<doc>Sets the directory for captured screenshots.</doc>
<status status="PASS" starttime="20220925 21:28:16.141" endtime="20220925 21:28:16.141"/>
</kw>
<status status="PASS" starttime="20220925 21:28:16.141" endtime="20220925 21:28:16.141"/>
</kw>
<status status="PASS" starttime="20220925 21:28:16.141" endtime="20220925 21:28:16.142"/>
</kw>
<kw name="-Abrir URL-" library="test_keywords">
<arg>${url_fcs_main}</arg>
<arg>${browser}</arg>
<kw name="Open Browser" library="Selenium2Library">
<arg>${url_togo}</arg>
<arg>${naveg}</arg>
<doc>Opens a new browser instance to the optional ``url``.</doc>
<msg timestamp="20220925 21:28:16.142" level="INFO">Opening browser 'Chrome' to base url 'https://www.fcs-monitoreo.com'.</msg>
<status status="PASS" starttime="20220925 21:28:16.142" endtime="20220925 21:28:18.253"/>
</kw>
<status status="PASS" starttime="20220925 21:28:16.142" endtime="20220925 21:28:18.253"/>
</kw>
<kw name="-VALIDAR ELEMENTOS-" library="test_keywords">
<arg>${clave_ini}</arg>
<for flavor="IN">
<var>${element}</var>
<value>@{a1}</value>
<iter>
<var name="${element}">boton_ingresar</var>
<kw name="Scroll Element Into View" library="Selenium2Library">
<arg>${a1['${element}']}</arg>
<doc>Scrolls the element identified by ``locator`` into view.</doc>
<status status="PASS" starttime="20220925 21:28:18.255" endtime="20220925 21:28:18.543"/>
</kw>
<kw name="Run Keyword And Continue On Failure" library="BuiltIn">
<arg>Wait Until Element is Visible</arg>
<arg>${a1['${element}']}</arg>
<doc>Runs the keyword and continues execution even if a failure occurs.</doc>
<kw name="Wait Until Element Is Visible" library="Selenium2Library">
<arg>${a1['${element}']}</arg>
<doc>Waits until the element ``locator`` is visible.</doc>
<status status="PASS" starttime="20220925 21:28:18.543" endtime="20220925 21:28:18.559"/>
</kw>
<status status="PASS" starttime="20220925 21:28:18.543" endtime="20220925 21:28:18.559"/>
</kw>
<kw name="Run Keyword And Continue On Failure" library="BuiltIn">
<arg>capture page screenshot</arg>
<arg>${screenshots-folder}</arg>
<doc>Runs the keyword and continues execution even if a failure occurs.</doc>
<kw name="Capture Page Screenshot" library="Selenium2Library">
<arg>${screenshots-folder}</arg>
<doc>Takes a screenshot of the current page and embeds it into a log file.</doc>
<msg timestamp="20220925 21:28:18.797" level="INFO" html="true">&lt;/td&gt;&lt;/tr&gt;&lt;tr&gt;&lt;td colspan="3"&gt;&lt;a href="../results/screenShots/selenium-screenshot-49.png"&gt;&lt;img src="../results/screenShots/selenium-screenshot-49.png" width="800px"&gt;&lt;/a&gt;</msg>
<msg timestamp="20220925 21:28:18.797" level="INFO">C:\Users\Jasso\AppData\Local\Programs\Python\Python310\lib\site-packages\selenium\webdriver\remote\webdriver.py:926: UserWarning: name used for saved screenshot does not match file type. It should end with a `.png` extension
  warnings.warn("name used for saved screenshot does not match file "</msg>
<msg timestamp="20220925 21:28:18.798" level="FAIL">Failed to save screenshot 'C:\Users\Jasso\Desktop\FCS\results\screenShots'.</msg>
<status status="FAIL" starttime="20220925 21:28:18.559" endtime="20220925 21:28:18.800"/>
</kw>
<status status="FAIL" starttime="20220925 21:28:18.559" endtime="20220925 21:28:18.800"/>
</kw>
<status status="FAIL" starttime="20220925 21:28:18.254" endtime="20220925 21:28:18.800"/>
</iter>
<status status="FAIL" starttime="20220925 21:28:18.254" endtime="20220925 21:28:18.800"/>
</for>
<status status="FAIL" starttime="20220925 21:28:18.254" endtime="20220925 21:28:18.800"/>
</kw>
<kw name="-CLICK ELEMENTO-" library="test_keywords">
<arg>${clave_ini['boton_ingresar']}</arg>
<kw name="Click Element" library="Selenium2Library">
<arg>${elemento}</arg>
<doc>Click the element identified by ``locator``.</doc>
<msg timestamp="20220925 21:28:18.801" level="INFO">Clicking element 'xpath=//div[@class="btn primario"]'.</msg>
<status status="PASS" starttime="20220925 21:28:18.801" endtime="20220925 21:28:19.272"/>
</kw>
<status status="PASS" starttime="20220925 21:28:18.801" endtime="20220925 21:28:19.273"/>
</kw>
<kw name="-VALIDAR ELEMENTOS-" library="test_keywords">
<arg>${elementos_log}</arg>
<for flavor="IN">
<var>${element}</var>
<value>@{a1}</value>
<iter>
<var name="${element}">input_correo</var>
<kw name="Scroll Element Into View" library="Selenium2Library">
<arg>${a1['${element}']}</arg>
<doc>Scrolls the element identified by ``locator`` into view.</doc>
<status status="PASS" starttime="20220925 21:28:19.273" endtime="20220925 21:28:19.560"/>
</kw>
<kw name="Run Keyword And Continue On Failure" library="BuiltIn">
<arg>Wait Until Element is Visible</arg>
<arg>${a1['${element}']}</arg>
<doc>Runs the keyword and continues execution even if a failure occurs.</doc>
<kw name="Wait Until Element Is Visible" library="Selenium2Library">
<arg>${a1['${element}']}</arg>
<doc>Waits until the element ``locator`` is visible.</doc>
<status status="PASS" starttime="20220925 21:28:19.561" endtime="20220925 21:28:19.587"/>
</kw>
<status status="PASS" starttime="20220925 21:28:19.560" endtime="20220925 21:28:19.587"/>
</kw>
<kw name="Run Keyword And Continue On Failure" library="BuiltIn">
<arg>capture page screenshot</arg>
<arg>${screenshots-folder}</arg>
<doc>Runs the keyword and continues execution even if a failure occurs.</doc>
<kw name="Capture Page Screenshot" library="Selenium2Library">
<arg>${screenshots-folder}</arg>
<doc>Takes a screenshot of the current page and embeds it into a log file.</doc>
<msg timestamp="20220925 21:28:20.256" level="INFO" html="true">&lt;/td&gt;&lt;/tr&gt;&lt;tr&gt;&lt;td colspan="3"&gt;&lt;a href="../results/screenShots/selenium-screenshot-50.png"&gt;&lt;img src="../results/screenShots/selenium-screenshot-50.png" width="800px"&gt;&lt;/a&gt;</msg>
<msg timestamp="20220925 21:28:20.256" level="FAIL">Failed to save screenshot 'C:\Users\Jasso\Desktop\FCS\results\screenShots'.</msg>
<status status="FAIL" starttime="20220925 21:28:19.588" endtime="20220925 21:28:20.256"/>
</kw>
<status status="FAIL" starttime="20220925 21:28:19.587" endtime="20220925 21:28:20.256"/>
</kw>
<status status="FAIL" starttime="20220925 21:28:19.273" endtime="20220925 21:28:20.256"/>
</iter>
<iter>
<var name="${element}">input_password</var>
<kw name="Scroll Element Into View" library="Selenium2Library">
<arg>${a1['${element}']}</arg>
<doc>Scrolls the element identified by ``locator`` into view.</doc>
<status status="PASS" starttime="20220925 21:28:20.257" endtime="20220925 21:28:20.537"/>
</kw>
<kw name="Run Keyword And Continue On Failure" library="BuiltIn">
<arg>Wait Until Element is Visible</arg>
<arg>${a1['${element}']}</arg>
<doc>Runs the keyword and continues execution even if a failure occurs.</doc>
<kw name="Wait Until Element Is Visible" library="Selenium2Library">
<arg>${a1['${element}']}</arg>
<doc>Waits until the element ``locator`` is visible.</doc>
<status status="PASS" starttime="20220925 21:28:20.539" endtime="20220925 21:28:20.558"/>
</kw>
<status status="PASS" starttime="20220925 21:28:20.537" endtime="20220925 21:28:20.558"/>
</kw>
<kw name="Run Keyword And Continue On Failure" library="BuiltIn">
<arg>capture page screenshot</arg>
<arg>${screenshots-folder}</arg>
<doc>Runs the keyword and continues execution even if a failure occurs.</doc>
<kw name="Capture Page Screenshot" library="Selenium2Library">
<arg>${screenshots-folder}</arg>
<doc>Takes a screenshot of the current page and embeds it into a log file.</doc>
<msg timestamp="20220925 21:28:21.224" level="INFO" html="true">&lt;/td&gt;&lt;/tr&gt;&lt;tr&gt;&lt;td colspan="3"&gt;&lt;a href="../results/screenShots/selenium-screenshot-51.png"&gt;&lt;img src="../results/screenShots/selenium-screenshot-51.png" width="800px"&gt;&lt;/a&gt;</msg>
<msg timestamp="20220925 21:28:21.224" level="FAIL">Failed to save screenshot 'C:\Users\Jasso\Desktop\FCS\results\screenShots'.</msg>
<status status="FAIL" starttime="20220925 21:28:20.558" endtime="20220925 21:28:21.225"/>
</kw>
<status status="FAIL" starttime="20220925 21:28:20.558" endtime="20220925 21:28:21.225"/>
</kw>
<status status="FAIL" starttime="20220925 21:28:20.256" endtime="20220925 21:28:21.225"/>
</iter>
<iter>
<var name="${element}">boton_ingresar</var>
<kw name="Scroll Element Into View" library="Selenium2Library">
<arg>${a1['${element}']}</arg>
<doc>Scrolls the element identified by ``locator`` into view.</doc>
<status status="PASS" starttime="20220925 21:28:21.226" endtime="20220925 21:28:21.502"/>
</kw>
<kw name="Run Keyword And Continue On Failure" library="BuiltIn">
<arg>Wait Until Element is Visible</arg>
<arg>${a1['${element}']}</arg>
<doc>Runs the keyword and continues execution even if a failure occurs.</doc>
<kw name="Wait Until Element Is Visible" library="Selenium2Library">
<arg>${a1['${element}']}</arg>
<doc>Waits until the element ``locator`` is visible.</doc>
<status status="PASS" starttime="20220925 21:28:21.502" endtime="20220925 21:28:21.517"/>
</kw>
<status status="PASS" starttime="20220925 21:28:21.502" endtime="20220925 21:28:21.517"/>
</kw>
<kw name="Run Keyword And Continue On Failure" library="BuiltIn">
<arg>capture page screenshot</arg>
<arg>${screenshots-folder}</arg>
<doc>Runs the keyword and continues execution even if a failure occurs.</doc>
<kw name="Capture Page Screenshot" library="Selenium2Library">
<arg>${screenshots-folder}</arg>
<doc>Takes a screenshot of the current page and embeds it into a log file.</doc>
<msg timestamp="20220925 21:28:22.238" level="INFO" html="true">&lt;/td&gt;&lt;/tr&gt;&lt;tr&gt;&lt;td colspan="3"&gt;&lt;a href="../results/screenShots/selenium-screenshot-52.png"&gt;&lt;img src="../results/screenShots/selenium-screenshot-52.png" width="800px"&gt;&lt;/a&gt;</msg>
<msg timestamp="20220925 21:28:22.238" level="FAIL">Failed to save screenshot 'C:\Users\Jasso\Desktop\FCS\results\screenShots'.</msg>
<status status="FAIL" starttime="20220925 21:28:21.517" endtime="20220925 21:28:22.239"/>
</kw>
<status status="FAIL" starttime="20220925 21:28:21.517" endtime="20220925 21:28:22.239"/>
</kw>
<status status="FAIL" starttime="20220925 21:28:21.225" endtime="20220925 21:28:22.240"/>
</iter>
<status status="FAIL" starttime="20220925 21:28:19.273" endtime="20220925 21:28:22.240"/>
</for>
<status status="FAIL" starttime="20220925 21:28:19.273" endtime="20220925 21:28:22.241"/>
</kw>
<kw name="- Ingresar Texto -" library="test_keywords">
<arg>${elementos_log['input_correo']}</arg>
<arg>${usuario_an}</arg>
<kw name="Sleep" library="BuiltIn">
<arg>3s</arg>
<doc>Pauses the test executed for the given time.</doc>
<msg timestamp="20220925 21:28:25.247" level="INFO">Slept 3 seconds</msg>
<status status="PASS" starttime="20220925 21:28:22.242" endtime="20220925 21:28:25.247"/>
</kw>
<kw name="Input Text" library="Selenium2Library">
<arg>${ubicador}</arg>
<arg>${text}</arg>
<doc>Types the given ``text`` into the text field identified by ``locator``.</doc>
<msg timestamp="20220925 21:28:25.248" level="INFO">Typing text 'jasso.q15@outlook.com' into text field 'xpath=//input[@id="emailLogin"]'.</msg>
<status status="PASS" starttime="20220925 21:28:25.247" endtime="20220925 21:28:25.333"/>
</kw>
<status status="PASS" starttime="20220925 21:28:22.242" endtime="20220925 21:28:25.333"/>
</kw>
<kw name="- Ingresar Texto -" library="test_keywords">
<arg>${elementos_log['input_password']}</arg>
<arg>${pass_an}</arg>
<kw name="Sleep" library="BuiltIn">
<arg>3s</arg>
<doc>Pauses the test executed for the given time.</doc>
<msg timestamp="20220925 21:28:28.348" level="INFO">Slept 3 seconds</msg>
<status status="PASS" starttime="20220925 21:28:25.334" endtime="20220925 21:28:28.348"/>
</kw>
<kw name="Input Text" library="Selenium2Library">
<arg>${ubicador}</arg>
<arg>${text}</arg>
<doc>Types the given ``text`` into the text field identified by ``locator``.</doc>
<msg timestamp="20220925 21:28:28.349" level="INFO">Typing text 'Claro123' into text field 'xpath=//input[@id="passwordLogin"]'.</msg>
<status status="PASS" starttime="20220925 21:28:28.348" endtime="20220925 21:28:28.434"/>
</kw>
<status status="PASS" starttime="20220925 21:28:25.333" endtime="20220925 21:28:28.434"/>
</kw>
<kw name="-CLICK ELEMENTO-" library="test_keywords">
<arg>${elementos_log['boton_ingresar']}</arg>
<kw name="Click Element" library="Selenium2Library">
<arg>${elemento}</arg>
<doc>Click the element identified by ``locator``.</doc>
<msg timestamp="20220925 21:28:28.435" level="INFO">Clicking element 'xpath=//button[normalize-space()="Ingresar"]'.</msg>
<status status="PASS" starttime="20220925 21:28:28.435" endtime="20220925 21:28:28.469"/>
</kw>
<status status="PASS" starttime="20220925 21:28:28.435" endtime="20220925 21:28:28.469"/>
</kw>
<kw name="-VALIDAR ELEMENTOS-" library="test_keywords">
<arg>${Home}</arg>
<for flavor="IN">
<var>${element}</var>
<value>@{a1}</value>
<iter>
<var name="${element}">boton_RM</var>
<kw name="Scroll Element Into View" library="Selenium2Library">
<arg>${a1['${element}']}</arg>
<doc>Scrolls the element identified by ``locator`` into view.</doc>
<status status="PASS" starttime="20220925 21:28:28.470" endtime="20220925 21:28:29.555"/>
</kw>
<kw name="Run Keyword And Continue On Failure" library="BuiltIn">
<arg>Wait Until Element is Visible</arg>
<arg>${a1['${element}']}</arg>
<doc>Runs the keyword and continues execution even if a failure occurs.</doc>
<kw name="Wait Until Element Is Visible" library="Selenium2Library">
<arg>${a1['${element}']}</arg>
<doc>Waits until the element ``locator`` is visible.</doc>
<status status="PASS" starttime="20220925 21:28:29.555" endtime="20220925 21:28:29.566"/>
</kw>
<status status="PASS" starttime="20220925 21:28:29.555" endtime="20220925 21:28:29.566"/>
</kw>
<kw name="Run Keyword And Continue On Failure" library="BuiltIn">
<arg>capture page screenshot</arg>
<arg>${screenshots-folder}</arg>
<doc>Runs the keyword and continues execution even if a failure occurs.</doc>
<kw name="Capture Page Screenshot" library="Selenium2Library">
<arg>${screenshots-folder}</arg>
<doc>Takes a screenshot of the current page and embeds it into a log file.</doc>
<msg timestamp="20220925 21:28:29.806" level="INFO" html="true">&lt;/td&gt;&lt;/tr&gt;&lt;tr&gt;&lt;td colspan="3"&gt;&lt;a href="../results/screenShots/selenium-screenshot-53.png"&gt;&lt;img src="../results/screenShots/selenium-screenshot-53.png" width="800px"&gt;&lt;/a&gt;</msg>
<msg timestamp="20220925 21:28:29.806" level="FAIL">Failed to save screenshot 'C:\Users\Jasso\Desktop\FCS\results\screenShots'.</msg>
<status status="FAIL" starttime="20220925 21:28:29.567" endtime="20220925 21:28:29.806"/>
</kw>
<status status="FAIL" starttime="20220925 21:28:29.566" endtime="20220925 21:28:29.807"/>
</kw>
<status status="FAIL" starttime="20220925 21:28:28.470" endtime="20220925 21:28:29.807"/>
</iter>
<status status="FAIL" starttime="20220925 21:28:28.470" endtime="20220925 21:28:29.807"/>
</for>
<status status="FAIL" starttime="20220925 21:28:28.470" endtime="20220925 21:28:29.808"/>
</kw>
<kw name="-CLICK ELEMENTO-" library="test_keywords">
<arg>${Home['boton_RM']}</arg>
<kw name="Click Element" library="Selenium2Library">
<arg>${elemento}</arg>
<doc>Click the element identified by ``locator``.</doc>
<msg timestamp="20220925 21:28:29.810" level="INFO">Clicking element 'xpath=//span[normalize-space()="Reporte manual"]'.</msg>
<status status="PASS" starttime="20220925 21:28:29.810" endtime="20220925 21:28:30.211"/>
</kw>
<status status="PASS" starttime="20220925 21:28:29.809" endtime="20220925 21:28:30.211"/>
</kw>
<kw name="-VALIDAR ELEMENTOS-" library="test_keywords">
<arg>${Sntms}</arg>
<for flavor="IN">
<var>${element}</var>
<value>@{a1}</value>
<iter>
<var name="${element}">input_oxim</var>
<kw name="Scroll Element Into View" library="Selenium2Library">
<arg>${a1['${element}']}</arg>
<doc>Scrolls the element identified by ``locator`` into view.</doc>
<status status="PASS" starttime="20220925 21:28:30.212" endtime="20220925 21:28:30.487"/>
</kw>
<kw name="Run Keyword And Continue On Failure" library="BuiltIn">
<arg>Wait Until Element is Visible</arg>
<arg>${a1['${element}']}</arg>
<doc>Runs the keyword and continues execution even if a failure occurs.</doc>
<kw name="Wait Until Element Is Visible" library="Selenium2Library">
<arg>${a1['${element}']}</arg>
<doc>Waits until the element ``locator`` is visible.</doc>
<status status="PASS" starttime="20220925 21:28:30.488" endtime="20220925 21:28:30.513"/>
</kw>
<status status="PASS" starttime="20220925 21:28:30.487" endtime="20220925 21:28:30.513"/>
</kw>
<kw name="Run Keyword And Continue On Failure" library="BuiltIn">
<arg>capture page screenshot</arg>
<arg>${screenshots-folder}</arg>
<doc>Runs the keyword and continues execution even if a failure occurs.</doc>
<kw name="Capture Page Screenshot" library="Selenium2Library">
<arg>${screenshots-folder}</arg>
<doc>Takes a screenshot of the current page and embeds it into a log file.</doc>
<msg timestamp="20220925 21:28:30.813" level="INFO" html="true">&lt;/td&gt;&lt;/tr&gt;&lt;tr&gt;&lt;td colspan="3"&gt;&lt;a href="../results/screenShots/selenium-screenshot-54.png"&gt;&lt;img src="../results/screenShots/selenium-screenshot-54.png" width="800px"&gt;&lt;/a&gt;</msg>
<msg timestamp="20220925 21:28:30.814" level="FAIL">Failed to save screenshot 'C:\Users\Jasso\Desktop\FCS\results\screenShots'.</msg>
<status status="FAIL" starttime="20220925 21:28:30.514" endtime="20220925 21:28:30.814"/>
</kw>
<status status="FAIL" starttime="20220925 21:28:30.514" endtime="20220925 21:28:30.814"/>
</kw>
<status status="FAIL" starttime="20220925 21:28:30.212" endtime="20220925 21:28:30.814"/>
</iter>
<iter>
<var name="${element}">boton_Continue</var>
<kw name="Scroll Element Into View" library="Selenium2Library">
<arg>${a1['${element}']}</arg>
<doc>Scrolls the element identified by ``locator`` into view.</doc>
<status status="PASS" starttime="20220925 21:28:30.815" endtime="20220925 21:28:31.093"/>
</kw>
<kw name="Run Keyword And Continue On Failure" library="BuiltIn">
<arg>Wait Until Element is Visible</arg>
<arg>${a1['${element}']}</arg>
<doc>Runs the keyword and continues execution even if a failure occurs.</doc>
<kw name="Wait Until Element Is Visible" library="Selenium2Library">
<arg>${a1['${element}']}</arg>
<doc>Waits until the element ``locator`` is visible.</doc>
<status status="PASS" starttime="20220925 21:28:31.093" endtime="20220925 21:28:31.119"/>
</kw>
<status status="PASS" starttime="20220925 21:28:31.093" endtime="20220925 21:28:31.119"/>
</kw>
<kw name="Run Keyword And Continue On Failure" library="BuiltIn">
<arg>capture page screenshot</arg>
<arg>${screenshots-folder}</arg>
<doc>Runs the keyword and continues execution even if a failure occurs.</doc>
<kw name="Capture Page Screenshot" library="Selenium2Library">
<arg>${screenshots-folder}</arg>
<doc>Takes a screenshot of the current page and embeds it into a log file.</doc>
<msg timestamp="20220925 21:28:31.363" level="INFO" html="true">&lt;/td&gt;&lt;/tr&gt;&lt;tr&gt;&lt;td colspan="3"&gt;&lt;a href="../results/screenShots/selenium-screenshot-55.png"&gt;&lt;img src="../results/screenShots/selenium-screenshot-55.png" width="800px"&gt;&lt;/a&gt;</msg>
<msg timestamp="20220925 21:28:31.364" level="FAIL">Failed to save screenshot 'C:\Users\Jasso\Desktop\FCS\results\screenShots'.</msg>
<status status="FAIL" starttime="20220925 21:28:31.119" endtime="20220925 21:28:31.365"/>
</kw>
<status status="FAIL" starttime="20220925 21:28:31.119" endtime="20220925 21:28:31.365"/>
</kw>
<status status="FAIL" starttime="20220925 21:28:30.814" endtime="20220925 21:28:31.365"/>
</iter>
<status status="FAIL" starttime="20220925 21:28:30.212" endtime="20220925 21:28:31.365"/>
</for>
<status status="FAIL" starttime="20220925 21:28:30.212" endtime="20220925 21:28:31.366"/>
</kw>
<kw name="- Ingresar Texto -" library="test_keywords">
<arg>${Sntms['input_oxim']}</arg>
<arg>${oxim}</arg>
<kw name="Sleep" library="BuiltIn">
<arg>3s</arg>
<doc>Pauses the test executed for the given time.</doc>
<msg timestamp="20220925 21:28:34.376" level="INFO">Slept 3 seconds</msg>
<status status="PASS" starttime="20220925 21:28:31.366" endtime="20220925 21:28:34.376"/>
</kw>
<kw name="Input Text" library="Selenium2Library">
<arg>${ubicador}</arg>
<arg>${text}</arg>
<doc>Types the given ``text`` into the text field identified by ``locator``.</doc>
<msg timestamp="20220925 21:28:34.377" level="INFO">Typing text '92' into text field 'xpath=//input[@id="idOximetry"]'.</msg>
<status status="PASS" starttime="20220925 21:28:34.377" endtime="20220925 21:28:34.435"/>
</kw>
<status status="PASS" starttime="20220925 21:28:31.366" endtime="20220925 21:28:34.435"/>
</kw>
<kw name="-CLICK ELEMENTO-" library="test_keywords">
<arg>${Sntms['boton_Continue']}</arg>
<kw name="Click Element" library="Selenium2Library">
<arg>${elemento}</arg>
<doc>Click the element identified by ``locator``.</doc>
<msg timestamp="20220925 21:28:34.437" level="INFO">Clicking element 'xpath=//button[@class="btn primario firstForm"]'.</msg>
<status status="PASS" starttime="20220925 21:28:34.436" endtime="20220925 21:28:34.477"/>
</kw>
<status status="PASS" starttime="20220925 21:28:34.436" endtime="20220925 21:28:34.477"/>
</kw>
<kw name="-VALIDAR ELEMENTOS-" library="test_keywords">
<arg>${EndPage}</arg>
<for flavor="IN">
<var>${element}</var>
<value>@{a1}</value>
<iter>
<var name="${element}">boton_Continue</var>
<kw name="Scroll Element Into View" library="Selenium2Library">
<arg>${a1['${element}']}</arg>
<doc>Scrolls the element identified by ``locator`` into view.</doc>
<status status="PASS" starttime="20220925 21:28:34.479" endtime="20220925 21:28:34.751"/>
</kw>
<kw name="Run Keyword And Continue On Failure" library="BuiltIn">
<arg>Wait Until Element is Visible</arg>
<arg>${a1['${element}']}</arg>
<doc>Runs the keyword and continues execution even if a failure occurs.</doc>
<kw name="Wait Until Element Is Visible" library="Selenium2Library">
<arg>${a1['${element}']}</arg>
<doc>Waits until the element ``locator`` is visible.</doc>
<status status="PASS" starttime="20220925 21:28:34.751" endtime="20220925 21:28:34.769"/>
</kw>
<status status="PASS" starttime="20220925 21:28:34.751" endtime="20220925 21:28:34.769"/>
</kw>
<kw name="Run Keyword And Continue On Failure" library="BuiltIn">
<arg>capture page screenshot</arg>
<arg>${screenshots-folder}</arg>
<doc>Runs the keyword and continues execution even if a failure occurs.</doc>
<kw name="Capture Page Screenshot" library="Selenium2Library">
<arg>${screenshots-folder}</arg>
<doc>Takes a screenshot of the current page and embeds it into a log file.</doc>
<msg timestamp="20220925 21:28:35.030" level="INFO" html="true">&lt;/td&gt;&lt;/tr&gt;&lt;tr&gt;&lt;td colspan="3"&gt;&lt;a href="../results/screenShots/selenium-screenshot-56.png"&gt;&lt;img src="../results/screenShots/selenium-screenshot-56.png" width="800px"&gt;&lt;/a&gt;</msg>
<msg timestamp="20220925 21:28:35.031" level="FAIL">Failed to save screenshot 'C:\Users\Jasso\Desktop\FCS\results\screenShots'.</msg>
<status status="FAIL" starttime="20220925 21:28:34.770" endtime="20220925 21:28:35.031"/>
</kw>
<status status="FAIL" starttime="20220925 21:28:34.769" endtime="20220925 21:28:35.032"/>
</kw>
<status status="FAIL" starttime="20220925 21:28:34.478" endtime="20220925 21:28:35.032"/>
</iter>
<status status="FAIL" starttime="20220925 21:28:34.478" endtime="20220925 21:28:35.032"/>
</for>
<status status="FAIL" starttime="20220925 21:28:34.478" endtime="20220925 21:28:35.033"/>
</kw>
<kw name="Select From List By Index" library="Selenium2Library">
<arg>whyIsolation</arg>
<arg>3</arg>
<doc>Selects options from selection list ``locator`` by ``indexes``.</doc>
<msg timestamp="20220925 21:28:35.034" level="INFO">Selecting options from selection list 'whyIsolation' by index 3.</msg>
<status status="PASS" starttime="20220925 21:28:35.034" endtime="20220925 21:28:35.115"/>
</kw>
<kw name="-CLICK ELEMENTO-" library="test_keywords">
<arg>${EndPage['boton_Continue']}</arg>
<kw name="Click Element" library="Selenium2Library">
<arg>${elemento}</arg>
<doc>Click the element identified by ``locator``.</doc>
<msg timestamp="20220925 21:28:35.115" level="INFO">Clicking element 'xpath=//button[@class="btn primario lastForm"]'.</msg>
<status status="PASS" starttime="20220925 21:28:35.115" endtime="20220925 21:28:35.144"/>
</kw>
<status status="PASS" starttime="20220925 21:28:35.115" endtime="20220925 21:28:35.145"/>
</kw>
<kw name="Sleep" library="BuiltIn">
<arg>4s</arg>
<doc>Pauses the test executed for the given time.</doc>
<msg timestamp="20220925 21:28:39.155" level="INFO">Slept 4 seconds</msg>
<status status="PASS" starttime="20220925 21:28:35.145" endtime="20220925 21:28:39.155"/>
</kw>
<kw name="-TERMINAR CONFIGURACIÓN TESTCASE-" library="test_keywords" type="TEARDOWN">
<kw name="Close All Browsers" library="Selenium2Library">
<doc>Closes all open browsers and resets the browser cache.</doc>
<status status="PASS" starttime="20220925 21:28:39.156" endtime="20220925 21:28:41.329"/>
</kw>
<status status="PASS" starttime="20220925 21:28:39.155" endtime="20220925 21:28:41.330"/>
</kw>
<status status="FAIL" starttime="20220925 21:28:16.140" endtime="20220925 21:28:41.331">Several failures occurred:

1) Failed to save screenshot 'C:\Users\Jasso\Desktop\FCS\results\screenShots'.

2) Failed to save screenshot 'C:\Users\Jasso\Desktop\FCS\results\screenShots'.

3) Failed to save screenshot 'C:\Users\Jasso\Desktop\FCS\results\screenShots'.

4) Failed to save screenshot 'C:\Users\Jasso\Desktop\FCS\results\screenShots'.

5) Failed to save screenshot 'C:\Users\Jasso\Desktop\FCS\results\screenShots'.

6) Failed to save screenshot 'C:\Users\Jasso\Desktop\FCS\results\screenShots'.

7) Failed to save screenshot 'C:\Users\Jasso\Desktop\FCS\results\screenShots'.

8) Failed to save screenshot 'C:\Users\Jasso\Desktop\FCS\results\screenShots'.</status>
</test>
<test id="s1-t2" name="-Registro FCS Alberto-" line="33">
<kw name="-CONFIGURAR TESTCASE-" library="test_keywords" type="SETUP">
<kw name="-CONFIGURAR DIRECTORIO SCREENSHOTS-" library="test_keywords">
<kw name="Set Screenshot Directory" library="Selenium2Library">
<arg>${screenshots-folder}</arg>
<doc>Sets the directory for captured screenshots.</doc>
<status status="PASS" starttime="20220925 21:28:41.339" endtime="20220925 21:28:41.339"/>
</kw>
<status status="PASS" starttime="20220925 21:28:41.338" endtime="20220925 21:28:41.340"/>
</kw>
<status status="PASS" starttime="20220925 21:28:41.338" endtime="20220925 21:28:41.340"/>
</kw>
<kw name="-Abrir URL-" library="test_keywords">
<arg>${url_fcs_main}</arg>
<arg>${browser}</arg>
<kw name="Open Browser" library="Selenium2Library">
<arg>${url_togo}</arg>
<arg>${naveg}</arg>
<doc>Opens a new browser instance to the optional ``url``.</doc>
<msg timestamp="20220925 21:28:41.341" level="INFO">Opening browser 'Chrome' to base url 'https://www.fcs-monitoreo.com'.</msg>
<errors>
<msg timestamp="20220925 21:28:44.592" level="ERROR">Execution stopped by user.</msg>
</errors>
</robot>
