<?xml version="1.0" encoding="UTF-8"?>
<robot generator="Robot 5.0 (Python 3.6.9 on linux)" generated="20221006 14:58:52.418" rpa="false" schemaversion="3">
<suite id="s1" name="regFcs" source="/home/usr_admin/reg/reg/testCases/regFcs.robot">
<kw name="-CONFIGURAR TESTCASE-" library="test_keywords" type="SETUP">
<kw name="-CONFIGURAR DIRECTORIO SCREENSHOTS-" library="test_keywords">
<kw name="Set Screenshot Directory" library="Selenium2Library">
<arg>${screenshots-folder}</arg>
<doc>Sets the directory for captured screenshots.</doc>
<status status="PASS" starttime="20221006 14:58:52.684" endtime="20221006 14:58:52.685"/>
</kw>
<status status="PASS" starttime="20221006 14:58:52.684" endtime="20221006 14:58:52.685"/>
</kw>
<status status="PASS" starttime="20221006 14:58:52.683" endtime="20221006 14:58:52.685"/>
</kw>
<test id="s1-t1" name="-Registro FCS Andres-" line="9">
<kw name="-Abrir URL-" library="test_keywords">
<arg>${url_fcs_main}</arg>
<arg>${browser}</arg>
<kw name="Open Browser" library="Selenium2Library">
<arg>${url_togo}</arg>
<arg>${naveg}</arg>
<doc>Opens a new browser instance to the optional ``url``.</doc>
<msg timestamp="20221006 14:58:52.690" level="INFO">Opening browser 'headlesschrome' to base url 'https://www.fcs-monitoreo.com'.</msg>
<status status="PASS" starttime="20221006 14:58:52.689" endtime="20221006 14:58:54.994"/>
</kw>
<kw name="Set Window Size" library="Selenium2Library">
<arg>1200</arg>
<arg>1200</arg>
<doc>Sets current windows size to given ``width`` and ``height``.</doc>
<status status="PASS" starttime="20221006 14:58:54.995" endtime="20221006 14:58:55.101"/>
</kw>
<status status="PASS" starttime="20221006 14:58:52.688" endtime="20221006 14:58:55.101"/>
</kw>
<kw name="-VALIDAR ELEMENTOS-" library="test_keywords">
<arg>${clave_ini}</arg>
<for flavor="IN">
<var>${element}</var>
<value>@{a1}</value>
<iter>
<var name="${element}">boton_ingresar</var>
<kw name="Scroll Element Into View" library="Selenium2Library">
<arg>${a1['${element}']}</arg>
<doc>Scrolls the element identified by ``locator`` into view.</doc>
<status status="PASS" starttime="20221006 14:58:55.104" endtime="20221006 14:58:55.389"/>
</kw>
<kw name="Run Keyword And Continue On Failure" library="BuiltIn">
<arg>Wait Until Element is Visible</arg>
<arg>${a1['${element}']}</arg>
<doc>Runs the keyword and continues execution even if a failure occurs.</doc>
<kw name="Wait Until Element Is Visible" library="Selenium2Library">
<arg>${a1['${element}']}</arg>
<doc>Waits until the element ``locator`` is visible.</doc>
<status status="PASS" starttime="20221006 14:58:55.390" endtime="20221006 14:58:55.417"/>
</kw>
<status status="PASS" starttime="20221006 14:58:55.389" endtime="20221006 14:58:55.417"/>
</kw>
<kw name="Run Keyword And Continue On Failure" library="BuiltIn">
<arg>capture element screenshot</arg>
<arg>${a1['${element}']}</arg>
<doc>Runs the keyword and continues execution even if a failure occurs.</doc>
<kw name="Capture Element Screenshot" library="Selenium2Library">
<arg>${a1['${element}']}</arg>
<doc>Captures a screenshot from the element identified by ``locator`` and embeds it into log file.</doc>
<msg timestamp="20221006 14:58:55.470" level="INFO" html="true">&lt;/td&gt;&lt;/tr&gt;&lt;tr&gt;&lt;td colspan="3"&gt;&lt;a href="selenium-element-screenshot-97.png"&gt;&lt;img src="selenium-element-screenshot-97.png" width="400px"&gt;&lt;/a&gt;</msg>
<status status="PASS" starttime="20221006 14:58:55.418" endtime="20221006 14:58:55.470"/>
</kw>
<status status="PASS" starttime="20221006 14:58:55.418" endtime="20221006 14:58:55.470"/>
</kw>
<status status="PASS" starttime="20221006 14:58:55.103" endtime="20221006 14:58:55.470"/>
</iter>
<status status="PASS" starttime="20221006 14:58:55.103" endtime="20221006 14:58:55.470"/>
</for>
<status status="PASS" starttime="20221006 14:58:55.102" endtime="20221006 14:58:55.471"/>
</kw>
<kw name="-CLICK ELEMENTO-" library="test_keywords">
<arg>${clave_ini['boton_ingresar']}</arg>
<kw name="Click Element" library="Selenium2Library">
<arg>${elemento}</arg>
<doc>Click the element identified by ``locator``.</doc>
<msg timestamp="20221006 14:58:55.473" level="INFO">Clicking element 'xpath=//div[@class="btn primario"]'.</msg>
<status status="PASS" starttime="20221006 14:58:55.473" endtime="20221006 14:58:55.972"/>
</kw>
<status status="PASS" starttime="20221006 14:58:55.471" endtime="20221006 14:58:55.973"/>
</kw>
<kw name="-VALIDAR ELEMENTOS-" library="test_keywords">
<arg>${elementos_log}</arg>
<for flavor="IN">
<var>${element}</var>
<value>@{a1}</value>
<iter>
<var name="${element}">input_correo</var>
<kw name="Scroll Element Into View" library="Selenium2Library">
<arg>${a1['${element}']}</arg>
<doc>Scrolls the element identified by ``locator`` into view.</doc>
<status status="PASS" starttime="20221006 14:58:55.974" endtime="20221006 14:58:56.267"/>
</kw>
<kw name="Run Keyword And Continue On Failure" library="BuiltIn">
<arg>Wait Until Element is Visible</arg>
<arg>${a1['${element}']}</arg>
<doc>Runs the keyword and continues execution even if a failure occurs.</doc>
<kw name="Wait Until Element Is Visible" library="Selenium2Library">
<arg>${a1['${element}']}</arg>
<doc>Waits until the element ``locator`` is visible.</doc>
<status status="PASS" starttime="20221006 14:58:56.268" endtime="20221006 14:58:56.296"/>
</kw>
<status status="PASS" starttime="20221006 14:58:56.268" endtime="20221006 14:58:56.296"/>
</kw>
<kw name="Run Keyword And Continue On Failure" library="BuiltIn">
<arg>capture element screenshot</arg>
<arg>${a1['${element}']}</arg>
<doc>Runs the keyword and continues execution even if a failure occurs.</doc>
<kw name="Capture Element Screenshot" library="Selenium2Library">
<arg>${a1['${element}']}</arg>
<doc>Captures a screenshot from the element identified by ``locator`` and embeds it into log file.</doc>
<msg timestamp="20221006 14:58:56.353" level="INFO" html="true">&lt;/td&gt;&lt;/tr&gt;&lt;tr&gt;&lt;td colspan="3"&gt;&lt;a href="selenium-element-screenshot-98.png"&gt;&lt;img src="selenium-element-screenshot-98.png" width="400px"&gt;&lt;/a&gt;</msg>
<status status="PASS" starttime="20221006 14:58:56.297" endtime="20221006 14:58:56.353"/>
</kw>
<status status="PASS" starttime="20221006 14:58:56.296" endtime="20221006 14:58:56.353"/>
</kw>
<status status="PASS" starttime="20221006 14:58:55.974" endtime="20221006 14:58:56.354"/>
</iter>
<iter>
<var name="${element}">input_password</var>
<kw name="Scroll Element Into View" library="Selenium2Library">
<arg>${a1['${element}']}</arg>
<doc>Scrolls the element identified by ``locator`` into view.</doc>
<status status="PASS" starttime="20221006 14:58:56.354" endtime="20221006 14:58:56.631"/>
</kw>
<kw name="Run Keyword And Continue On Failure" library="BuiltIn">
<arg>Wait Until Element is Visible</arg>
<arg>${a1['${element}']}</arg>
<doc>Runs the keyword and continues execution even if a failure occurs.</doc>
<kw name="Wait Until Element Is Visible" library="Selenium2Library">
<arg>${a1['${element}']}</arg>
<doc>Waits until the element ``locator`` is visible.</doc>
<status status="PASS" starttime="20221006 14:58:56.632" endtime="20221006 14:58:56.654"/>
</kw>
<status status="PASS" starttime="20221006 14:58:56.631" endtime="20221006 14:58:56.654"/>
</kw>
<kw name="Run Keyword And Continue On Failure" library="BuiltIn">
<arg>capture element screenshot</arg>
<arg>${a1['${element}']}</arg>
<doc>Runs the keyword and continues execution even if a failure occurs.</doc>
<kw name="Capture Element Screenshot" library="Selenium2Library">
<arg>${a1['${element}']}</arg>
<doc>Captures a screenshot from the element identified by ``locator`` and embeds it into log file.</doc>
<msg timestamp="20221006 14:58:56.703" level="INFO" html="true">&lt;/td&gt;&lt;/tr&gt;&lt;tr&gt;&lt;td colspan="3"&gt;&lt;a href="selenium-element-screenshot-99.png"&gt;&lt;img src="selenium-element-screenshot-99.png" width="400px"&gt;&lt;/a&gt;</msg>
<status status="PASS" starttime="20221006 14:58:56.654" endtime="20221006 14:58:56.703"/>
</kw>
<status status="PASS" starttime="20221006 14:58:56.654" endtime="20221006 14:58:56.703"/>
</kw>
<status status="PASS" starttime="20221006 14:58:56.354" endtime="20221006 14:58:56.703"/>
</iter>
<iter>
<var name="${element}">boton_ingresar</var>
<kw name="Scroll Element Into View" library="Selenium2Library">
<arg>${a1['${element}']}</arg>
<doc>Scrolls the element identified by ``locator`` into view.</doc>
<status status="PASS" starttime="20221006 14:58:56.704" endtime="20221006 14:58:56.998"/>
</kw>
<kw name="Run Keyword And Continue On Failure" library="BuiltIn">
<arg>Wait Until Element is Visible</arg>
<arg>${a1['${element}']}</arg>
<doc>Runs the keyword and continues execution even if a failure occurs.</doc>
<kw name="Wait Until Element Is Visible" library="Selenium2Library">
<arg>${a1['${element}']}</arg>
<doc>Waits until the element ``locator`` is visible.</doc>
<status status="PASS" starttime="20221006 14:58:56.999" endtime="20221006 14:58:57.021"/>
</kw>
<status status="PASS" starttime="20221006 14:58:56.999" endtime="20221006 14:58:57.021"/>
</kw>
<kw name="Run Keyword And Continue On Failure" library="BuiltIn">
<arg>capture element screenshot</arg>
<arg>${a1['${element}']}</arg>
<doc>Runs the keyword and continues execution even if a failure occurs.</doc>
<kw name="Capture Element Screenshot" library="Selenium2Library">
<arg>${a1['${element}']}</arg>
<doc>Captures a screenshot from the element identified by ``locator`` and embeds it into log file.</doc>
<msg timestamp="20221006 14:58:57.087" level="INFO" html="true">&lt;/td&gt;&lt;/tr&gt;&lt;tr&gt;&lt;td colspan="3"&gt;&lt;a href="selenium-element-screenshot-100.png"&gt;&lt;img src="selenium-element-screenshot-100.png" width="400px"&gt;&lt;/a&gt;</msg>
<status status="PASS" starttime="20221006 14:58:57.022" endtime="20221006 14:58:57.087"/>
</kw>
<status status="PASS" starttime="20221006 14:58:57.022" endtime="20221006 14:58:57.088"/>
</kw>
<status status="PASS" starttime="20221006 14:58:56.703" endtime="20221006 14:58:57.088"/>
</iter>
<status status="PASS" starttime="20221006 14:58:55.974" endtime="20221006 14:58:57.088"/>
</for>
<status status="PASS" starttime="20221006 14:58:55.973" endtime="20221006 14:58:57.088"/>
</kw>
<kw name="- Ingresar Texto -" library="test_keywords">
<arg>${elementos_log['input_correo']}</arg>
<arg>${usuario_an}</arg>
<kw name="Sleep" library="BuiltIn">
<arg>3s</arg>
<doc>Pauses the test executed for the given time.</doc>
<msg timestamp="20221006 14:59:00.091" level="INFO">Slept 3 seconds</msg>
<status status="PASS" starttime="20221006 14:58:57.090" endtime="20221006 14:59:00.091"/>
</kw>
<kw name="Input Text" library="Selenium2Library">
<arg>${ubicador}</arg>
<arg>${text}</arg>
<doc>Types the given ``text`` into the text field identified by ``locator``.</doc>
<msg timestamp="20221006 14:59:00.092" level="INFO">Typing text 'jasso.q15@outlook.com' into text field 'xpath=//input[@id="emailLogin"]'.</msg>
<status status="PASS" starttime="20221006 14:59:00.091" endtime="20221006 14:59:00.211"/>
</kw>
<status status="PASS" starttime="20221006 14:58:57.088" endtime="20221006 14:59:00.211"/>
</kw>
<kw name="- Ingresar Texto -" library="test_keywords">
<arg>${elementos_log['input_password']}</arg>
<arg>${pass_an}</arg>
<kw name="Sleep" library="BuiltIn">
<arg>3s</arg>
<doc>Pauses the test executed for the given time.</doc>
<msg timestamp="20221006 14:59:03.213" level="INFO">Slept 3 seconds</msg>
<status status="PASS" starttime="20221006 14:59:00.213" endtime="20221006 14:59:03.214"/>
</kw>
<kw name="Input Text" library="Selenium2Library">
<arg>${ubicador}</arg>
<arg>${text}</arg>
<doc>Types the given ``text`` into the text field identified by ``locator``.</doc>
<msg timestamp="20221006 14:59:03.215" level="INFO">Typing text 'Claro123' into text field 'xpath=//input[@id="passwordLogin"]'.</msg>
<status status="PASS" starttime="20221006 14:59:03.214" endtime="20221006 14:59:03.333"/>
</kw>
<status status="PASS" starttime="20221006 14:59:00.211" endtime="20221006 14:59:03.334"/>
</kw>
<kw name="-CLICK ELEMENTO-" library="test_keywords">
<arg>${elementos_log['boton_ingresar']}</arg>
<kw name="Click Element" library="Selenium2Library">
<arg>${elemento}</arg>
<doc>Click the element identified by ``locator``.</doc>
<msg timestamp="20221006 14:59:03.336" level="INFO">Clicking element 'xpath=//button[normalize-space()="Ingresar"]'.</msg>
<status status="PASS" starttime="20221006 14:59:03.336" endtime="20221006 14:59:03.416"/>
</kw>
<status status="PASS" starttime="20221006 14:59:03.334" endtime="20221006 14:59:03.416"/>
</kw>
<kw name="-VALIDAR ELEMENTOS-" library="test_keywords">
<arg>${Home}</arg>
<for flavor="IN">
<var>${element}</var>
<value>@{a1}</value>
<iter>
<var name="${element}">boton_RM</var>
<kw name="Scroll Element Into View" library="Selenium2Library">
<arg>${a1['${element}']}</arg>
<doc>Scrolls the element identified by ``locator`` into view.</doc>
<status status="PASS" starttime="20221006 14:59:03.417" endtime="20221006 14:59:04.482"/>
</kw>
<kw name="Run Keyword And Continue On Failure" library="BuiltIn">
<arg>Wait Until Element is Visible</arg>
<arg>${a1['${element}']}</arg>
<doc>Runs the keyword and continues execution even if a failure occurs.</doc>
<kw name="Wait Until Element Is Visible" library="Selenium2Library">
<arg>${a1['${element}']}</arg>
<doc>Waits until the element ``locator`` is visible.</doc>
<status status="PASS" starttime="20221006 14:59:04.482" endtime="20221006 14:59:04.530"/>
</kw>
<status status="PASS" starttime="20221006 14:59:04.482" endtime="20221006 14:59:04.530"/>
</kw>
<kw name="Run Keyword And Continue On Failure" library="BuiltIn">
<arg>capture element screenshot</arg>
<arg>${a1['${element}']}</arg>
<doc>Runs the keyword and continues execution even if a failure occurs.</doc>
<kw name="Capture Element Screenshot" library="Selenium2Library">
<arg>${a1['${element}']}</arg>
<doc>Captures a screenshot from the element identified by ``locator`` and embeds it into log file.</doc>
<msg timestamp="20221006 14:59:04.601" level="INFO" html="true">&lt;/td&gt;&lt;/tr&gt;&lt;tr&gt;&lt;td colspan="3"&gt;&lt;a href="selenium-element-screenshot-101.png"&gt;&lt;img src="selenium-element-screenshot-101.png" width="400px"&gt;&lt;/a&gt;</msg>
<status status="PASS" starttime="20221006 14:59:04.531" endtime="20221006 14:59:04.601"/>
</kw>
<status status="PASS" starttime="20221006 14:59:04.530" endtime="20221006 14:59:04.601"/>
</kw>
<status status="PASS" starttime="20221006 14:59:03.417" endtime="20221006 14:59:04.601"/>
</iter>
<status status="PASS" starttime="20221006 14:59:03.417" endtime="20221006 14:59:04.601"/>
</for>
<status status="PASS" starttime="20221006 14:59:03.416" endtime="20221006 14:59:04.602"/>
</kw>
<kw name="-CLICK ELEMENTO-" library="test_keywords">
<arg>${Home['boton_RM']}</arg>
<kw name="Click Element" library="Selenium2Library">
<arg>${elemento}</arg>
<doc>Click the element identified by ``locator``.</doc>
<msg timestamp="20221006 14:59:04.604" level="INFO">Clicking element 'xpath=//a[@class="btn-manual primario"]'.</msg>
<status status="PASS" starttime="20221006 14:59:04.604" endtime="20221006 14:59:05.118"/>
</kw>
<status status="PASS" starttime="20221006 14:59:04.602" endtime="20221006 14:59:05.118"/>
</kw>
<kw name="-VALIDAR ELEMENTOS-" library="test_keywords">
<arg>${Sntms}</arg>
<for flavor="IN">
<var>${element}</var>
<value>@{a1}</value>
<iter>
<var name="${element}">input_oxim</var>
<kw name="Scroll Element Into View" library="Selenium2Library">
<arg>${a1['${element}']}</arg>
<doc>Scrolls the element identified by ``locator`` into view.</doc>
<status status="PASS" starttime="20221006 14:59:05.120" endtime="20221006 14:59:05.419"/>
</kw>
<kw name="Run Keyword And Continue On Failure" library="BuiltIn">
<arg>Wait Until Element is Visible</arg>
<arg>${a1['${element}']}</arg>
<doc>Runs the keyword and continues execution even if a failure occurs.</doc>
<kw name="Wait Until Element Is Visible" library="Selenium2Library">
<arg>${a1['${element}']}</arg>
<doc>Waits until the element ``locator`` is visible.</doc>
<status status="PASS" starttime="20221006 14:59:05.420" endtime="20221006 14:59:05.445"/>
</kw>
<status status="PASS" starttime="20221006 14:59:05.420" endtime="20221006 14:59:05.445"/>
</kw>
<kw name="Run Keyword And Continue On Failure" library="BuiltIn">
<arg>capture element screenshot</arg>
<arg>${a1['${element}']}</arg>
<doc>Runs the keyword and continues execution even if a failure occurs.</doc>
<kw name="Capture Element Screenshot" library="Selenium2Library">
<arg>${a1['${element}']}</arg>
<doc>Captures a screenshot from the element identified by ``locator`` and embeds it into log file.</doc>
<msg timestamp="20221006 14:59:05.537" level="INFO" html="true">&lt;/td&gt;&lt;/tr&gt;&lt;tr&gt;&lt;td colspan="3"&gt;&lt;a href="selenium-element-screenshot-102.png"&gt;&lt;img src="selenium-element-screenshot-102.png" width="400px"&gt;&lt;/a&gt;</msg>
<status status="PASS" starttime="20221006 14:59:05.446" endtime="20221006 14:59:05.537"/>
</kw>
<status status="PASS" starttime="20221006 14:59:05.446" endtime="20221006 14:59:05.537"/>
</kw>
<status status="PASS" starttime="20221006 14:59:05.120" endtime="20221006 14:59:05.537"/>
</iter>
<iter>
<var name="${element}">boton_Continue</var>
<kw name="Scroll Element Into View" library="Selenium2Library">
<arg>${a1['${element}']}</arg>
<doc>Scrolls the element identified by ``locator`` into view.</doc>
<status status="PASS" starttime="20221006 14:59:05.538" endtime="20221006 14:59:05.832"/>
</kw>
<kw name="Run Keyword And Continue On Failure" library="BuiltIn">
<arg>Wait Until Element is Visible</arg>
<arg>${a1['${element}']}</arg>
<doc>Runs the keyword and continues execution even if a failure occurs.</doc>
<kw name="Wait Until Element Is Visible" library="Selenium2Library">
<arg>${a1['${element}']}</arg>
<doc>Waits until the element ``locator`` is visible.</doc>
<status status="PASS" starttime="20221006 14:59:05.832" endtime="20221006 14:59:05.856"/>
</kw>
<status status="PASS" starttime="20221006 14:59:05.832" endtime="20221006 14:59:05.856"/>
</kw>
<kw name="Run Keyword And Continue On Failure" library="BuiltIn">
<arg>capture element screenshot</arg>
<arg>${a1['${element}']}</arg>
<doc>Runs the keyword and continues execution even if a failure occurs.</doc>
<kw name="Capture Element Screenshot" library="Selenium2Library">
<arg>${a1['${element}']}</arg>
<doc>Captures a screenshot from the element identified by ``locator`` and embeds it into log file.</doc>
<msg timestamp="20221006 14:59:05.919" level="INFO" html="true">&lt;/td&gt;&lt;/tr&gt;&lt;tr&gt;&lt;td colspan="3"&gt;&lt;a href="selenium-element-screenshot-103.png"&gt;&lt;img src="selenium-element-screenshot-103.png" width="400px"&gt;&lt;/a&gt;</msg>
<status status="PASS" starttime="20221006 14:59:05.856" endtime="20221006 14:59:05.919"/>
</kw>
<status status="PASS" starttime="20221006 14:59:05.856" endtime="20221006 14:59:05.920"/>
</kw>
<status status="PASS" starttime="20221006 14:59:05.537" endtime="20221006 14:59:05.920"/>
</iter>
<status status="PASS" starttime="20221006 14:59:05.119" endtime="20221006 14:59:05.920"/>
</for>
<status status="PASS" starttime="20221006 14:59:05.119" endtime="20221006 14:59:05.920"/>
</kw>
<kw name="- Ingresar Texto -" library="test_keywords">
<arg>${Sntms['input_oxim']}</arg>
<arg>${oxim}</arg>
<kw name="Sleep" library="BuiltIn">
<arg>3s</arg>
<doc>Pauses the test executed for the given time.</doc>
<msg timestamp="20221006 14:59:08.923" level="INFO">Slept 3 seconds</msg>
<status status="PASS" starttime="20221006 14:59:05.922" endtime="20221006 14:59:08.923"/>
</kw>
<kw name="Input Text" library="Selenium2Library">
<arg>${ubicador}</arg>
<arg>${text}</arg>
<doc>Types the given ``text`` into the text field identified by ``locator``.</doc>
<msg timestamp="20221006 14:59:08.924" level="INFO">Typing text '92' into text field 'xpath=//input[@id="idOximetry"]'.</msg>
<status status="PASS" starttime="20221006 14:59:08.923" endtime="20221006 14:59:09.024"/>
</kw>
<status status="PASS" starttime="20221006 14:59:05.920" endtime="20221006 14:59:09.024"/>
</kw>
<kw name="-CLICK ELEMENTO-" library="test_keywords">
<arg>${Sntms['boton_Continue']}</arg>
<kw name="Click Element" library="Selenium2Library">
<arg>${elemento}</arg>
<doc>Click the element identified by ``locator``.</doc>
<msg timestamp="20221006 14:59:09.027" level="INFO">Clicking element 'xpath=//button[@class="btn primario firstForm"]'.</msg>
<status status="PASS" starttime="20221006 14:59:09.027" endtime="20221006 14:59:09.109"/>
</kw>
<status status="PASS" starttime="20221006 14:59:09.025" endtime="20221006 14:59:09.109"/>
</kw>
<kw name="-VALIDAR ELEMENTOS-" library="test_keywords">
<arg>${EndPage}</arg>
<for flavor="IN">
<var>${element}</var>
<value>@{a1}</value>
<iter>
<var name="${element}">boton_Continue</var>
<kw name="Scroll Element Into View" library="Selenium2Library">
<arg>${a1['${element}']}</arg>
<doc>Scrolls the element identified by ``locator`` into view.</doc>
<status status="PASS" starttime="20221006 14:59:09.111" endtime="20221006 14:59:09.397"/>
</kw>
<kw name="Run Keyword And Continue On Failure" library="BuiltIn">
<arg>Wait Until Element is Visible</arg>
<arg>${a1['${element}']}</arg>
<doc>Runs the keyword and continues execution even if a failure occurs.</doc>
<kw name="Wait Until Element Is Visible" library="Selenium2Library">
<arg>${a1['${element}']}</arg>
<doc>Waits until the element ``locator`` is visible.</doc>
<status status="PASS" starttime="20221006 14:59:09.398" endtime="20221006 14:59:09.420"/>
</kw>
<status status="PASS" starttime="20221006 14:59:09.398" endtime="20221006 14:59:09.420"/>
</kw>
<kw name="Run Keyword And Continue On Failure" library="BuiltIn">
<arg>capture element screenshot</arg>
<arg>${a1['${element}']}</arg>
<doc>Runs the keyword and continues execution even if a failure occurs.</doc>
<kw name="Capture Element Screenshot" library="Selenium2Library">
<arg>${a1['${element}']}</arg>
<doc>Captures a screenshot from the element identified by ``locator`` and embeds it into log file.</doc>
<msg timestamp="20221006 14:59:09.486" level="INFO" html="true">&lt;/td&gt;&lt;/tr&gt;&lt;tr&gt;&lt;td colspan="3"&gt;&lt;a href="selenium-element-screenshot-104.png"&gt;&lt;img src="selenium-element-screenshot-104.png" width="400px"&gt;&lt;/a&gt;</msg>
<status status="PASS" starttime="20221006 14:59:09.421" endtime="20221006 14:59:09.486"/>
</kw>
<status status="PASS" starttime="20221006 14:59:09.421" endtime="20221006 14:59:09.486"/>
</kw>
<status status="PASS" starttime="20221006 14:59:09.110" endtime="20221006 14:59:09.486"/>
</iter>
<status status="PASS" starttime="20221006 14:59:09.110" endtime="20221006 14:59:09.486"/>
</for>
<status status="PASS" starttime="20221006 14:59:09.109" endtime="20221006 14:59:09.487"/>
</kw>
<kw name="Select From List By Index" library="Selenium2Library">
<arg>whyIsolation</arg>
<arg>3</arg>
<doc>Selects options from selection list ``locator`` by ``indexes``.</doc>
<msg timestamp="20221006 14:59:09.487" level="INFO">Selecting options from selection list 'whyIsolation' by index 3.</msg>
<status status="PASS" starttime="20221006 14:59:09.487" endtime="20221006 14:59:09.618"/>
</kw>
<kw name="-CLICK ELEMENTO-" library="test_keywords">
<arg>${EndPage['boton_Continue']}</arg>
<kw name="Click Element" library="Selenium2Library">
<arg>${elemento}</arg>
<doc>Click the element identified by ``locator``.</doc>
<msg timestamp="20221006 14:59:09.621" level="INFO">Clicking element 'xpath=//button[@class="btn primario lastForm"]'.</msg>
<status status="PASS" starttime="20221006 14:59:09.620" endtime="20221006 14:59:09.678"/>
</kw>
<status status="PASS" starttime="20221006 14:59:09.618" endtime="20221006 14:59:09.679"/>
</kw>
<kw name="Sleep" library="BuiltIn">
<arg>4s</arg>
<doc>Pauses the test executed for the given time.</doc>
<msg timestamp="20221006 14:59:13.680" level="INFO">Slept 4 seconds</msg>
<status status="PASS" starttime="20221006 14:59:09.679" endtime="20221006 14:59:13.680"/>
</kw>
<kw name="-TERMINAR CONFIGURACIÓN TESTCASE-" library="test_keywords" type="TEARDOWN">
<kw name="Close All Browsers" library="Selenium2Library">
<doc>Closes all open browsers and resets the browser cache.</doc>
<status status="PASS" starttime="20221006 14:59:13.682" endtime="20221006 14:59:13.741"/>
</kw>
<status status="PASS" starttime="20221006 14:59:13.681" endtime="20221006 14:59:13.741"/>
</kw>
<status status="PASS" starttime="20221006 14:58:52.686" endtime="20221006 14:59:13.741"/>
</test>
<test id="s1-t2" name="-Registro FCS Alberto-" line="34">
<kw name="-Abrir URL-" library="test_keywords">
<arg>${url_fcs_main}</arg>
<arg>${browser}</arg>
<kw name="Open Browser" library="Selenium2Library">
<arg>${url_togo}</arg>
<arg>${naveg}</arg>
<doc>Opens a new browser instance to the optional ``url``.</doc>
<msg timestamp="20221006 14:59:13.745" level="INFO">Opening browser 'headlesschrome' to base url 'https://www.fcs-monitoreo.com'.</msg>
<status status="PASS" starttime="20221006 14:59:13.744" endtime="20221006 14:59:15.897"/>
</kw>
<kw name="Set Window Size" library="Selenium2Library">
<arg>1200</arg>
<arg>1200</arg>
<doc>Sets current windows size to given ``width`` and ``height``.</doc>
<status status="PASS" starttime="20221006 14:59:15.898" endtime="20221006 14:59:16.003"/>
</kw>
<status status="PASS" starttime="20221006 14:59:13.743" endtime="20221006 14:59:16.004"/>
</kw>
<kw name="-VALIDAR ELEMENTOS-" library="test_keywords">
<arg>${clave_ini}</arg>
<for flavor="IN">
<var>${element}</var>
<value>@{a1}</value>
<iter>
<var name="${element}">boton_ingresar</var>
<kw name="Scroll Element Into View" library="Selenium2Library">
<arg>${a1['${element}']}</arg>
<doc>Scrolls the element identified by ``locator`` into view.</doc>
<status status="PASS" starttime="20221006 14:59:16.005" endtime="20221006 14:59:16.286"/>
</kw>
<kw name="Run Keyword And Continue On Failure" library="BuiltIn">
<arg>Wait Until Element is Visible</arg>
<arg>${a1['${element}']}</arg>
<doc>Runs the keyword and continues execution even if a failure occurs.</doc>
<kw name="Wait Until Element Is Visible" library="Selenium2Library">
<arg>${a1['${element}']}</arg>
<doc>Waits until the element ``locator`` is visible.</doc>
<status status="PASS" starttime="20221006 14:59:16.287" endtime="20221006 14:59:16.316"/>
</kw>
<status status="PASS" starttime="20221006 14:59:16.286" endtime="20221006 14:59:16.316"/>
</kw>
<kw name="Run Keyword And Continue On Failure" library="BuiltIn">
<arg>capture element screenshot</arg>
<arg>${a1['${element}']}</arg>
<doc>Runs the keyword and continues execution even if a failure occurs.</doc>
<kw name="Capture Element Screenshot" library="Selenium2Library">
<arg>${a1['${element}']}</arg>
<doc>Captures a screenshot from the element identified by ``locator`` and embeds it into log file.</doc>
<msg timestamp="20221006 14:59:16.369" level="INFO" html="true">&lt;/td&gt;&lt;/tr&gt;&lt;tr&gt;&lt;td colspan="3"&gt;&lt;a href="selenium-element-screenshot-105.png"&gt;&lt;img src="selenium-element-screenshot-105.png" width="400px"&gt;&lt;/a&gt;</msg>
<status status="PASS" starttime="20221006 14:59:16.317" endtime="20221006 14:59:16.369"/>
</kw>
<status status="PASS" starttime="20221006 14:59:16.316" endtime="20221006 14:59:16.369"/>
</kw>
<status status="PASS" starttime="20221006 14:59:16.005" endtime="20221006 14:59:16.369"/>
</iter>
<status status="PASS" starttime="20221006 14:59:16.005" endtime="20221006 14:59:16.369"/>
</for>
<status status="PASS" starttime="20221006 14:59:16.004" endtime="20221006 14:59:16.370"/>
</kw>
<kw name="-CLICK ELEMENTO-" library="test_keywords">
<arg>${clave_ini['boton_ingresar']}</arg>
<kw name="Click Element" library="Selenium2Library">
<arg>${elemento}</arg>
<doc>Click the element identified by ``locator``.</doc>
<msg timestamp="20221006 14:59:16.372" level="INFO">Clicking element 'xpath=//div[@class="btn primario"]'.</msg>
<status status="PASS" starttime="20221006 14:59:16.371" endtime="20221006 14:59:16.881"/>
</kw>
<status status="PASS" starttime="20221006 14:59:16.370" endtime="20221006 14:59:16.881"/>
</kw>
<kw name="-VALIDAR ELEMENTOS-" library="test_keywords">
<arg>${elementos_log}</arg>
<for flavor="IN">
<var>${element}</var>
<value>@{a1}</value>
<iter>
<var name="${element}">input_correo</var>
<kw name="Scroll Element Into View" library="Selenium2Library">
<arg>${a1['${element}']}</arg>
<doc>Scrolls the element identified by ``locator`` into view.</doc>
<status status="PASS" starttime="20221006 14:59:16.882" endtime="20221006 14:59:17.192"/>
</kw>
<kw name="Run Keyword And Continue On Failure" library="BuiltIn">
<arg>Wait Until Element is Visible</arg>
<arg>${a1['${element}']}</arg>
<doc>Runs the keyword and continues execution even if a failure occurs.</doc>
<kw name="Wait Until Element Is Visible" library="Selenium2Library">
<arg>${a1['${element}']}</arg>
<doc>Waits until the element ``locator`` is visible.</doc>
<status status="PASS" starttime="20221006 14:59:17.193" endtime="20221006 14:59:17.220"/>
</kw>
<status status="PASS" starttime="20221006 14:59:17.192" endtime="20221006 14:59:17.221"/>
</kw>
<kw name="Run Keyword And Continue On Failure" library="BuiltIn">
<arg>capture element screenshot</arg>
<arg>${a1['${element}']}</arg>
<doc>Runs the keyword and continues execution even if a failure occurs.</doc>
<kw name="Capture Element Screenshot" library="Selenium2Library">
<arg>${a1['${element}']}</arg>
<doc>Captures a screenshot from the element identified by ``locator`` and embeds it into log file.</doc>
<msg timestamp="20221006 14:59:17.268" level="INFO" html="true">&lt;/td&gt;&lt;/tr&gt;&lt;tr&gt;&lt;td colspan="3"&gt;&lt;a href="selenium-element-screenshot-106.png"&gt;&lt;img src="selenium-element-screenshot-106.png" width="400px"&gt;&lt;/a&gt;</msg>
<status status="PASS" starttime="20221006 14:59:17.221" endtime="20221006 14:59:17.269"/>
</kw>
<status status="PASS" starttime="20221006 14:59:17.221" endtime="20221006 14:59:17.269"/>
</kw>
<status status="PASS" starttime="20221006 14:59:16.882" endtime="20221006 14:59:17.269"/>
</iter>
<iter>
<var name="${element}">input_password</var>
<kw name="Scroll Element Into View" library="Selenium2Library">
<arg>${a1['${element}']}</arg>
<doc>Scrolls the element identified by ``locator`` into view.</doc>
<status status="PASS" starttime="20221006 14:59:17.269" endtime="20221006 14:59:17.564"/>
</kw>
<kw name="Run Keyword And Continue On Failure" library="BuiltIn">
<arg>Wait Until Element is Visible</arg>
<arg>${a1['${element}']}</arg>
<doc>Runs the keyword and continues execution even if a failure occurs.</doc>
<kw name="Wait Until Element Is Visible" library="Selenium2Library">
<arg>${a1['${element}']}</arg>
<doc>Waits until the element ``locator`` is visible.</doc>
<status status="PASS" starttime="20221006 14:59:17.565" endtime="20221006 14:59:17.588"/>
</kw>
<status status="PASS" starttime="20221006 14:59:17.564" endtime="20221006 14:59:17.588"/>
</kw>
<kw name="Run Keyword And Continue On Failure" library="BuiltIn">
<arg>capture element screenshot</arg>
<arg>${a1['${element}']}</arg>
<doc>Runs the keyword and continues execution even if a failure occurs.</doc>
<kw name="Capture Element Screenshot" library="Selenium2Library">
<arg>${a1['${element}']}</arg>
<doc>Captures a screenshot from the element identified by ``locator`` and embeds it into log file.</doc>
<msg timestamp="20221006 14:59:17.669" level="INFO" html="true">&lt;/td&gt;&lt;/tr&gt;&lt;tr&gt;&lt;td colspan="3"&gt;&lt;a href="selenium-element-screenshot-107.png"&gt;&lt;img src="selenium-element-screenshot-107.png" width="400px"&gt;&lt;/a&gt;</msg>
<status status="PASS" starttime="20221006 14:59:17.589" endtime="20221006 14:59:17.669"/>
</kw>
<status status="PASS" starttime="20221006 14:59:17.588" endtime="20221006 14:59:17.669"/>
</kw>
<status status="PASS" starttime="20221006 14:59:17.269" endtime="20221006 14:59:17.669"/>
</iter>
<iter>
<var name="${element}">boton_ingresar</var>
<kw name="Scroll Element Into View" library="Selenium2Library">
<arg>${a1['${element}']}</arg>
<doc>Scrolls the element identified by ``locator`` into view.</doc>
<status status="PASS" starttime="20221006 14:59:17.669" endtime="20221006 14:59:17.950"/>
</kw>
<kw name="Run Keyword And Continue On Failure" library="BuiltIn">
<arg>Wait Until Element is Visible</arg>
<arg>${a1['${element}']}</arg>
<doc>Runs the keyword and continues execution even if a failure occurs.</doc>
<kw name="Wait Until Element Is Visible" library="Selenium2Library">
<arg>${a1['${element}']}</arg>
<doc>Waits until the element ``locator`` is visible.</doc>
<status status="PASS" starttime="20221006 14:59:17.951" endtime="20221006 14:59:17.974"/>
</kw>
<status status="PASS" starttime="20221006 14:59:17.950" endtime="20221006 14:59:17.974"/>
</kw>
<kw name="Run Keyword And Continue On Failure" library="BuiltIn">
<arg>capture element screenshot</arg>
<arg>${a1['${element}']}</arg>
<doc>Runs the keyword and continues execution even if a failure occurs.</doc>
<kw name="Capture Element Screenshot" library="Selenium2Library">
<arg>${a1['${element}']}</arg>
<doc>Captures a screenshot from the element identified by ``locator`` and embeds it into log file.</doc>
<msg timestamp="20221006 14:59:18.037" level="INFO" html="true">&lt;/td&gt;&lt;/tr&gt;&lt;tr&gt;&lt;td colspan="3"&gt;&lt;a href="selenium-element-screenshot-108.png"&gt;&lt;img src="selenium-element-screenshot-108.png" width="400px"&gt;&lt;/a&gt;</msg>
<status status="PASS" starttime="20221006 14:59:17.975" endtime="20221006 14:59:18.037"/>
</kw>
<status status="PASS" starttime="20221006 14:59:17.974" endtime="20221006 14:59:18.037"/>
</kw>
<status status="PASS" starttime="20221006 14:59:17.669" endtime="20221006 14:59:18.038"/>
</iter>
<status status="PASS" starttime="20221006 14:59:16.882" endtime="20221006 14:59:18.038"/>
</for>
<status status="PASS" starttime="20221006 14:59:16.881" endtime="20221006 14:59:18.038"/>
</kw>
<kw name="- Ingresar Texto -" library="test_keywords">
<arg>${elementos_log['input_correo']}</arg>
<arg>${usuario_al}</arg>
<kw name="Sleep" library="BuiltIn">
<arg>3s</arg>
<doc>Pauses the test executed for the given time.</doc>
<msg timestamp="20221006 14:59:21.041" level="INFO">Slept 3 seconds</msg>
<status status="PASS" starttime="20221006 14:59:18.040" endtime="20221006 14:59:21.041"/>
</kw>
<kw name="Input Text" library="Selenium2Library">
<arg>${ubicador}</arg>
<arg>${text}</arg>
<doc>Types the given ``text`` into the text field identified by ``locator``.</doc>
<msg timestamp="20221006 14:59:21.042" level="INFO">Typing text 's_tamezaa@globalhitss.com' into text field 'xpath=//input[@id="emailLogin"]'.</msg>
<status status="PASS" starttime="20221006 14:59:21.041" endtime="20221006 14:59:21.171"/>
</kw>
<status status="PASS" starttime="20221006 14:59:18.038" endtime="20221006 14:59:21.172"/>
</kw>
<kw name="- Ingresar Texto -" library="test_keywords">
<arg>${elementos_log['input_password']}</arg>
<arg>${pass_al}</arg>
<kw name="Sleep" library="BuiltIn">
<arg>3s</arg>
<doc>Pauses the test executed for the given time.</doc>
<msg timestamp="20221006 14:59:24.174" level="INFO">Slept 3 seconds</msg>
<status status="PASS" starttime="20221006 14:59:21.174" endtime="20221006 14:59:24.175"/>
</kw>
<kw name="Input Text" library="Selenium2Library">
<arg>${ubicador}</arg>
<arg>${text}</arg>
<doc>Types the given ``text`` into the text field identified by ``locator``.</doc>
<msg timestamp="20221006 14:59:24.176" level="INFO">Typing text '123456' into text field 'xpath=//input[@id="passwordLogin"]'.</msg>
<status status="PASS" starttime="20221006 14:59:24.175" endtime="20221006 14:59:24.292"/>
</kw>
<status status="PASS" starttime="20221006 14:59:21.172" endtime="20221006 14:59:24.293"/>
</kw>
<kw name="-CLICK ELEMENTO-" library="test_keywords">
<arg>${elementos_log['boton_ingresar']}</arg>
<kw name="Click Element" library="Selenium2Library">
<arg>${elemento}</arg>
<doc>Click the element identified by ``locator``.</doc>
<msg timestamp="20221006 14:59:24.295" level="INFO">Clicking element 'xpath=//button[normalize-space()="Ingresar"]'.</msg>
<status status="PASS" starttime="20221006 14:59:24.295" endtime="20221006 14:59:24.377"/>
</kw>
<status status="PASS" starttime="20221006 14:59:24.293" endtime="20221006 14:59:24.378"/>
</kw>
<kw name="-VALIDAR ELEMENTOS-" library="test_keywords">
<arg>${Home}</arg>
<for flavor="IN">
<var>${element}</var>
<value>@{a1}</value>
<iter>
<var name="${element}">boton_RM</var>
<kw name="Scroll Element Into View" library="Selenium2Library">
<arg>${a1['${element}']}</arg>
<doc>Scrolls the element identified by ``locator`` into view.</doc>
<status status="PASS" starttime="20221006 14:59:24.380" endtime="20221006 14:59:25.426"/>
</kw>
<kw name="Run Keyword And Continue On Failure" library="BuiltIn">
<arg>Wait Until Element is Visible</arg>
<arg>${a1['${element}']}</arg>
<doc>Runs the keyword and continues execution even if a failure occurs.</doc>
<kw name="Wait Until Element Is Visible" library="Selenium2Library">
<arg>${a1['${element}']}</arg>
<doc>Waits until the element ``locator`` is visible.</doc>
<status status="PASS" starttime="20221006 14:59:25.427" endtime="20221006 14:59:25.450"/>
</kw>
<status status="PASS" starttime="20221006 14:59:25.427" endtime="20221006 14:59:25.450"/>
</kw>
<kw name="Run Keyword And Continue On Failure" library="BuiltIn">
<arg>capture element screenshot</arg>
<arg>${a1['${element}']}</arg>
<doc>Runs the keyword and continues execution even if a failure occurs.</doc>
<kw name="Capture Element Screenshot" library="Selenium2Library">
<arg>${a1['${element}']}</arg>
<doc>Captures a screenshot from the element identified by ``locator`` and embeds it into log file.</doc>
<msg timestamp="20221006 14:59:25.517" level="INFO" html="true">&lt;/td&gt;&lt;/tr&gt;&lt;tr&gt;&lt;td colspan="3"&gt;&lt;a href="selenium-element-screenshot-109.png"&gt;&lt;img src="selenium-element-screenshot-109.png" width="400px"&gt;&lt;/a&gt;</msg>
<status status="PASS" starttime="20221006 14:59:25.451" endtime="20221006 14:59:25.517"/>
</kw>
<status status="PASS" starttime="20221006 14:59:25.451" endtime="20221006 14:59:25.517"/>
</kw>
<status status="PASS" starttime="20221006 14:59:24.379" endtime="20221006 14:59:25.517"/>
</iter>
<status status="PASS" starttime="20221006 14:59:24.379" endtime="20221006 14:59:25.517"/>
</for>
<status status="PASS" starttime="20221006 14:59:24.378" endtime="20221006 14:59:25.518"/>
</kw>
<kw name="-CLICK ELEMENTO-" library="test_keywords">
<arg>${Home['boton_RM']}</arg>
<kw name="Click Element" library="Selenium2Library">
<arg>${elemento}</arg>
<doc>Click the element identified by ``locator``.</doc>
<msg timestamp="20221006 14:59:25.520" level="INFO">Clicking element 'xpath=//a[@class="btn-manual primario"]'.</msg>
<status status="PASS" starttime="20221006 14:59:25.520" endtime="20221006 14:59:25.938"/>
</kw>
<status status="PASS" starttime="20221006 14:59:25.518" endtime="20221006 14:59:25.938"/>
</kw>
<kw name="-VALIDAR ELEMENTOS-" library="test_keywords">
<arg>${Sntms}</arg>
<for flavor="IN">
<var>${element}</var>
<value>@{a1}</value>
<iter>
<var name="${element}">input_oxim</var>
<kw name="Scroll Element Into View" library="Selenium2Library">
<arg>${a1['${element}']}</arg>
<doc>Scrolls the element identified by ``locator`` into view.</doc>
<status status="PASS" starttime="20221006 14:59:25.940" endtime="20221006 14:59:26.232"/>
</kw>
<kw name="Run Keyword And Continue On Failure" library="BuiltIn">
<arg>Wait Until Element is Visible</arg>
<arg>${a1['${element}']}</arg>
<doc>Runs the keyword and continues execution even if a failure occurs.</doc>
<kw name="Wait Until Element Is Visible" library="Selenium2Library">
<arg>${a1['${element}']}</arg>
<doc>Waits until the element ``locator`` is visible.</doc>
<status status="PASS" starttime="20221006 14:59:26.233" endtime="20221006 14:59:26.257"/>
</kw>
<status status="PASS" starttime="20221006 14:59:26.232" endtime="20221006 14:59:26.257"/>
</kw>
<kw name="Run Keyword And Continue On Failure" library="BuiltIn">
<arg>capture element screenshot</arg>
<arg>${a1['${element}']}</arg>
<doc>Runs the keyword and continues execution even if a failure occurs.</doc>
<kw name="Capture Element Screenshot" library="Selenium2Library">
<arg>${a1['${element}']}</arg>
<doc>Captures a screenshot from the element identified by ``locator`` and embeds it into log file.</doc>
<msg timestamp="20221006 14:59:26.322" level="INFO" html="true">&lt;/td&gt;&lt;/tr&gt;&lt;tr&gt;&lt;td colspan="3"&gt;&lt;a href="selenium-element-screenshot-110.png"&gt;&lt;img src="selenium-element-screenshot-110.png" width="400px"&gt;&lt;/a&gt;</msg>
<status status="PASS" starttime="20221006 14:59:26.258" endtime="20221006 14:59:26.322"/>
</kw>
<status status="PASS" starttime="20221006 14:59:26.257" endtime="20221006 14:59:26.322"/>
</kw>
<status status="PASS" starttime="20221006 14:59:25.940" endtime="20221006 14:59:26.322"/>
</iter>
<iter>
<var name="${element}">boton_Continue</var>
<kw name="Scroll Element Into View" library="Selenium2Library">
<arg>${a1['${element}']}</arg>
<doc>Scrolls the element identified by ``locator`` into view.</doc>
<status status="PASS" starttime="20221006 14:59:26.323" endtime="20221006 14:59:26.608"/>
</kw>
<kw name="Run Keyword And Continue On Failure" library="BuiltIn">
<arg>Wait Until Element is Visible</arg>
<arg>${a1['${element}']}</arg>
<doc>Runs the keyword and continues execution even if a failure occurs.</doc>
<kw name="Wait Until Element Is Visible" library="Selenium2Library">
<arg>${a1['${element}']}</arg>
<doc>Waits until the element ``locator`` is visible.</doc>
<status status="PASS" starttime="20221006 14:59:26.609" endtime="20221006 14:59:26.631"/>
</kw>
<status status="PASS" starttime="20221006 14:59:26.608" endtime="20221006 14:59:26.632"/>
</kw>
<kw name="Run Keyword And Continue On Failure" library="BuiltIn">
<arg>capture element screenshot</arg>
<arg>${a1['${element}']}</arg>
<doc>Runs the keyword and continues execution even if a failure occurs.</doc>
<kw name="Capture Element Screenshot" library="Selenium2Library">
<arg>${a1['${element}']}</arg>
<doc>Captures a screenshot from the element identified by ``locator`` and embeds it into log file.</doc>
<msg timestamp="20221006 14:59:26.685" level="INFO" html="true">&lt;/td&gt;&lt;/tr&gt;&lt;tr&gt;&lt;td colspan="3"&gt;&lt;a href="selenium-element-screenshot-111.png"&gt;&lt;img src="selenium-element-screenshot-111.png" width="400px"&gt;&lt;/a&gt;</msg>
<status status="PASS" starttime="20221006 14:59:26.632" endtime="20221006 14:59:26.685"/>
</kw>
<status status="PASS" starttime="20221006 14:59:26.632" endtime="20221006 14:59:26.685"/>
</kw>
<status status="PASS" starttime="20221006 14:59:26.322" endtime="20221006 14:59:26.685"/>
</iter>
<status status="PASS" starttime="20221006 14:59:25.939" endtime="20221006 14:59:26.685"/>
</for>
<status status="PASS" starttime="20221006 14:59:25.939" endtime="20221006 14:59:26.686"/>
</kw>
<kw name="- Ingresar Texto -" library="test_keywords">
<arg>${Sntms['input_oxim']}</arg>
<arg>${oxim}</arg>
<kw name="Sleep" library="BuiltIn">
<arg>3s</arg>
<doc>Pauses the test executed for the given time.</doc>
<msg timestamp="20221006 14:59:29.688" level="INFO">Slept 3 seconds</msg>
<status status="PASS" starttime="20221006 14:59:26.688" endtime="20221006 14:59:29.689"/>
</kw>
<kw name="Input Text" library="Selenium2Library">
<arg>${ubicador}</arg>
<arg>${text}</arg>
<doc>Types the given ``text`` into the text field identified by ``locator``.</doc>
<msg timestamp="20221006 14:59:29.690" level="INFO">Typing text '92' into text field 'xpath=//input[@id="idOximetry"]'.</msg>
<status status="PASS" starttime="20221006 14:59:29.689" endtime="20221006 14:59:29.793"/>
</kw>
<status status="PASS" starttime="20221006 14:59:26.686" endtime="20221006 14:59:29.794"/>
</kw>
<kw name="-CLICK ELEMENTO-" library="test_keywords">
<arg>${Sntms['boton_Continue']}</arg>
<kw name="Click Element" library="Selenium2Library">
<arg>${elemento}</arg>
<doc>Click the element identified by ``locator``.</doc>
<msg timestamp="20221006 14:59:29.797" level="INFO">Clicking element 'xpath=//button[@class="btn primario firstForm"]'.</msg>
<status status="PASS" starttime="20221006 14:59:29.796" endtime="20221006 14:59:29.875"/>
</kw>
<status status="PASS" starttime="20221006 14:59:29.794" endtime="20221006 14:59:29.875"/>
</kw>
<kw name="-VALIDAR ELEMENTOS-" library="test_keywords">
<arg>${EndPage}</arg>
<for flavor="IN">
<var>${element}</var>
<value>@{a1}</value>
<iter>
<var name="${element}">boton_Continue</var>
<kw name="Scroll Element Into View" library="Selenium2Library">
<arg>${a1['${element}']}</arg>
<doc>Scrolls the element identified by ``locator`` into view.</doc>
<status status="PASS" starttime="20221006 14:59:29.877" endtime="20221006 14:59:30.164"/>
</kw>
<kw name="Run Keyword And Continue On Failure" library="BuiltIn">
<arg>Wait Until Element is Visible</arg>
<arg>${a1['${element}']}</arg>
<doc>Runs the keyword and continues execution even if a failure occurs.</doc>
<kw name="Wait Until Element Is Visible" library="Selenium2Library">
<arg>${a1['${element}']}</arg>
<doc>Waits until the element ``locator`` is visible.</doc>
<status status="PASS" starttime="20221006 14:59:30.165" endtime="20221006 14:59:30.188"/>
</kw>
<status status="PASS" starttime="20221006 14:59:30.164" endtime="20221006 14:59:30.188"/>
</kw>
<kw name="Run Keyword And Continue On Failure" library="BuiltIn">
<arg>capture element screenshot</arg>
<arg>${a1['${element}']}</arg>
<doc>Runs the keyword and continues execution even if a failure occurs.</doc>
<kw name="Capture Element Screenshot" library="Selenium2Library">
<arg>${a1['${element}']}</arg>
<doc>Captures a screenshot from the element identified by ``locator`` and embeds it into log file.</doc>
<msg timestamp="20221006 14:59:30.251" level="INFO" html="true">&lt;/td&gt;&lt;/tr&gt;&lt;tr&gt;&lt;td colspan="3"&gt;&lt;a href="selenium-element-screenshot-112.png"&gt;&lt;img src="selenium-element-screenshot-112.png" width="400px"&gt;&lt;/a&gt;</msg>
<status status="PASS" starttime="20221006 14:59:30.189" endtime="20221006 14:59:30.252"/>
</kw>
<status status="PASS" starttime="20221006 14:59:30.188" endtime="20221006 14:59:30.252"/>
</kw>
<status status="PASS" starttime="20221006 14:59:29.877" endtime="20221006 14:59:30.252"/>
</iter>
<status status="PASS" starttime="20221006 14:59:29.876" endtime="20221006 14:59:30.252"/>
</for>
<status status="PASS" starttime="20221006 14:59:29.876" endtime="20221006 14:59:30.252"/>
</kw>
<kw name="Select From List By Index" library="Selenium2Library">
<arg>whyIsolation</arg>
<arg>3</arg>
<doc>Selects options from selection list ``locator`` by ``indexes``.</doc>
<msg timestamp="20221006 14:59:30.253" level="INFO">Selecting options from selection list 'whyIsolation' by index 3.</msg>
<status status="PASS" starttime="20221006 14:59:30.252" endtime="20221006 14:59:30.385"/>
</kw>
<kw name="-CLICK ELEMENTO-" library="test_keywords">
<arg>${EndPage['boton_Continue']}</arg>
<kw name="Click Element" library="Selenium2Library">
<arg>${elemento}</arg>
<doc>Click the element identified by ``locator``.</doc>
<msg timestamp="20221006 14:59:30.388" level="INFO">Clicking element 'xpath=//button[@class="btn primario lastForm"]'.</msg>
<status status="PASS" starttime="20221006 14:59:30.388" endtime="20221006 14:59:30.453"/>
</kw>
<status status="PASS" starttime="20221006 14:59:30.386" endtime="20221006 14:59:30.453"/>
</kw>
<kw name="Sleep" library="BuiltIn">
<arg>3s</arg>
<doc>Pauses the test executed for the given time.</doc>
<msg timestamp="20221006 14:59:33.454" level="INFO">Slept 3 seconds</msg>
<status status="PASS" starttime="20221006 14:59:30.453" endtime="20221006 14:59:33.454"/>
</kw>
<kw name="-CERRAR TODOS LOS NAVEGADORES-" library="test_keywords">
<kw name="Close All Browsers" library="Selenium2Library">
<doc>Closes all open browsers and resets the browser cache.</doc>
<status status="PASS" starttime="20221006 14:59:33.455" endtime="20221006 14:59:33.516"/>
</kw>
<status status="PASS" starttime="20221006 14:59:33.455" endtime="20221006 14:59:33.517"/>
</kw>
<kw name="-TERMINAR CONFIGURACIÓN TESTCASE-" library="test_keywords" type="TEARDOWN">
<kw name="Close All Browsers" library="Selenium2Library">
<doc>Closes all open browsers and resets the browser cache.</doc>
<status status="PASS" starttime="20221006 14:59:33.518" endtime="20221006 14:59:33.518"/>
</kw>
<status status="PASS" starttime="20221006 14:59:33.517" endtime="20221006 14:59:33.518"/>
</kw>
<status status="PASS" starttime="20221006 14:59:13.742" endtime="20221006 14:59:33.519"/>
</test>
<doc>registro automatico de fcs</doc>
<status status="PASS" starttime="20221006 14:58:52.420" endtime="20221006 14:59:33.520"/>
</suite>
<statistics>
<total>
<stat pass="2" fail="0" skip="0">All Tests</stat>
</total>
<tag>
</tag>
<suite>
<stat pass="2" fail="0" skip="0" id="s1" name="regFcs">regFcs</stat>
</suite>
</statistics>
<errors>
</errors>
</robot>
