<?xml version="1.0" encoding="UTF-8"?>
<robot generator="Robot 5.0 (Python 3.6.9 on linux)" generated="20221006 15:03:44.378" rpa="false" schemaversion="3">
<suite id="s1" name="regFcs" source="/home/usr_admin/reg/reg/testCases/regFcs.robot">
<kw name="-CONFIGURAR TESTCASE-" library="test_keywords" type="SETUP">
<kw name="-CONFIGURAR DIRECTORIO SCREENSHOTS-" library="test_keywords">
<kw name="Set Screenshot Directory" library="Selenium2Library">
<arg>${screenshots-folder}</arg>
<doc>Sets the directory for captured screenshots.</doc>
<status status="PASS" starttime="20221006 15:03:44.642" endtime="20221006 15:03:44.643"/>
</kw>
<status status="PASS" starttime="20221006 15:03:44.642" endtime="20221006 15:03:44.643"/>
</kw>
<status status="PASS" starttime="20221006 15:03:44.641" endtime="20221006 15:03:44.643"/>
</kw>
<test id="s1-t1" name="-Registro FCS Andres-" line="9">
<kw name="-Abrir URL-" library="test_keywords">
<arg>${url_fcs_main}</arg>
<arg>${browser}</arg>
<kw name="Open Browser" library="Selenium2Library">
<arg>${url_togo}</arg>
<arg>${naveg}</arg>
<doc>Opens a new browser instance to the optional ``url``.</doc>
<msg timestamp="20221006 15:03:44.648" level="INFO">Opening browser 'headlesschrome' to base url 'https://www.fcs-monitoreo.com'.</msg>
<status status="PASS" starttime="20221006 15:03:44.647" endtime="20221006 15:03:46.796"/>
</kw>
<kw name="Set Window Size" library="Selenium2Library">
<arg>1200</arg>
<arg>1200</arg>
<doc>Sets current windows size to given ``width`` and ``height``.</doc>
<status status="PASS" starttime="20221006 15:03:46.797" endtime="20221006 15:03:46.902"/>
</kw>
<status status="PASS" starttime="20221006 15:03:44.646" endtime="20221006 15:03:46.903"/>
</kw>
<kw name="-VALIDAR ELEMENTOS-" library="test_keywords">
<arg>${clave_ini}</arg>
<for flavor="IN">
<var>${element}</var>
<value>@{a1}</value>
<iter>
<var name="${element}">boton_ingresar</var>
<kw name="Scroll Element Into View" library="Selenium2Library">
<arg>${a1['${element}']}</arg>
<doc>Scrolls the element identified by ``locator`` into view.</doc>
<status status="PASS" starttime="20221006 15:03:46.905" endtime="20221006 15:03:47.186"/>
</kw>
<kw name="Run Keyword And Continue On Failure" library="BuiltIn">
<arg>Wait Until Element is Visible</arg>
<arg>${a1['${element}']}</arg>
<doc>Runs the keyword and continues execution even if a failure occurs.</doc>
<kw name="Wait Until Element Is Visible" library="Selenium2Library">
<arg>${a1['${element}']}</arg>
<doc>Waits until the element ``locator`` is visible.</doc>
<status status="PASS" starttime="20221006 15:03:47.187" endtime="20221006 15:03:47.215"/>
</kw>
<status status="PASS" starttime="20221006 15:03:47.186" endtime="20221006 15:03:47.215"/>
</kw>
<kw name="Run Keyword And Continue On Failure" library="BuiltIn">
<arg>capture element screenshot</arg>
<arg>${a1['${element}']}</arg>
<doc>Runs the keyword and continues execution even if a failure occurs.</doc>
<kw name="Capture Element Screenshot" library="Selenium2Library">
<arg>${a1['${element}']}</arg>
<doc>Captures a screenshot from the element identified by ``locator`` and embeds it into log file.</doc>
<msg timestamp="20221006 15:03:47.274" level="INFO" html="true">&lt;/td&gt;&lt;/tr&gt;&lt;tr&gt;&lt;td colspan="3"&gt;&lt;a href="selenium-element-screenshot-113.png"&gt;&lt;img src="selenium-element-screenshot-113.png" width="400px"&gt;&lt;/a&gt;</msg>
<status status="PASS" starttime="20221006 15:03:47.216" endtime="20221006 15:03:47.275"/>
</kw>
<status status="PASS" starttime="20221006 15:03:47.215" endtime="20221006 15:03:47.275"/>
</kw>
<status status="PASS" starttime="20221006 15:03:46.905" endtime="20221006 15:03:47.275"/>
</iter>
<status status="PASS" starttime="20221006 15:03:46.904" endtime="20221006 15:03:47.275"/>
</for>
<status status="PASS" starttime="20221006 15:03:46.903" endtime="20221006 15:03:47.275"/>
</kw>
<kw name="-CLICK ELEMENTO-" library="test_keywords">
<arg>${clave_ini['boton_ingresar']}</arg>
<kw name="Click Element" library="Selenium2Library">
<arg>${elemento}</arg>
<doc>Click the element identified by ``locator``.</doc>
<msg timestamp="20221006 15:03:47.278" level="INFO">Clicking element 'xpath=//div[@class="btn primario"]'.</msg>
<status status="PASS" starttime="20221006 15:03:47.277" endtime="20221006 15:03:47.792"/>
</kw>
<status status="PASS" starttime="20221006 15:03:47.276" endtime="20221006 15:03:47.793"/>
</kw>
<kw name="-VALIDAR ELEMENTOS-" library="test_keywords">
<arg>${elementos_log}</arg>
<for flavor="IN">
<var>${element}</var>
<value>@{a1}</value>
<iter>
<var name="${element}">input_correo</var>
<kw name="Scroll Element Into View" library="Selenium2Library">
<arg>${a1['${element}']}</arg>
<doc>Scrolls the element identified by ``locator`` into view.</doc>
<status status="PASS" starttime="20221006 15:03:47.794" endtime="20221006 15:03:48.085"/>
</kw>
<kw name="Run Keyword And Continue On Failure" library="BuiltIn">
<arg>Wait Until Element is Visible</arg>
<arg>${a1['${element}']}</arg>
<doc>Runs the keyword and continues execution even if a failure occurs.</doc>
<kw name="Wait Until Element Is Visible" library="Selenium2Library">
<arg>${a1['${element}']}</arg>
<doc>Waits until the element ``locator`` is visible.</doc>
<status status="PASS" starttime="20221006 15:03:48.086" endtime="20221006 15:03:48.115"/>
</kw>
<status status="PASS" starttime="20221006 15:03:48.085" endtime="20221006 15:03:48.115"/>
</kw>
<kw name="Run Keyword And Continue On Failure" library="BuiltIn">
<arg>capture element screenshot</arg>
<arg>${a1['${element}']}</arg>
<doc>Runs the keyword and continues execution even if a failure occurs.</doc>
<kw name="Capture Element Screenshot" library="Selenium2Library">
<arg>${a1['${element}']}</arg>
<doc>Captures a screenshot from the element identified by ``locator`` and embeds it into log file.</doc>
<msg timestamp="20221006 15:03:48.174" level="INFO" html="true">&lt;/td&gt;&lt;/tr&gt;&lt;tr&gt;&lt;td colspan="3"&gt;&lt;a href="selenium-element-screenshot-114.png"&gt;&lt;img src="selenium-element-screenshot-114.png" width="400px"&gt;&lt;/a&gt;</msg>
<status status="PASS" starttime="20221006 15:03:48.116" endtime="20221006 15:03:48.175"/>
</kw>
<status status="PASS" starttime="20221006 15:03:48.115" endtime="20221006 15:03:48.175"/>
</kw>
<status status="PASS" starttime="20221006 15:03:47.794" endtime="20221006 15:03:48.175"/>
</iter>
<iter>
<var name="${element}">input_password</var>
<kw name="Scroll Element Into View" library="Selenium2Library">
<arg>${a1['${element}']}</arg>
<doc>Scrolls the element identified by ``locator`` into view.</doc>
<status status="PASS" starttime="20221006 15:03:48.175" endtime="20221006 15:03:48.471"/>
</kw>
<kw name="Run Keyword And Continue On Failure" library="BuiltIn">
<arg>Wait Until Element is Visible</arg>
<arg>${a1['${element}']}</arg>
<doc>Runs the keyword and continues execution even if a failure occurs.</doc>
<kw name="Wait Until Element Is Visible" library="Selenium2Library">
<arg>${a1['${element}']}</arg>
<doc>Waits until the element ``locator`` is visible.</doc>
<status status="PASS" starttime="20221006 15:03:48.472" endtime="20221006 15:03:48.494"/>
</kw>
<status status="PASS" starttime="20221006 15:03:48.471" endtime="20221006 15:03:48.494"/>
</kw>
<kw name="Run Keyword And Continue On Failure" library="BuiltIn">
<arg>capture element screenshot</arg>
<arg>${a1['${element}']}</arg>
<doc>Runs the keyword and continues execution even if a failure occurs.</doc>
<kw name="Capture Element Screenshot" library="Selenium2Library">
<arg>${a1['${element}']}</arg>
<doc>Captures a screenshot from the element identified by ``locator`` and embeds it into log file.</doc>
<msg timestamp="20221006 15:03:48.558" level="INFO" html="true">&lt;/td&gt;&lt;/tr&gt;&lt;tr&gt;&lt;td colspan="3"&gt;&lt;a href="selenium-element-screenshot-115.png"&gt;&lt;img src="selenium-element-screenshot-115.png" width="400px"&gt;&lt;/a&gt;</msg>
<status status="PASS" starttime="20221006 15:03:48.495" endtime="20221006 15:03:48.559"/>
</kw>
<status status="PASS" starttime="20221006 15:03:48.495" endtime="20221006 15:03:48.559"/>
</kw>
<status status="PASS" starttime="20221006 15:03:48.175" endtime="20221006 15:03:48.559"/>
</iter>
<iter>
<var name="${element}">boton_ingresar</var>
<kw name="Scroll Element Into View" library="Selenium2Library">
<arg>${a1['${element}']}</arg>
<doc>Scrolls the element identified by ``locator`` into view.</doc>
<status status="PASS" starttime="20221006 15:03:48.559" endtime="20221006 15:03:48.854"/>
</kw>
<kw name="Run Keyword And Continue On Failure" library="BuiltIn">
<arg>Wait Until Element is Visible</arg>
<arg>${a1['${element}']}</arg>
<doc>Runs the keyword and continues execution even if a failure occurs.</doc>
<kw name="Wait Until Element Is Visible" library="Selenium2Library">
<arg>${a1['${element}']}</arg>
<doc>Waits until the element ``locator`` is visible.</doc>
<status status="PASS" starttime="20221006 15:03:48.854" endtime="20221006 15:03:48.880"/>
</kw>
<status status="PASS" starttime="20221006 15:03:48.854" endtime="20221006 15:03:48.881"/>
</kw>
<kw name="Run Keyword And Continue On Failure" library="BuiltIn">
<arg>capture element screenshot</arg>
<arg>${a1['${element}']}</arg>
<doc>Runs the keyword and continues execution even if a failure occurs.</doc>
<kw name="Capture Element Screenshot" library="Selenium2Library">
<arg>${a1['${element}']}</arg>
<doc>Captures a screenshot from the element identified by ``locator`` and embeds it into log file.</doc>
<msg timestamp="20221006 15:03:48.942" level="INFO" html="true">&lt;/td&gt;&lt;/tr&gt;&lt;tr&gt;&lt;td colspan="3"&gt;&lt;a href="selenium-element-screenshot-116.png"&gt;&lt;img src="selenium-element-screenshot-116.png" width="400px"&gt;&lt;/a&gt;</msg>
<status status="PASS" starttime="20221006 15:03:48.881" endtime="20221006 15:03:48.942"/>
</kw>
<status status="PASS" starttime="20221006 15:03:48.881" endtime="20221006 15:03:48.942"/>
</kw>
<status status="PASS" starttime="20221006 15:03:48.559" endtime="20221006 15:03:48.942"/>
</iter>
<status status="PASS" starttime="20221006 15:03:47.793" endtime="20221006 15:03:48.942"/>
</for>
<status status="PASS" starttime="20221006 15:03:47.793" endtime="20221006 15:03:48.942"/>
</kw>
<kw name="- Ingresar Texto -" library="test_keywords">
<arg>${elementos_log['input_correo']}</arg>
<arg>${usuario_an}</arg>
<kw name="Sleep" library="BuiltIn">
<arg>3s</arg>
<doc>Pauses the test executed for the given time.</doc>
<msg timestamp="20221006 15:03:51.945" level="INFO">Slept 3 seconds</msg>
<status status="PASS" starttime="20221006 15:03:48.944" endtime="20221006 15:03:51.945"/>
</kw>
<kw name="Input Text" library="Selenium2Library">
<arg>${ubicador}</arg>
<arg>${text}</arg>
<doc>Types the given ``text`` into the text field identified by ``locator``.</doc>
<msg timestamp="20221006 15:03:51.946" level="INFO">Typing text 'jasso.q15@outlook.com' into text field 'xpath=//input[@id="emailLogin"]'.</msg>
<status status="PASS" starttime="20221006 15:03:51.946" endtime="20221006 15:03:52.070"/>
</kw>
<status status="PASS" starttime="20221006 15:03:48.943" endtime="20221006 15:03:52.070"/>
</kw>
<kw name="- Ingresar Texto -" library="test_keywords">
<arg>${elementos_log['input_password']}</arg>
<arg>${pass_an}</arg>
<kw name="Sleep" library="BuiltIn">
<arg>3s</arg>
<doc>Pauses the test executed for the given time.</doc>
<msg timestamp="20221006 15:03:55.073" level="INFO">Slept 3 seconds</msg>
<status status="PASS" starttime="20221006 15:03:52.072" endtime="20221006 15:03:55.073"/>
</kw>
<kw name="Input Text" library="Selenium2Library">
<arg>${ubicador}</arg>
<arg>${text}</arg>
<doc>Types the given ``text`` into the text field identified by ``locator``.</doc>
<msg timestamp="20221006 15:03:55.074" level="INFO">Typing text 'Claro123' into text field 'xpath=//input[@id="passwordLogin"]'.</msg>
<status status="PASS" starttime="20221006 15:03:55.074" endtime="20221006 15:03:55.189"/>
</kw>
<status status="PASS" starttime="20221006 15:03:52.071" endtime="20221006 15:03:55.190"/>
</kw>
<kw name="-CLICK ELEMENTO-" library="test_keywords">
<arg>${elementos_log['boton_ingresar']}</arg>
<kw name="Click Element" library="Selenium2Library">
<arg>${elemento}</arg>
<doc>Click the element identified by ``locator``.</doc>
<msg timestamp="20221006 15:03:55.193" level="INFO">Clicking element 'xpath=//button[normalize-space()="Ingresar"]'.</msg>
<status status="PASS" starttime="20221006 15:03:55.192" endtime="20221006 15:03:55.268"/>
</kw>
<status status="PASS" starttime="20221006 15:03:55.190" endtime="20221006 15:03:55.269"/>
</kw>
<kw name="-VALIDAR ELEMENTOS-" library="test_keywords">
<arg>${Home}</arg>
<for flavor="IN">
<var>${element}</var>
<value>@{a1}</value>
<iter>
<var name="${element}">boton_RM</var>
<kw name="Scroll Element Into View" library="Selenium2Library">
<arg>${a1['${element}']}</arg>
<doc>Scrolls the element identified by ``locator`` into view.</doc>
<status status="PASS" starttime="20221006 15:03:55.270" endtime="20221006 15:03:56.306"/>
</kw>
<kw name="Run Keyword And Continue On Failure" library="BuiltIn">
<arg>Wait Until Element is Visible</arg>
<arg>${a1['${element}']}</arg>
<doc>Runs the keyword and continues execution even if a failure occurs.</doc>
<kw name="Wait Until Element Is Visible" library="Selenium2Library">
<arg>${a1['${element}']}</arg>
<doc>Waits until the element ``locator`` is visible.</doc>
<status status="PASS" starttime="20221006 15:03:56.307" endtime="20221006 15:03:56.331"/>
</kw>
<status status="PASS" starttime="20221006 15:03:56.307" endtime="20221006 15:03:56.331"/>
</kw>
<kw name="Run Keyword And Continue On Failure" library="BuiltIn">
<arg>capture element screenshot</arg>
<arg>${a1['${element}']}</arg>
<doc>Runs the keyword and continues execution even if a failure occurs.</doc>
<kw name="Capture Element Screenshot" library="Selenium2Library">
<arg>${a1['${element}']}</arg>
<doc>Captures a screenshot from the element identified by ``locator`` and embeds it into log file.</doc>
<msg timestamp="20221006 15:03:56.405" level="INFO" html="true">&lt;/td&gt;&lt;/tr&gt;&lt;tr&gt;&lt;td colspan="3"&gt;&lt;a href="selenium-element-screenshot-117.png"&gt;&lt;img src="selenium-element-screenshot-117.png" width="400px"&gt;&lt;/a&gt;</msg>
<status status="PASS" starttime="20221006 15:03:56.332" endtime="20221006 15:03:56.406"/>
</kw>
<status status="PASS" starttime="20221006 15:03:56.332" endtime="20221006 15:03:56.406"/>
</kw>
<status status="PASS" starttime="20221006 15:03:55.270" endtime="20221006 15:03:56.406"/>
</iter>
<status status="PASS" starttime="20221006 15:03:55.270" endtime="20221006 15:03:56.406"/>
</for>
<status status="PASS" starttime="20221006 15:03:55.269" endtime="20221006 15:03:56.406"/>
</kw>
<kw name="-CLICK ELEMENTO-" library="test_keywords">
<arg>${Home['boton_RM']}</arg>
<kw name="Click Element" library="Selenium2Library">
<arg>${elemento}</arg>
<doc>Click the element identified by ``locator``.</doc>
<msg timestamp="20221006 15:03:56.409" level="INFO">Clicking element 'xpath=//a[@class="btn-manual primario"]'.</msg>
<status status="PASS" starttime="20221006 15:03:56.408" endtime="20221006 15:03:56.883"/>
</kw>
<status status="PASS" starttime="20221006 15:03:56.406" endtime="20221006 15:03:56.883"/>
</kw>
<kw name="-VALIDAR ELEMENTOS-" library="test_keywords">
<arg>${Sntms}</arg>
<for flavor="IN">
<var>${element}</var>
<value>@{a1}</value>
<iter>
<var name="${element}">input_oxim</var>
<kw name="Scroll Element Into View" library="Selenium2Library">
<arg>${a1['${element}']}</arg>
<doc>Scrolls the element identified by ``locator`` into view.</doc>
<status status="PASS" starttime="20221006 15:03:56.885" endtime="20221006 15:03:57.171"/>
</kw>
<kw name="Run Keyword And Continue On Failure" library="BuiltIn">
<arg>Wait Until Element is Visible</arg>
<arg>${a1['${element}']}</arg>
<doc>Runs the keyword and continues execution even if a failure occurs.</doc>
<kw name="Wait Until Element Is Visible" library="Selenium2Library">
<arg>${a1['${element}']}</arg>
<doc>Waits until the element ``locator`` is visible.</doc>
<status status="PASS" starttime="20221006 15:03:57.171" endtime="20221006 15:03:57.197"/>
</kw>
<status status="PASS" starttime="20221006 15:03:57.171" endtime="20221006 15:03:57.197"/>
</kw>
<kw name="Run Keyword And Continue On Failure" library="BuiltIn">
<arg>capture element screenshot</arg>
<arg>${a1['${element}']}</arg>
<doc>Runs the keyword and continues execution even if a failure occurs.</doc>
<kw name="Capture Element Screenshot" library="Selenium2Library">
<arg>${a1['${element}']}</arg>
<doc>Captures a screenshot from the element identified by ``locator`` and embeds it into log file.</doc>
<msg timestamp="20221006 15:03:57.292" level="INFO" html="true">&lt;/td&gt;&lt;/tr&gt;&lt;tr&gt;&lt;td colspan="3"&gt;&lt;a href="selenium-element-screenshot-118.png"&gt;&lt;img src="selenium-element-screenshot-118.png" width="400px"&gt;&lt;/a&gt;</msg>
<status status="PASS" starttime="20221006 15:03:57.198" endtime="20221006 15:03:57.292"/>
</kw>
<status status="PASS" starttime="20221006 15:03:57.197" endtime="20221006 15:03:57.292"/>
</kw>
<status status="PASS" starttime="20221006 15:03:56.884" endtime="20221006 15:03:57.293"/>
</iter>
<iter>
<var name="${element}">boton_Continue</var>
<kw name="Scroll Element Into View" library="Selenium2Library">
<arg>${a1['${element}']}</arg>
<doc>Scrolls the element identified by ``locator`` into view.</doc>
<status status="PASS" starttime="20221006 15:03:57.293" endtime="20221006 15:03:57.589"/>
</kw>
<kw name="Run Keyword And Continue On Failure" library="BuiltIn">
<arg>Wait Until Element is Visible</arg>
<arg>${a1['${element}']}</arg>
<doc>Runs the keyword and continues execution even if a failure occurs.</doc>
<kw name="Wait Until Element Is Visible" library="Selenium2Library">
<arg>${a1['${element}']}</arg>
<doc>Waits until the element ``locator`` is visible.</doc>
<status status="PASS" starttime="20221006 15:03:57.590" endtime="20221006 15:03:57.639"/>
</kw>
<status status="PASS" starttime="20221006 15:03:57.589" endtime="20221006 15:03:57.639"/>
</kw>
<kw name="Run Keyword And Continue On Failure" library="BuiltIn">
<arg>capture element screenshot</arg>
<arg>${a1['${element}']}</arg>
<doc>Runs the keyword and continues execution even if a failure occurs.</doc>
<kw name="Capture Element Screenshot" library="Selenium2Library">
<arg>${a1['${element}']}</arg>
<doc>Captures a screenshot from the element identified by ``locator`` and embeds it into log file.</doc>
<msg timestamp="20221006 15:03:57.708" level="INFO" html="true">&lt;/td&gt;&lt;/tr&gt;&lt;tr&gt;&lt;td colspan="3"&gt;&lt;a href="selenium-element-screenshot-119.png"&gt;&lt;img src="selenium-element-screenshot-119.png" width="400px"&gt;&lt;/a&gt;</msg>
<status status="PASS" starttime="20221006 15:03:57.639" endtime="20221006 15:03:57.708"/>
</kw>
<status status="PASS" starttime="20221006 15:03:57.639" endtime="20221006 15:03:57.708"/>
</kw>
<status status="PASS" starttime="20221006 15:03:57.293" endtime="20221006 15:03:57.708"/>
</iter>
<status status="PASS" starttime="20221006 15:03:56.884" endtime="20221006 15:03:57.708"/>
</for>
<status status="PASS" starttime="20221006 15:03:56.883" endtime="20221006 15:03:57.709"/>
</kw>
<kw name="- Ingresar Texto -" library="test_keywords">
<arg>${Sntms['input_oxim']}</arg>
<arg>${oxim}</arg>
<kw name="Sleep" library="BuiltIn">
<arg>3s</arg>
<doc>Pauses the test executed for the given time.</doc>
<msg timestamp="20221006 15:04:00.711" level="INFO">Slept 3 seconds</msg>
<status status="PASS" starttime="20221006 15:03:57.711" endtime="20221006 15:04:00.711"/>
</kw>
<kw name="Input Text" library="Selenium2Library">
<arg>${ubicador}</arg>
<arg>${text}</arg>
<doc>Types the given ``text`` into the text field identified by ``locator``.</doc>
<msg timestamp="20221006 15:04:00.713" level="INFO">Typing text '92' into text field 'xpath=//input[@id="idOximetry"]'.</msg>
<status status="PASS" starttime="20221006 15:04:00.712" endtime="20221006 15:04:00.811"/>
</kw>
<status status="PASS" starttime="20221006 15:03:57.709" endtime="20221006 15:04:00.811"/>
</kw>
<kw name="-CLICK ELEMENTO-" library="test_keywords">
<arg>${Sntms['boton_Continue']}</arg>
<kw name="Click Element" library="Selenium2Library">
<arg>${elemento}</arg>
<doc>Click the element identified by ``locator``.</doc>
<msg timestamp="20221006 15:04:00.814" level="INFO">Clicking element 'xpath=//button[@class="btn primario firstForm"]'.</msg>
<status status="PASS" starttime="20221006 15:04:00.813" endtime="20221006 15:04:00.888"/>
</kw>
<status status="PASS" starttime="20221006 15:04:00.812" endtime="20221006 15:04:00.889"/>
</kw>
<kw name="-VALIDAR ELEMENTOS-" library="test_keywords">
<arg>${EndPage}</arg>
<for flavor="IN">
<var>${element}</var>
<value>@{a1}</value>
<iter>
<var name="${element}">boton_Continue</var>
<kw name="Scroll Element Into View" library="Selenium2Library">
<arg>${a1['${element}']}</arg>
<doc>Scrolls the element identified by ``locator`` into view.</doc>
<status status="PASS" starttime="20221006 15:04:00.890" endtime="20221006 15:04:01.168"/>
</kw>
<kw name="Run Keyword And Continue On Failure" library="BuiltIn">
<arg>Wait Until Element is Visible</arg>
<arg>${a1['${element}']}</arg>
<doc>Runs the keyword and continues execution even if a failure occurs.</doc>
<kw name="Wait Until Element Is Visible" library="Selenium2Library">
<arg>${a1['${element}']}</arg>
<doc>Waits until the element ``locator`` is visible.</doc>
<status status="PASS" starttime="20221006 15:04:01.168" endtime="20221006 15:04:01.191"/>
</kw>
<status status="PASS" starttime="20221006 15:04:01.168" endtime="20221006 15:04:01.191"/>
</kw>
<kw name="Run Keyword And Continue On Failure" library="BuiltIn">
<arg>capture element screenshot</arg>
<arg>${a1['${element}']}</arg>
<doc>Runs the keyword and continues execution even if a failure occurs.</doc>
<kw name="Capture Element Screenshot" library="Selenium2Library">
<arg>${a1['${element}']}</arg>
<doc>Captures a screenshot from the element identified by ``locator`` and embeds it into log file.</doc>
<msg timestamp="20221006 15:04:01.241" level="INFO" html="true">&lt;/td&gt;&lt;/tr&gt;&lt;tr&gt;&lt;td colspan="3"&gt;&lt;a href="selenium-element-screenshot-120.png"&gt;&lt;img src="selenium-element-screenshot-120.png" width="400px"&gt;&lt;/a&gt;</msg>
<status status="PASS" starttime="20221006 15:04:01.192" endtime="20221006 15:04:01.241"/>
</kw>
<status status="PASS" starttime="20221006 15:04:01.191" endtime="20221006 15:04:01.241"/>
</kw>
<status status="PASS" starttime="20221006 15:04:00.890" endtime="20221006 15:04:01.241"/>
</iter>
<status status="PASS" starttime="20221006 15:04:00.890" endtime="20221006 15:04:01.241"/>
</for>
<status status="PASS" starttime="20221006 15:04:00.889" endtime="20221006 15:04:01.241"/>
</kw>
<kw name="Select From List By Index" library="Selenium2Library">
<arg>whyIsolation</arg>
<arg>3</arg>
<doc>Selects options from selection list ``locator`` by ``indexes``.</doc>
<msg timestamp="20221006 15:04:01.242" level="INFO">Selecting options from selection list 'whyIsolation' by index 3.</msg>
<status status="PASS" starttime="20221006 15:04:01.242" endtime="20221006 15:04:01.374"/>
</kw>
<kw name="-CLICK ELEMENTO-" library="test_keywords">
<arg>${EndPage['boton_Continue']}</arg>
<kw name="Click Element" library="Selenium2Library">
<arg>${elemento}</arg>
<doc>Click the element identified by ``locator``.</doc>
<msg timestamp="20221006 15:04:01.377" level="INFO">Clicking element 'xpath=//button[@class="btn primario lastForm"]'.</msg>
<status status="PASS" starttime="20221006 15:04:01.376" endtime="20221006 15:04:01.432"/>
</kw>
<status status="PASS" starttime="20221006 15:04:01.374" endtime="20221006 15:04:01.432"/>
</kw>
<kw name="Sleep" library="BuiltIn">
<arg>4s</arg>
<doc>Pauses the test executed for the given time.</doc>
<msg timestamp="20221006 15:04:05.433" level="INFO">Slept 4 seconds</msg>
<status status="PASS" starttime="20221006 15:04:01.432" endtime="20221006 15:04:05.433"/>
</kw>
<kw name="-TERMINAR CONFIGURACIÓN TESTCASE-" library="test_keywords" type="TEARDOWN">
<kw name="Close All Browsers" library="Selenium2Library">
<doc>Closes all open browsers and resets the browser cache.</doc>
<status status="PASS" starttime="20221006 15:04:05.435" endtime="20221006 15:04:05.495"/>
</kw>
<status status="PASS" starttime="20221006 15:04:05.434" endtime="20221006 15:04:05.495"/>
</kw>
<status status="PASS" starttime="20221006 15:03:44.644" endtime="20221006 15:04:05.495"/>
</test>
<test id="s1-t2" name="-Registro FCS Alberto-" line="34">
<kw name="-Abrir URL-" library="test_keywords">
<arg>${url_fcs_main}</arg>
<arg>${browser}</arg>
<kw name="Open Browser" library="Selenium2Library">
<arg>${url_togo}</arg>
<arg>${naveg}</arg>
<doc>Opens a new browser instance to the optional ``url``.</doc>
<msg timestamp="20221006 15:04:05.499" level="INFO">Opening browser 'headlesschrome' to base url 'https://www.fcs-monitoreo.com'.</msg>
<status status="PASS" starttime="20221006 15:04:05.498" endtime="20221006 15:04:08.022"/>
</kw>
<kw name="Set Window Size" library="Selenium2Library">
<arg>1200</arg>
<arg>1200</arg>
<doc>Sets current windows size to given ``width`` and ``height``.</doc>
<status status="PASS" starttime="20221006 15:04:08.023" endtime="20221006 15:04:08.164"/>
</kw>
<status status="PASS" starttime="20221006 15:04:05.497" endtime="20221006 15:04:08.165"/>
</kw>
<kw name="-VALIDAR ELEMENTOS-" library="test_keywords">
<arg>${clave_ini}</arg>
<for flavor="IN">
<var>${element}</var>
<value>@{a1}</value>
<iter>
<var name="${element}">boton_ingresar</var>
<kw name="Scroll Element Into View" library="Selenium2Library">
<arg>${a1['${element}']}</arg>
<doc>Scrolls the element identified by ``locator`` into view.</doc>
<status status="PASS" starttime="20221006 15:04:08.167" endtime="20221006 15:04:08.448"/>
</kw>
<kw name="Run Keyword And Continue On Failure" library="BuiltIn">
<arg>Wait Until Element is Visible</arg>
<arg>${a1['${element}']}</arg>
<doc>Runs the keyword and continues execution even if a failure occurs.</doc>
<kw name="Wait Until Element Is Visible" library="Selenium2Library">
<arg>${a1['${element}']}</arg>
<doc>Waits until the element ``locator`` is visible.</doc>
<status status="PASS" starttime="20221006 15:04:08.449" endtime="20221006 15:04:08.477"/>
</kw>
<status status="PASS" starttime="20221006 15:04:08.449" endtime="20221006 15:04:08.478"/>
</kw>
<kw name="Run Keyword And Continue On Failure" library="BuiltIn">
<arg>capture element screenshot</arg>
<arg>${a1['${element}']}</arg>
<doc>Runs the keyword and continues execution even if a failure occurs.</doc>
<kw name="Capture Element Screenshot" library="Selenium2Library">
<arg>${a1['${element}']}</arg>
<doc>Captures a screenshot from the element identified by ``locator`` and embeds it into log file.</doc>
<msg timestamp="20221006 15:04:08.540" level="INFO" html="true">&lt;/td&gt;&lt;/tr&gt;&lt;tr&gt;&lt;td colspan="3"&gt;&lt;a href="selenium-element-screenshot-121.png"&gt;&lt;img src="selenium-element-screenshot-121.png" width="400px"&gt;&lt;/a&gt;</msg>
<status status="PASS" starttime="20221006 15:04:08.478" endtime="20221006 15:04:08.540"/>
</kw>
<status status="PASS" starttime="20221006 15:04:08.478" endtime="20221006 15:04:08.541"/>
</kw>
<status status="PASS" starttime="20221006 15:04:08.166" endtime="20221006 15:04:08.541"/>
</iter>
<status status="PASS" starttime="20221006 15:04:08.166" endtime="20221006 15:04:08.541"/>
</for>
<status status="PASS" starttime="20221006 15:04:08.165" endtime="20221006 15:04:08.541"/>
</kw>
<kw name="-CLICK ELEMENTO-" library="test_keywords">
<arg>${clave_ini['boton_ingresar']}</arg>
<kw name="Click Element" library="Selenium2Library">
<arg>${elemento}</arg>
<doc>Click the element identified by ``locator``.</doc>
<msg timestamp="20221006 15:04:08.544" level="INFO">Clicking element 'xpath=//div[@class="btn primario"]'.</msg>
<status status="PASS" starttime="20221006 15:04:08.543" endtime="20221006 15:04:09.045"/>
</kw>
<status status="PASS" starttime="20221006 15:04:08.541" endtime="20221006 15:04:09.045"/>
</kw>
<kw name="-VALIDAR ELEMENTOS-" library="test_keywords">
<arg>${elementos_log}</arg>
<for flavor="IN">
<var>${element}</var>
<value>@{a1}</value>
<iter>
<var name="${element}">input_correo</var>
<kw name="Scroll Element Into View" library="Selenium2Library">
<arg>${a1['${element}']}</arg>
<doc>Scrolls the element identified by ``locator`` into view.</doc>
<status status="PASS" starttime="20221006 15:04:09.047" endtime="20221006 15:04:09.349"/>
</kw>
<kw name="Run Keyword And Continue On Failure" library="BuiltIn">
<arg>Wait Until Element is Visible</arg>
<arg>${a1['${element}']}</arg>
<doc>Runs the keyword and continues execution even if a failure occurs.</doc>
<kw name="Wait Until Element Is Visible" library="Selenium2Library">
<arg>${a1['${element}']}</arg>
<doc>Waits until the element ``locator`` is visible.</doc>
<status status="PASS" starttime="20221006 15:04:09.350" endtime="20221006 15:04:09.377"/>
</kw>
<status status="PASS" starttime="20221006 15:04:09.349" endtime="20221006 15:04:09.377"/>
</kw>
<kw name="Run Keyword And Continue On Failure" library="BuiltIn">
<arg>capture element screenshot</arg>
<arg>${a1['${element}']}</arg>
<doc>Runs the keyword and continues execution even if a failure occurs.</doc>
<kw name="Capture Element Screenshot" library="Selenium2Library">
<arg>${a1['${element}']}</arg>
<doc>Captures a screenshot from the element identified by ``locator`` and embeds it into log file.</doc>
<msg timestamp="20221006 15:04:09.457" level="INFO" html="true">&lt;/td&gt;&lt;/tr&gt;&lt;tr&gt;&lt;td colspan="3"&gt;&lt;a href="selenium-element-screenshot-122.png"&gt;&lt;img src="selenium-element-screenshot-122.png" width="400px"&gt;&lt;/a&gt;</msg>
<status status="PASS" starttime="20221006 15:04:09.378" endtime="20221006 15:04:09.457"/>
</kw>
<status status="PASS" starttime="20221006 15:04:09.377" endtime="20221006 15:04:09.457"/>
</kw>
<status status="PASS" starttime="20221006 15:04:09.047" endtime="20221006 15:04:09.457"/>
</iter>
<iter>
<var name="${element}">input_password</var>
<kw name="Scroll Element Into View" library="Selenium2Library">
<arg>${a1['${element}']}</arg>
<doc>Scrolls the element identified by ``locator`` into view.</doc>
<status status="PASS" starttime="20221006 15:04:09.458" endtime="20221006 15:04:09.736"/>
</kw>
<kw name="Run Keyword And Continue On Failure" library="BuiltIn">
<arg>Wait Until Element is Visible</arg>
<arg>${a1['${element}']}</arg>
<doc>Runs the keyword and continues execution even if a failure occurs.</doc>
<kw name="Wait Until Element Is Visible" library="Selenium2Library">
<arg>${a1['${element}']}</arg>
<doc>Waits until the element ``locator`` is visible.</doc>
<status status="PASS" starttime="20221006 15:04:09.737" endtime="20221006 15:04:09.760"/>
</kw>
<status status="PASS" starttime="20221006 15:04:09.736" endtime="20221006 15:04:09.760"/>
</kw>
<kw name="Run Keyword And Continue On Failure" library="BuiltIn">
<arg>capture element screenshot</arg>
<arg>${a1['${element}']}</arg>
<doc>Runs the keyword and continues execution even if a failure occurs.</doc>
<kw name="Capture Element Screenshot" library="Selenium2Library">
<arg>${a1['${element}']}</arg>
<doc>Captures a screenshot from the element identified by ``locator`` and embeds it into log file.</doc>
<msg timestamp="20221006 15:04:09.823" level="INFO" html="true">&lt;/td&gt;&lt;/tr&gt;&lt;tr&gt;&lt;td colspan="3"&gt;&lt;a href="selenium-element-screenshot-123.png"&gt;&lt;img src="selenium-element-screenshot-123.png" width="400px"&gt;&lt;/a&gt;</msg>
<status status="PASS" starttime="20221006 15:04:09.760" endtime="20221006 15:04:09.824"/>
</kw>
<status status="PASS" starttime="20221006 15:04:09.760" endtime="20221006 15:04:09.824"/>
</kw>
<status status="PASS" starttime="20221006 15:04:09.457" endtime="20221006 15:04:09.824"/>
</iter>
<iter>
<var name="${element}">boton_ingresar</var>
<kw name="Scroll Element Into View" library="Selenium2Library">
<arg>${a1['${element}']}</arg>
<doc>Scrolls the element identified by ``locator`` into view.</doc>
<status status="PASS" starttime="20221006 15:04:09.824" endtime="20221006 15:04:10.102"/>
</kw>
<kw name="Run Keyword And Continue On Failure" library="BuiltIn">
<arg>Wait Until Element is Visible</arg>
<arg>${a1['${element}']}</arg>
<doc>Runs the keyword and continues execution even if a failure occurs.</doc>
<kw name="Wait Until Element Is Visible" library="Selenium2Library">
<arg>${a1['${element}']}</arg>
<doc>Waits until the element ``locator`` is visible.</doc>
<status status="PASS" starttime="20221006 15:04:10.103" endtime="20221006 15:04:10.126"/>
</kw>
<status status="PASS" starttime="20221006 15:04:10.103" endtime="20221006 15:04:10.126"/>
</kw>
<kw name="Run Keyword And Continue On Failure" library="BuiltIn">
<arg>capture element screenshot</arg>
<arg>${a1['${element}']}</arg>
<doc>Runs the keyword and continues execution even if a failure occurs.</doc>
<kw name="Capture Element Screenshot" library="Selenium2Library">
<arg>${a1['${element}']}</arg>
<doc>Captures a screenshot from the element identified by ``locator`` and embeds it into log file.</doc>
<msg timestamp="20221006 15:04:10.208" level="INFO" html="true">&lt;/td&gt;&lt;/tr&gt;&lt;tr&gt;&lt;td colspan="3"&gt;&lt;a href="selenium-element-screenshot-124.png"&gt;&lt;img src="selenium-element-screenshot-124.png" width="400px"&gt;&lt;/a&gt;</msg>
<status status="PASS" starttime="20221006 15:04:10.126" endtime="20221006 15:04:10.208"/>
</kw>
<status status="PASS" starttime="20221006 15:04:10.126" endtime="20221006 15:04:10.208"/>
</kw>
<status status="PASS" starttime="20221006 15:04:09.824" endtime="20221006 15:04:10.208"/>
</iter>
<status status="PASS" starttime="20221006 15:04:09.046" endtime="20221006 15:04:10.208"/>
</for>
<status status="PASS" starttime="20221006 15:04:09.046" endtime="20221006 15:04:10.208"/>
</kw>
<kw name="- Ingresar Texto -" library="test_keywords">
<arg>${elementos_log['input_correo']}</arg>
<arg>${usuario_al}</arg>
<kw name="Sleep" library="BuiltIn">
<arg>3s</arg>
<doc>Pauses the test executed for the given time.</doc>
<msg timestamp="20221006 15:04:13.211" level="INFO">Slept 3 seconds</msg>
<status status="PASS" starttime="20221006 15:04:10.210" endtime="20221006 15:04:13.211"/>
</kw>
<kw name="Input Text" library="Selenium2Library">
<arg>${ubicador}</arg>
<arg>${text}</arg>
<doc>Types the given ``text`` into the text field identified by ``locator``.</doc>
<msg timestamp="20221006 15:04:13.212" level="INFO">Typing text 's_tamezaa@globalhitss.com' into text field 'xpath=//input[@id="emailLogin"]'.</msg>
<status status="PASS" starttime="20221006 15:04:13.212" endtime="20221006 15:04:13.345"/>
</kw>
<status status="PASS" starttime="20221006 15:04:10.209" endtime="20221006 15:04:13.345"/>
</kw>
<kw name="- Ingresar Texto -" library="test_keywords">
<arg>${elementos_log['input_password']}</arg>
<arg>${pass_al}</arg>
<kw name="Sleep" library="BuiltIn">
<arg>3s</arg>
<doc>Pauses the test executed for the given time.</doc>
<msg timestamp="20221006 15:04:16.348" level="INFO">Slept 3 seconds</msg>
<status status="PASS" starttime="20221006 15:04:13.347" endtime="20221006 15:04:16.348"/>
</kw>
<kw name="Input Text" library="Selenium2Library">
<arg>${ubicador}</arg>
<arg>${text}</arg>
<doc>Types the given ``text`` into the text field identified by ``locator``.</doc>
<msg timestamp="20221006 15:04:16.349" level="INFO">Typing text '123456' into text field 'xpath=//input[@id="passwordLogin"]'.</msg>
<status status="PASS" starttime="20221006 15:04:16.348" endtime="20221006 15:04:16.454"/>
</kw>
<status status="PASS" starttime="20221006 15:04:13.345" endtime="20221006 15:04:16.454"/>
</kw>
<kw name="-CLICK ELEMENTO-" library="test_keywords">
<arg>${elementos_log['boton_ingresar']}</arg>
<kw name="Click Element" library="Selenium2Library">
<arg>${elemento}</arg>
<doc>Click the element identified by ``locator``.</doc>
<msg timestamp="20221006 15:04:16.456" level="INFO">Clicking element 'xpath=//button[normalize-space()="Ingresar"]'.</msg>
<status status="PASS" starttime="20221006 15:04:16.456" endtime="20221006 15:04:16.527"/>
</kw>
<status status="PASS" starttime="20221006 15:04:16.454" endtime="20221006 15:04:16.528"/>
</kw>
<kw name="-VALIDAR ELEMENTOS-" library="test_keywords">
<arg>${Home}</arg>
<for flavor="IN">
<var>${element}</var>
<value>@{a1}</value>
<iter>
<var name="${element}">boton_RM</var>
<kw name="Scroll Element Into View" library="Selenium2Library">
<arg>${a1['${element}']}</arg>
<doc>Scrolls the element identified by ``locator`` into view.</doc>
<status status="PASS" starttime="20221006 15:04:16.529" endtime="20221006 15:04:17.902"/>
</kw>
<kw name="Run Keyword And Continue On Failure" library="BuiltIn">
<arg>Wait Until Element is Visible</arg>
<arg>${a1['${element}']}</arg>
<doc>Runs the keyword and continues execution even if a failure occurs.</doc>
<kw name="Wait Until Element Is Visible" library="Selenium2Library">
<arg>${a1['${element}']}</arg>
<doc>Waits until the element ``locator`` is visible.</doc>
<status status="PASS" starttime="20221006 15:04:17.903" endtime="20221006 15:04:17.927"/>
</kw>
<status status="PASS" starttime="20221006 15:04:17.903" endtime="20221006 15:04:17.927"/>
</kw>
<kw name="Run Keyword And Continue On Failure" library="BuiltIn">
<arg>capture element screenshot</arg>
<arg>${a1['${element}']}</arg>
<doc>Runs the keyword and continues execution even if a failure occurs.</doc>
<kw name="Capture Element Screenshot" library="Selenium2Library">
<arg>${a1['${element}']}</arg>
<doc>Captures a screenshot from the element identified by ``locator`` and embeds it into log file.</doc>
<msg timestamp="20221006 15:04:17.988" level="INFO" html="true">&lt;/td&gt;&lt;/tr&gt;&lt;tr&gt;&lt;td colspan="3"&gt;&lt;a href="selenium-element-screenshot-125.png"&gt;&lt;img src="selenium-element-screenshot-125.png" width="400px"&gt;&lt;/a&gt;</msg>
<status status="PASS" starttime="20221006 15:04:17.928" endtime="20221006 15:04:17.988"/>
</kw>
<status status="PASS" starttime="20221006 15:04:17.927" endtime="20221006 15:04:17.988"/>
</kw>
<status status="PASS" starttime="20221006 15:04:16.529" endtime="20221006 15:04:17.988"/>
</iter>
<status status="PASS" starttime="20221006 15:04:16.528" endtime="20221006 15:04:17.988"/>
</for>
<status status="PASS" starttime="20221006 15:04:16.528" endtime="20221006 15:04:17.988"/>
</kw>
<kw name="-CLICK ELEMENTO-" library="test_keywords">
<arg>${Home['boton_RM']}</arg>
<kw name="Click Element" library="Selenium2Library">
<arg>${elemento}</arg>
<doc>Click the element identified by ``locator``.</doc>
<msg timestamp="20221006 15:04:17.991" level="INFO">Clicking element 'xpath=//a[@class="btn-manual primario"]'.</msg>
<status status="PASS" starttime="20221006 15:04:17.990" endtime="20221006 15:04:18.414"/>
</kw>
<status status="PASS" starttime="20221006 15:04:17.989" endtime="20221006 15:04:18.414"/>
</kw>
<kw name="-VALIDAR ELEMENTOS-" library="test_keywords">
<arg>${Sntms}</arg>
<for flavor="IN">
<var>${element}</var>
<value>@{a1}</value>
<iter>
<var name="${element}">input_oxim</var>
<kw name="Scroll Element Into View" library="Selenium2Library">
<arg>${a1['${element}']}</arg>
<doc>Scrolls the element identified by ``locator`` into view.</doc>
<status status="PASS" starttime="20221006 15:04:18.416" endtime="20221006 15:04:18.720"/>
</kw>
<kw name="Run Keyword And Continue On Failure" library="BuiltIn">
<arg>Wait Until Element is Visible</arg>
<arg>${a1['${element}']}</arg>
<doc>Runs the keyword and continues execution even if a failure occurs.</doc>
<kw name="Wait Until Element Is Visible" library="Selenium2Library">
<arg>${a1['${element}']}</arg>
<doc>Waits until the element ``locator`` is visible.</doc>
<status status="PASS" starttime="20221006 15:04:18.721" endtime="20221006 15:04:18.751"/>
</kw>
<status status="PASS" starttime="20221006 15:04:18.720" endtime="20221006 15:04:18.752"/>
</kw>
<kw name="Run Keyword And Continue On Failure" library="BuiltIn">
<arg>capture element screenshot</arg>
<arg>${a1['${element}']}</arg>
<doc>Runs the keyword and continues execution even if a failure occurs.</doc>
<kw name="Capture Element Screenshot" library="Selenium2Library">
<arg>${a1['${element}']}</arg>
<doc>Captures a screenshot from the element identified by ``locator`` and embeds it into log file.</doc>
<msg timestamp="20221006 15:04:18.841" level="INFO" html="true">&lt;/td&gt;&lt;/tr&gt;&lt;tr&gt;&lt;td colspan="3"&gt;&lt;a href="selenium-element-screenshot-126.png"&gt;&lt;img src="selenium-element-screenshot-126.png" width="400px"&gt;&lt;/a&gt;</msg>
<status status="PASS" starttime="20221006 15:04:18.752" endtime="20221006 15:04:18.841"/>
</kw>
<status status="PASS" starttime="20221006 15:04:18.752" endtime="20221006 15:04:18.841"/>
</kw>
<status status="PASS" starttime="20221006 15:04:18.416" endtime="20221006 15:04:18.842"/>
</iter>
<iter>
<var name="${element}">boton_Continue</var>
<kw name="Scroll Element Into View" library="Selenium2Library">
<arg>${a1['${element}']}</arg>
<doc>Scrolls the element identified by ``locator`` into view.</doc>
<status status="PASS" starttime="20221006 15:04:18.842" endtime="20221006 15:04:19.139"/>
</kw>
<kw name="Run Keyword And Continue On Failure" library="BuiltIn">
<arg>Wait Until Element is Visible</arg>
<arg>${a1['${element}']}</arg>
<doc>Runs the keyword and continues execution even if a failure occurs.</doc>
<kw name="Wait Until Element Is Visible" library="Selenium2Library">
<arg>${a1['${element}']}</arg>
<doc>Waits until the element ``locator`` is visible.</doc>
<status status="PASS" starttime="20221006 15:04:19.140" endtime="20221006 15:04:19.162"/>
</kw>
<status status="PASS" starttime="20221006 15:04:19.140" endtime="20221006 15:04:19.163"/>
</kw>
<kw name="Run Keyword And Continue On Failure" library="BuiltIn">
<arg>capture element screenshot</arg>
<arg>${a1['${element}']}</arg>
<doc>Runs the keyword and continues execution even if a failure occurs.</doc>
<kw name="Capture Element Screenshot" library="Selenium2Library">
<arg>${a1['${element}']}</arg>
<doc>Captures a screenshot from the element identified by ``locator`` and embeds it into log file.</doc>
<msg timestamp="20221006 15:04:19.240" level="INFO" html="true">&lt;/td&gt;&lt;/tr&gt;&lt;tr&gt;&lt;td colspan="3"&gt;&lt;a href="selenium-element-screenshot-127.png"&gt;&lt;img src="selenium-element-screenshot-127.png" width="400px"&gt;&lt;/a&gt;</msg>
<status status="PASS" starttime="20221006 15:04:19.163" endtime="20221006 15:04:19.240"/>
</kw>
<status status="PASS" starttime="20221006 15:04:19.163" endtime="20221006 15:04:19.240"/>
</kw>
<status status="PASS" starttime="20221006 15:04:18.842" endtime="20221006 15:04:19.240"/>
</iter>
<status status="PASS" starttime="20221006 15:04:18.416" endtime="20221006 15:04:19.240"/>
</for>
<status status="PASS" starttime="20221006 15:04:18.415" endtime="20221006 15:04:19.241"/>
</kw>
<kw name="- Ingresar Texto -" library="test_keywords">
<arg>${Sntms['input_oxim']}</arg>
<arg>${oxim}</arg>
<kw name="Sleep" library="BuiltIn">
<arg>3s</arg>
<doc>Pauses the test executed for the given time.</doc>
<msg timestamp="20221006 15:04:22.243" level="INFO">Slept 3 seconds</msg>
<status status="PASS" starttime="20221006 15:04:19.242" endtime="20221006 15:04:22.243"/>
</kw>
<kw name="Input Text" library="Selenium2Library">
<arg>${ubicador}</arg>
<arg>${text}</arg>
<doc>Types the given ``text`` into the text field identified by ``locator``.</doc>
<msg timestamp="20221006 15:04:22.245" level="INFO">Typing text '92' into text field 'xpath=//input[@id="idOximetry"]'.</msg>
<status status="PASS" starttime="20221006 15:04:22.244" endtime="20221006 15:04:22.347"/>
</kw>
<status status="PASS" starttime="20221006 15:04:19.241" endtime="20221006 15:04:22.348"/>
</kw>
<kw name="-CLICK ELEMENTO-" library="test_keywords">
<arg>${Sntms['boton_Continue']}</arg>
<kw name="Click Element" library="Selenium2Library">
<arg>${elemento}</arg>
<doc>Click the element identified by ``locator``.</doc>
<msg timestamp="20221006 15:04:22.350" level="INFO">Clicking element 'xpath=//button[@class="btn primario firstForm"]'.</msg>
<status status="PASS" starttime="20221006 15:04:22.350" endtime="20221006 15:04:22.430"/>
</kw>
<status status="PASS" starttime="20221006 15:04:22.348" endtime="20221006 15:04:22.430"/>
</kw>
<kw name="-VALIDAR ELEMENTOS-" library="test_keywords">
<arg>${EndPage}</arg>
<for flavor="IN">
<var>${element}</var>
<value>@{a1}</value>
<iter>
<var name="${element}">boton_Continue</var>
<kw name="Scroll Element Into View" library="Selenium2Library">
<arg>${a1['${element}']}</arg>
<doc>Scrolls the element identified by ``locator`` into view.</doc>
<status status="PASS" starttime="20221006 15:04:22.432" endtime="20221006 15:04:22.719"/>
</kw>
<kw name="Run Keyword And Continue On Failure" library="BuiltIn">
<arg>Wait Until Element is Visible</arg>
<arg>${a1['${element}']}</arg>
<doc>Runs the keyword and continues execution even if a failure occurs.</doc>
<kw name="Wait Until Element Is Visible" library="Selenium2Library">
<arg>${a1['${element}']}</arg>
<doc>Waits until the element ``locator`` is visible.</doc>
<status status="PASS" starttime="20221006 15:04:22.719" endtime="20221006 15:04:22.743"/>
</kw>
<status status="PASS" starttime="20221006 15:04:22.719" endtime="20221006 15:04:22.743"/>
</kw>
<kw name="Run Keyword And Continue On Failure" library="BuiltIn">
<arg>capture element screenshot</arg>
<arg>${a1['${element}']}</arg>
<doc>Runs the keyword and continues execution even if a failure occurs.</doc>
<kw name="Capture Element Screenshot" library="Selenium2Library">
<arg>${a1['${element}']}</arg>
<doc>Captures a screenshot from the element identified by ``locator`` and embeds it into log file.</doc>
<msg timestamp="20221006 15:04:22.806" level="INFO" html="true">&lt;/td&gt;&lt;/tr&gt;&lt;tr&gt;&lt;td colspan="3"&gt;&lt;a href="selenium-element-screenshot-128.png"&gt;&lt;img src="selenium-element-screenshot-128.png" width="400px"&gt;&lt;/a&gt;</msg>
<status status="PASS" starttime="20221006 15:04:22.744" endtime="20221006 15:04:22.807"/>
</kw>
<status status="PASS" starttime="20221006 15:04:22.743" endtime="20221006 15:04:22.807"/>
</kw>
<status status="PASS" starttime="20221006 15:04:22.431" endtime="20221006 15:04:22.807"/>
</iter>
<status status="PASS" starttime="20221006 15:04:22.431" endtime="20221006 15:04:22.807"/>
</for>
<status status="PASS" starttime="20221006 15:04:22.430" endtime="20221006 15:04:22.807"/>
</kw>
<kw name="Select From List By Index" library="Selenium2Library">
<arg>whyIsolation</arg>
<arg>3</arg>
<doc>Selects options from selection list ``locator`` by ``indexes``.</doc>
<msg timestamp="20221006 15:04:22.808" level="INFO">Selecting options from selection list 'whyIsolation' by index 3.</msg>
<status status="PASS" starttime="20221006 15:04:22.807" endtime="20221006 15:04:22.938"/>
</kw>
<kw name="-CLICK ELEMENTO-" library="test_keywords">
<arg>${EndPage['boton_Continue']}</arg>
<kw name="Click Element" library="Selenium2Library">
<arg>${elemento}</arg>
<doc>Click the element identified by ``locator``.</doc>
<msg timestamp="20221006 15:04:22.940" level="INFO">Clicking element 'xpath=//button[@class="btn primario lastForm"]'.</msg>
<status status="PASS" starttime="20221006 15:04:22.940" endtime="20221006 15:04:22.999"/>
</kw>
<status status="PASS" starttime="20221006 15:04:22.938" endtime="20221006 15:04:23.000"/>
</kw>
<kw name="Sleep" library="BuiltIn">
<arg>3s</arg>
<doc>Pauses the test executed for the given time.</doc>
<msg timestamp="20221006 15:04:26.001" level="INFO">Slept 3 seconds</msg>
<status status="PASS" starttime="20221006 15:04:23.000" endtime="20221006 15:04:26.001"/>
</kw>
<kw name="-CERRAR TODOS LOS NAVEGADORES-" library="test_keywords">
<kw name="Close All Browsers" library="Selenium2Library">
<doc>Closes all open browsers and resets the browser cache.</doc>
<status status="PASS" starttime="20221006 15:04:26.002" endtime="20221006 15:04:26.063"/>
</kw>
<status status="PASS" starttime="20221006 15:04:26.002" endtime="20221006 15:04:26.063"/>
</kw>
<kw name="-TERMINAR CONFIGURACIÓN TESTCASE-" library="test_keywords" type="TEARDOWN">
<kw name="Close All Browsers" library="Selenium2Library">
<doc>Closes all open browsers and resets the browser cache.</doc>
<status status="PASS" starttime="20221006 15:04:26.064" endtime="20221006 15:04:26.065"/>
</kw>
<status status="PASS" starttime="20221006 15:04:26.063" endtime="20221006 15:04:26.065"/>
</kw>
<status status="PASS" starttime="20221006 15:04:05.496" endtime="20221006 15:04:26.065"/>
</test>
<doc>registro automatico de fcs</doc>
<status status="PASS" starttime="20221006 15:03:44.380" endtime="20221006 15:04:26.067"/>
</suite>
<statistics>
<total>
<stat pass="2" fail="0" skip="0">All Tests</stat>
</total>
<tag>
</tag>
<suite>
<stat pass="2" fail="0" skip="0" id="s1" name="regFcs">regFcs</stat>
</suite>
</statistics>
<errors>
</errors>
</robot>
